[0.696s] Invoking command in '/home/ubuntu/ros2_ws/build/bluespace_ai_xsens_mti_driver': CMAKE_PREFIX_PATH=${CMAKE_PREFIX_PATH}:/opt/ros/foxy /home/ubuntu/.local/bin/cmake --build /home/ubuntu/ros2_ws/build/bluespace_ai_xsens_mti_driver -- -j4 -l4
[0.783s] [ 25%] [32mBuilding CXX object CMakeFiles/xsens_mti_node.dir/src/xdainterface.cpp.o[0m
[5.057s] In file included from [01m[K/home/ubuntu/ros2_ws/src/bluespace_ai_xsens_ros_mti_driver/src/xdainterface.cpp:87[m[K:
[5.058s] [01m[K/home/ubuntu/ros2_ws/src/bluespace_ai_xsens_ros_mti_driver/src/messagepublishers/imu_cam_publisher.h:[m[K In member function ‘[01m[Kvoid CamImuPublisher::synchronize_data(const rclcpp::Time&)[m[K’:
[5.059s] [01m[K/home/ubuntu/ros2_ws/src/bluespace_ai_xsens_ros_mti_driver/src/messagepublishers/imu_cam_publisher.h:59:38:[m[K [01;31m[Kerror: [m[Kno match for ‘[01m[Koperator<=[m[K’ (operand types are ‘[01m[Kstd_msgs::msg::Header_<std::allocator<void> >::_stamp_type[m[K’ {aka ‘[01m[Kbuiltin_interfaces::msg::Time_<std::allocator<void> >[m[K’} and ‘[01m[Kconst rclcpp::Time[m[K’)
[5.060s]    59 |             if ([32m[Kimg_msg.header.stamp[m[K [01;31m[K<=[m[K [34m[Kimu_timestamp[m[K) {
[5.060s]       |                 [32m[K~~~~~~~~~~~~~~~~~~~~[m[K [01;31m[K^~[m[K [34m[K~~~~~~~~~~~~~[m[K
[5.061s]       |                                [32m[K|[m[K        [34m[K|[m[K
[5.061s]       |                                [32m[K|[m[K        [34m[Kconst rclcpp::Time[m[K
[5.061s]       |                                [32m[Kstd_msgs::msg::Header_<std::allocator<void> >::_stamp_type {aka builtin_interfaces::msg::Time_<std::allocator<void> >}[m[K
[5.062s] In file included from [01m[K/usr/include/c++/9/bits/stl_algobase.h:64[m[K,
[5.063s]                  from [01m[K/usr/include/c++/9/memory:62[m[K,
[5.063s]                  from [01m[K/opt/ros/foxy/include/rclcpp/rclcpp.hpp:144[m[K,
[5.063s]                  from [01m[K/home/ubuntu/ros2_ws/src/bluespace_ai_xsens_ros_mti_driver/src/xdainterface.h:65[m[K,
[5.063s]                  from [01m[K/home/ubuntu/ros2_ws/src/bluespace_ai_xsens_ros_mti_driver/src/xdainterface.cpp:62[m[K:
[5.063s] [01m[K/usr/include/c++/9/bits/stl_pair.h:473:5:[m[K [01;36m[Knote: [m[Kcandidate: ‘[01m[Ktemplate<class _T1, class _T2> constexpr bool std::operator<=(const std::pair<_T1, _T2>&, const std::pair<_T1, _T2>&)[m[K’
[5.063s]   473 |     [01;36m[Koperator[m[K<=(const pair<_T1, _T2>& __x, const pair<_T1, _T2>& __y)
[5.063s]       |     [01;36m[K^~~~~~~~[m[K
[5.064s] [01m[K/usr/include/c++/9/bits/stl_pair.h:473:5:[m[K [01;36m[Knote: [m[K  template argument deduction/substitution failed:
[5.064s] In file included from [01m[K/home/ubuntu/ros2_ws/src/bluespace_ai_xsens_ros_mti_driver/src/xdainterface.cpp:87[m[K:
[5.064s] [01m[K/home/ubuntu/ros2_ws/src/bluespace_ai_xsens_ros_mti_driver/src/messagepublishers/imu_cam_publisher.h:59:41:[m[K [01;36m[Knote: [m[K  ‘[01m[Kstd_msgs::msg::Header_<std::allocator<void> >::_stamp_type[m[K’ {aka ‘[01m[Kbuiltin_interfaces::msg::Time_<std::allocator<void> >[m[K’} is not derived from ‘[01m[Kconst std::pair<_T1, _T2>[m[K’
[5.064s]    59 |             if (img_msg.header.stamp <= [01;36m[Kimu_timestamp[m[K) {
[5.064s]       |                                         [01;36m[K^~~~~~~~~~~~~[m[K
[5.064s] In file included from [01m[K/usr/include/c++/9/bits/stl_algobase.h:67[m[K,
[5.064s]                  from [01m[K/usr/include/c++/9/memory:62[m[K,
[5.065s]                  from [01m[K/opt/ros/foxy/include/rclcpp/rclcpp.hpp:144[m[K,
[5.065s]                  from [01m[K/home/ubuntu/ros2_ws/src/bluespace_ai_xsens_ros_mti_driver/src/xdainterface.h:65[m[K,
[5.065s]                  from [01m[K/home/ubuntu/ros2_ws/src/bluespace_ai_xsens_ros_mti_driver/src/xdainterface.cpp:62[m[K:
[5.065s] [01m[K/usr/include/c++/9/bits/stl_iterator.h:349:5:[m[K [01;36m[Knote: [m[Kcandidate: ‘[01m[Ktemplate<class _Iterator> bool std::operator<=(const std::reverse_iterator<_Iterator>&, const std::reverse_iterator<_Iterator>&)[m[K’
[5.065s]   349 |     [01;36m[Koperator[m[K<=(const reverse_iterator<_Iterator>& __x,
[5.065s]       |     [01;36m[K^~~~~~~~[m[K
[5.065s] [01m[K/usr/include/c++/9/bits/stl_iterator.h:349:5:[m[K [01;36m[Knote: [m[K  template argument deduction/substitution failed:
[5.066s] In file included from [01m[K/home/ubuntu/ros2_ws/src/bluespace_ai_xsens_ros_mti_driver/src/xdainterface.cpp:87[m[K:
[5.066s] [01m[K/home/ubuntu/ros2_ws/src/bluespace_ai_xsens_ros_mti_driver/src/messagepublishers/imu_cam_publisher.h:59:41:[m[K [01;36m[Knote: [m[K  ‘[01m[Kstd_msgs::msg::Header_<std::allocator<void> >::_stamp_type[m[K’ {aka ‘[01m[Kbuiltin_interfaces::msg::Time_<std::allocator<void> >[m[K’} is not derived from ‘[01m[Kconst std::reverse_iterator<_Iterator>[m[K’
[5.066s]    59 |             if (img_msg.header.stamp <= [01;36m[Kimu_timestamp[m[K) {
[5.066s]       |                                         [01;36m[K^~~~~~~~~~~~~[m[K
[5.066s] In file included from [01m[K/usr/include/c++/9/bits/stl_algobase.h:67[m[K,
[5.066s]                  from [01m[K/usr/include/c++/9/memory:62[m[K,
[5.066s]                  from [01m[K/opt/ros/foxy/include/rclcpp/rclcpp.hpp:144[m[K,
[5.067s]                  from [01m[K/home/ubuntu/ros2_ws/src/bluespace_ai_xsens_ros_mti_driver/src/xdainterface.h:65[m[K,
[5.067s]                  from [01m[K/home/ubuntu/ros2_ws/src/bluespace_ai_xsens_ros_mti_driver/src/xdainterface.cpp:62[m[K:
[5.067s] [01m[K/usr/include/c++/9/bits/stl_iterator.h:387:5:[m[K [01;36m[Knote: [m[Kcandidate: ‘[01m[Ktemplate<class _IteratorL, class _IteratorR> bool std::operator<=(const std::reverse_iterator<_Iterator>&, const std::reverse_iterator<_IteratorR>&)[m[K’
[5.067s]   387 |     [01;36m[Koperator[m[K<=(const reverse_iterator<_IteratorL>& __x,
[5.067s]       |     [01;36m[K^~~~~~~~[m[K
[5.067s] [01m[K/usr/include/c++/9/bits/stl_iterator.h:387:5:[m[K [01;36m[Knote: [m[K  template argument deduction/substitution failed:
[5.067s] In file included from [01m[K/home/ubuntu/ros2_ws/src/bluespace_ai_xsens_ros_mti_driver/src/xdainterface.cpp:87[m[K:
[5.068s] [01m[K/home/ubuntu/ros2_ws/src/bluespace_ai_xsens_ros_mti_driver/src/messagepublishers/imu_cam_publisher.h:59:41:[m[K [01;36m[Knote: [m[K  ‘[01m[Kstd_msgs::msg::Header_<std::allocator<void> >::_stamp_type[m[K’ {aka ‘[01m[Kbuiltin_interfaces::msg::Time_<std::allocator<void> >[m[K’} is not derived from ‘[01m[Kconst std::reverse_iterator<_Iterator>[m[K’
[5.068s]    59 |             if (img_msg.header.stamp <= [01;36m[Kimu_timestamp[m[K) {
[5.068s]       |                                         [01;36m[K^~~~~~~~~~~~~[m[K
[5.068s] In file included from [01m[K/usr/include/c++/9/bits/stl_algobase.h:67[m[K,
[5.068s]                  from [01m[K/usr/include/c++/9/memory:62[m[K,
[5.071s]                  from [01m[K/opt/ros/foxy/include/rclcpp/rclcpp.hpp:144[m[K,
[5.071s]                  from [01m[K/home/ubuntu/ros2_ws/src/bluespace_ai_xsens_ros_mti_driver/src/xdainterface.h:65[m[K,
[5.072s]                  from [01m[K/home/ubuntu/ros2_ws/src/bluespace_ai_xsens_ros_mti_driver/src/xdainterface.cpp:62[m[K:
[5.072s] [01m[K/usr/include/c++/9/bits/stl_iterator.h:1172:5:[m[K [01;36m[Knote: [m[Kcandidate: ‘[01m[Ktemplate<class _IteratorL, class _IteratorR> bool std::operator<=(const std::move_iterator<_IteratorL>&, const std::move_iterator<_IteratorR>&)[m[K’
[5.072s]  1172 |     [01;36m[Koperator[m[K<=(const move_iterator<_IteratorL>& __x,
[5.072s]       |     [01;36m[K^~~~~~~~[m[K
[5.072s] [01m[K/usr/include/c++/9/bits/stl_iterator.h:1172:5:[m[K [01;36m[Knote: [m[K  template argument deduction/substitution failed:
[5.072s] In file included from [01m[K/home/ubuntu/ros2_ws/src/bluespace_ai_xsens_ros_mti_driver/src/xdainterface.cpp:87[m[K:
[5.073s] [01m[K/home/ubuntu/ros2_ws/src/bluespace_ai_xsens_ros_mti_driver/src/messagepublishers/imu_cam_publisher.h:59:41:[m[K [01;36m[Knote: [m[K  ‘[01m[Kstd_msgs::msg::Header_<std::allocator<void> >::_stamp_type[m[K’ {aka ‘[01m[Kbuiltin_interfaces::msg::Time_<std::allocator<void> >[m[K’} is not derived from ‘[01m[Kconst std::move_iterator<_IteratorL>[m[K’
[5.073s]    59 |             if (img_msg.header.stamp <= [01;36m[Kimu_timestamp[m[K) {
[5.073s]       |                                         [01;36m[K^~~~~~~~~~~~~[m[K
[5.073s] In file included from [01m[K/usr/include/c++/9/bits/stl_algobase.h:67[m[K,
[5.073s]                  from [01m[K/usr/include/c++/9/memory:62[m[K,
[5.073s]                  from [01m[K/opt/ros/foxy/include/rclcpp/rclcpp.hpp:144[m[K,
[5.073s]                  from [01m[K/home/ubuntu/ros2_ws/src/bluespace_ai_xsens_ros_mti_driver/src/xdainterface.h:65[m[K,
[5.074s]                  from [01m[K/home/ubuntu/ros2_ws/src/bluespace_ai_xsens_ros_mti_driver/src/xdainterface.cpp:62[m[K:
[5.074s] [01m[K/usr/include/c++/9/bits/stl_iterator.h:1178:5:[m[K [01;36m[Knote: [m[Kcandidate: ‘[01m[Ktemplate<class _Iterator> bool std::operator<=(const std::move_iterator<_IteratorL>&, const std::move_iterator<_IteratorL>&)[m[K’
[5.074s]  1178 |     [01;36m[Koperator[m[K<=(const move_iterator<_Iterator>& __x,
[5.074s]       |     [01;36m[K^~~~~~~~[m[K
[5.074s] [01m[K/usr/include/c++/9/bits/stl_iterator.h:1178:5:[m[K [01;36m[Knote: [m[K  template argument deduction/substitution failed:
[5.074s] In file included from [01m[K/home/ubuntu/ros2_ws/src/bluespace_ai_xsens_ros_mti_driver/src/xdainterface.cpp:87[m[K:
[5.074s] [01m[K/home/ubuntu/ros2_ws/src/bluespace_ai_xsens_ros_mti_driver/src/messagepublishers/imu_cam_publisher.h:59:41:[m[K [01;36m[Knote: [m[K  ‘[01m[Kstd_msgs::msg::Header_<std::allocator<void> >::_stamp_type[m[K’ {aka ‘[01m[Kbuiltin_interfaces::msg::Time_<std::allocator<void> >[m[K’} is not derived from ‘[01m[Kconst std::move_iterator<_IteratorL>[m[K’
[5.075s]    59 |             if (img_msg.header.stamp <= [01;36m[Kimu_timestamp[m[K) {
[5.075s]       |                                         [01;36m[K^~~~~~~~~~~~~[m[K
[5.075s] In file included from [01m[K/usr/include/c++/9/string:55[m[K,
[5.075s]                  from [01m[K/usr/include/c++/9/stdexcept:39[m[K,
[5.075s]                  from [01m[K/usr/include/c++/9/array:39[m[K,
[5.075s]                  from [01m[K/usr/include/c++/9/tuple:39[m[K,
[5.075s]                  from [01m[K/usr/include/c++/9/bits/unique_ptr.h:37[m[K,
[5.076s]                  from [01m[K/usr/include/c++/9/memory:80[m[K,
[5.076s]                  from [01m[K/opt/ros/foxy/include/rclcpp/rclcpp.hpp:144[m[K,
[5.076s]                  from [01m[K/home/ubuntu/ros2_ws/src/bluespace_ai_xsens_ros_mti_driver/src/xdainterface.h:65[m[K,
[5.076s]                  from [01m[K/home/ubuntu/ros2_ws/src/bluespace_ai_xsens_ros_mti_driver/src/xdainterface.cpp:62[m[K:
[5.076s] [01m[K/usr/include/c++/9/bits/basic_string.h:6305:5:[m[K [01;36m[Knote: [m[Kcandidate: ‘[01m[Ktemplate<class _CharT, class _Traits, class _Alloc> bool std::operator<=(const std::__cxx11::basic_string<_CharT, _Traits, _Alloc>&, const std::__cxx11::basic_string<_CharT, _Traits, _Alloc>&)[m[K’
[5.076s]  6305 |     [01;36m[Koperator[m[K<=(const basic_string<_CharT, _Traits, _Alloc>& __lhs,
[5.076s]       |     [01;36m[K^~~~~~~~[m[K
[5.077s] [01m[K/usr/include/c++/9/bits/basic_string.h:6305:5:[m[K [01;36m[Knote: [m[K  template argument deduction/substitution failed:
[5.077s] In file included from [01m[K/home/ubuntu/ros2_ws/src/bluespace_ai_xsens_ros_mti_driver/src/xdainterface.cpp:87[m[K:
[5.077s] [01m[K/home/ubuntu/ros2_ws/src/bluespace_ai_xsens_ros_mti_driver/src/messagepublishers/imu_cam_publisher.h:59:41:[m[K [01;36m[Knote: [m[K  ‘[01m[Kstd_msgs::msg::Header_<std::allocator<void> >::_stamp_type[m[K’ {aka ‘[01m[Kbuiltin_interfaces::msg::Time_<std::allocator<void> >[m[K’} is not derived from ‘[01m[Kconst std::__cxx11::basic_string<_CharT, _Traits, _Alloc>[m[K’
[5.077s]    59 |             if (img_msg.header.stamp <= [01;36m[Kimu_timestamp[m[K) {
[5.077s]       |                                         [01;36m[K^~~~~~~~~~~~~[m[K
[5.077s] In file included from [01m[K/usr/include/c++/9/string:55[m[K,
[5.077s]                  from [01m[K/usr/include/c++/9/stdexcept:39[m[K,
[5.078s]                  from [01m[K/usr/include/c++/9/array:39[m[K,
[5.078s]                  from [01m[K/usr/include/c++/9/tuple:39[m[K,
[5.078s]                  from [01m[K/usr/include/c++/9/bits/unique_ptr.h:37[m[K,
[5.078s]                  from [01m[K/usr/include/c++/9/memory:80[m[K,
[5.078s]                  from [01m[K/opt/ros/foxy/include/rclcpp/rclcpp.hpp:144[m[K,
[5.078s]                  from [01m[K/home/ubuntu/ros2_ws/src/bluespace_ai_xsens_ros_mti_driver/src/xdainterface.h:65[m[K,
[5.078s]                  from [01m[K/home/ubuntu/ros2_ws/src/bluespace_ai_xsens_ros_mti_driver/src/xdainterface.cpp:62[m[K:
[5.079s] [01m[K/usr/include/c++/9/bits/basic_string.h:6318:5:[m[K [01;36m[Knote: [m[Kcandidate: ‘[01m[Ktemplate<class _CharT, class _Traits, class _Alloc> bool std::operator<=(const std::__cxx11::basic_string<_CharT, _Traits, _Alloc>&, const _CharT*)[m[K’
[5.079s]  6318 |     [01;36m[Koperator[m[K<=(const basic_string<_CharT, _Traits, _Alloc>& __lhs,
[5.079s]       |     [01;36m[K^~~~~~~~[m[K
[5.079s] [01m[K/usr/include/c++/9/bits/basic_string.h:6318:5:[m[K [01;36m[Knote: [m[K  template argument deduction/substitution failed:
[5.079s] In file included from [01m[K/home/ubuntu/ros2_ws/src/bluespace_ai_xsens_ros_mti_driver/src/xdainterface.cpp:87[m[K:
[5.079s] [01m[K/home/ubuntu/ros2_ws/src/bluespace_ai_xsens_ros_mti_driver/src/messagepublishers/imu_cam_publisher.h:59:41:[m[K [01;36m[Knote: [m[K  ‘[01m[Kstd_msgs::msg::Header_<std::allocator<void> >::_stamp_type[m[K’ {aka ‘[01m[Kbuiltin_interfaces::msg::Time_<std::allocator<void> >[m[K’} is not derived from ‘[01m[Kconst std::__cxx11::basic_string<_CharT, _Traits, _Alloc>[m[K’
[5.079s]    59 |             if (img_msg.header.stamp <= [01;36m[Kimu_timestamp[m[K) {
[5.079s]       |                                         [01;36m[K^~~~~~~~~~~~~[m[K
[5.080s] In file included from [01m[K/usr/include/c++/9/string:55[m[K,
[5.080s]                  from [01m[K/usr/include/c++/9/stdexcept:39[m[K,
[5.080s]                  from [01m[K/usr/include/c++/9/array:39[m[K,
[5.080s]                  from [01m[K/usr/include/c++/9/tuple:39[m[K,
[5.080s]                  from [01m[K/usr/include/c++/9/bits/unique_ptr.h:37[m[K,
[5.081s]                  from [01m[K/usr/include/c++/9/memory:80[m[K,
[5.082s]                  from [01m[K/opt/ros/foxy/include/rclcpp/rclcpp.hpp:144[m[K,
[5.082s]                  from [01m[K/home/ubuntu/ros2_ws/src/bluespace_ai_xsens_ros_mti_driver/src/xdainterface.h:65[m[K,
[5.082s]                  from [01m[K/home/ubuntu/ros2_ws/src/bluespace_ai_xsens_ros_mti_driver/src/xdainterface.cpp:62[m[K:
[5.083s] [01m[K/usr/include/c++/9/bits/basic_string.h:6330:5:[m[K [01;36m[Knote: [m[Kcandidate: ‘[01m[Ktemplate<class _CharT, class _Traits, class _Alloc> bool std::operator<=(const _CharT*, const std::__cxx11::basic_string<_CharT, _Traits, _Alloc>&)[m[K’
[5.083s]  6330 |     [01;36m[Koperator[m[K<=(const _CharT* __lhs,
[5.083s]       |     [01;36m[K^~~~~~~~[m[K
[5.083s] [01m[K/usr/include/c++/9/bits/basic_string.h:6330:5:[m[K [01;36m[Knote: [m[K  template argument deduction/substitution failed:
[5.083s] In file included from [01m[K/home/ubuntu/ros2_ws/src/bluespace_ai_xsens_ros_mti_driver/src/xdainterface.cpp:87[m[K:
[5.083s] [01m[K/home/ubuntu/ros2_ws/src/bluespace_ai_xsens_ros_mti_driver/src/messagepublishers/imu_cam_publisher.h:59:41:[m[K [01;36m[Knote: [m[K  mismatched types ‘[01m[Kconst _CharT*[m[K’ and ‘[01m[Kbuiltin_interfaces::msg::Time_<std::allocator<void> >[m[K’
[5.084s]    59 |             if (img_msg.header.stamp <= [01;36m[Kimu_timestamp[m[K) {
[5.084s]       |                                         [01;36m[K^~~~~~~~~~~~~[m[K
[5.084s] In file included from [01m[K/usr/include/c++/9/tuple:39[m[K,
[5.084s]                  from [01m[K/usr/include/c++/9/bits/unique_ptr.h:37[m[K,
[5.084s]                  from [01m[K/usr/include/c++/9/memory:80[m[K,
[5.084s]                  from [01m[K/opt/ros/foxy/include/rclcpp/rclcpp.hpp:144[m[K,
[5.084s]                  from [01m[K/home/ubuntu/ros2_ws/src/bluespace_ai_xsens_ros_mti_driver/src/xdainterface.h:65[m[K,
[5.085s]                  from [01m[K/home/ubuntu/ros2_ws/src/bluespace_ai_xsens_ros_mti_driver/src/xdainterface.cpp:62[m[K:
[5.085s] [01m[K/usr/include/c++/9/array:275:5:[m[K [01;36m[Knote: [m[Kcandidate: ‘[01m[Ktemplate<class _Tp, long unsigned int _Nm> bool std::operator<=(const std::array<_Tp, _Nm>&, const std::array<_Tp, _Nm>&)[m[K’
[5.085s]   275 |     [01;36m[Koperator[m[K<=(const array<_Tp, _Nm>& __one, const array<_Tp, _Nm>& __two)
[5.085s]       |     [01;36m[K^~~~~~~~[m[K
[5.085s] [01m[K/usr/include/c++/9/array:275:5:[m[K [01;36m[Knote: [m[K  template argument deduction/substitution failed:
[5.085s] In file included from [01m[K/home/ubuntu/ros2_ws/src/bluespace_ai_xsens_ros_mti_driver/src/xdainterface.cpp:87[m[K:
[5.085s] [01m[K/home/ubuntu/ros2_ws/src/bluespace_ai_xsens_ros_mti_driver/src/messagepublishers/imu_cam_publisher.h:59:41:[m[K [01;36m[Knote: [m[K  ‘[01m[Kstd_msgs::msg::Header_<std::allocator<void> >::_stamp_type[m[K’ {aka ‘[01m[Kbuiltin_interfaces::msg::Time_<std::allocator<void> >[m[K’} is not derived from ‘[01m[Kconst std::array<_Tp, _Nm>[m[K’
[5.086s]    59 |             if (img_msg.header.stamp <= [01;36m[Kimu_timestamp[m[K) {
[5.086s]       |                                         [01;36m[K^~~~~~~~~~~~~[m[K
[5.086s] In file included from [01m[K/usr/include/c++/9/bits/unique_ptr.h:37[m[K,
[5.086s]                  from [01m[K/usr/include/c++/9/memory:80[m[K,
[5.086s]                  from [01m[K/opt/ros/foxy/include/rclcpp/rclcpp.hpp:144[m[K,
[5.086s]                  from [01m[K/home/ubuntu/ros2_ws/src/bluespace_ai_xsens_ros_mti_driver/src/xdainterface.h:65[m[K,
[5.086s]                  from [01m[K/home/ubuntu/ros2_ws/src/bluespace_ai_xsens_ros_mti_driver/src/xdainterface.cpp:62[m[K:
[5.087s] [01m[K/usr/include/c++/9/tuple:1457:5:[m[K [01;36m[Knote: [m[Kcandidate: ‘[01m[Ktemplate<class ... _TElements, class ... _UElements> constexpr bool std::operator<=(const std::tuple<_Tps ...>&, const std::tuple<_Elements ...>&)[m[K’
[5.087s]  1457 |     [01;36m[Koperator[m[K<=(const tuple<_TElements...>& __t,
[5.087s]       |     [01;36m[K^~~~~~~~[m[K
[5.087s] [01m[K/usr/include/c++/9/tuple:1457:5:[m[K [01;36m[Knote: [m[K  template argument deduction/substitution failed:
[5.087s] In file included from [01m[K/home/ubuntu/ros2_ws/src/bluespace_ai_xsens_ros_mti_driver/src/xdainterface.cpp:87[m[K:
[5.087s] [01m[K/home/ubuntu/ros2_ws/src/bluespace_ai_xsens_ros_mti_driver/src/messagepublishers/imu_cam_publisher.h:59:41:[m[K [01;36m[Knote: [m[K  ‘[01m[Kstd_msgs::msg::Header_<std::allocator<void> >::_stamp_type[m[K’ {aka ‘[01m[Kbuiltin_interfaces::msg::Time_<std::allocator<void> >[m[K’} is not derived from ‘[01m[Kconst std::tuple<_Tps ...>[m[K’
[5.087s]    59 |             if (img_msg.header.stamp <= [01;36m[Kimu_timestamp[m[K) {
[5.088s]       |                                         [01;36m[K^~~~~~~~~~~~~[m[K
[5.088s] In file included from [01m[K/usr/include/c++/9/memory:80[m[K,
[5.088s]                  from [01m[K/opt/ros/foxy/include/rclcpp/rclcpp.hpp:144[m[K,
[5.088s]                  from [01m[K/home/ubuntu/ros2_ws/src/bluespace_ai_xsens_ros_mti_driver/src/xdainterface.h:65[m[K,
[5.088s]                  from [01m[K/home/ubuntu/ros2_ws/src/bluespace_ai_xsens_ros_mti_driver/src/xdainterface.cpp:62[m[K:
[5.088s] [01m[K/usr/include/c++/9/bits/unique_ptr.h:773:5:[m[K [01;36m[Knote: [m[Kcandidate: ‘[01m[Ktemplate<class _Tp, class _Dp, class _Up, class _Ep> bool std::operator<=(const std::unique_ptr<_Tp, _Dp>&, const std::unique_ptr<_Up, _Ep>&)[m[K’
[5.088s]   773 |     [01;36m[Koperator[m[K<=(const unique_ptr<_Tp, _Dp>& __x,
[5.089s]       |     [01;36m[K^~~~~~~~[m[K
[5.089s] [01m[K/usr/include/c++/9/bits/unique_ptr.h:773:5:[m[K [01;36m[Knote: [m[K  template argument deduction/substitution failed:
[5.089s] In file included from [01m[K/home/ubuntu/ros2_ws/src/bluespace_ai_xsens_ros_mti_driver/src/xdainterface.cpp:87[m[K:
[5.089s] [01m[K/home/ubuntu/ros2_ws/src/bluespace_ai_xsens_ros_mti_driver/src/messagepublishers/imu_cam_publisher.h:59:41:[m[K [01;36m[Knote: [m[K  ‘[01m[Kstd_msgs::msg::Header_<std::allocator<void> >::_stamp_type[m[K’ {aka ‘[01m[Kbuiltin_interfaces::msg::Time_<std::allocator<void> >[m[K’} is not derived from ‘[01m[Kconst std::unique_ptr<_Tp, _Dp>[m[K’
[5.089s]    59 |             if (img_msg.header.stamp <= [01;36m[Kimu_timestamp[m[K) {
[5.089s]       |                                         [01;36m[K^~~~~~~~~~~~~[m[K
[5.089s] In file included from [01m[K/usr/include/c++/9/memory:80[m[K,
[5.090s]                  from [01m[K/opt/ros/foxy/include/rclcpp/rclcpp.hpp:144[m[K,
[5.090s]                  from [01m[K/home/ubuntu/ros2_ws/src/bluespace_ai_xsens_ros_mti_driver/src/xdainterface.h:65[m[K,
[5.090s]                  from [01m[K/home/ubuntu/ros2_ws/src/bluespace_ai_xsens_ros_mti_driver/src/xdainterface.cpp:62[m[K:
[5.090s] [01m[K/usr/include/c++/9/bits/unique_ptr.h:779:5:[m[K [01;36m[Knote: [m[Kcandidate: ‘[01m[Ktemplate<class _Tp, class _Dp> bool std::operator<=(const std::unique_ptr<_Tp, _Dp>&, std::nullptr_t)[m[K’
[5.090s]   779 |     [01;36m[Koperator[m[K<=(const unique_ptr<_Tp, _Dp>& __x, nullptr_t)
[5.090s]       |     [01;36m[K^~~~~~~~[m[K
[5.090s] [01m[K/usr/include/c++/9/bits/unique_ptr.h:779:5:[m[K [01;36m[Knote: [m[K  template argument deduction/substitution failed:
[5.091s] In file included from [01m[K/home/ubuntu/ros2_ws/src/bluespace_ai_xsens_ros_mti_driver/src/xdainterface.cpp:87[m[K:
[5.091s] [01m[K/home/ubuntu/ros2_ws/src/bluespace_ai_xsens_ros_mti_driver/src/messagepublishers/imu_cam_publisher.h:59:41:[m[K [01;36m[Knote: [m[K  ‘[01m[Kstd_msgs::msg::Header_<std::allocator<void> >::_stamp_type[m[K’ {aka ‘[01m[Kbuiltin_interfaces::msg::Time_<std::allocator<void> >[m[K’} is not derived from ‘[01m[Kconst std::unique_ptr<_Tp, _Dp>[m[K’
[5.091s]    59 |             if (img_msg.header.stamp <= [01;36m[Kimu_timestamp[m[K) {
[5.091s]       |                                         [01;36m[K^~~~~~~~~~~~~[m[K
[5.091s] In file included from [01m[K/usr/include/c++/9/memory:80[m[K,
[5.091s]                  from [01m[K/opt/ros/foxy/include/rclcpp/rclcpp.hpp:144[m[K,
[5.091s]                  from [01m[K/home/ubuntu/ros2_ws/src/bluespace_ai_xsens_ros_mti_driver/src/xdainterface.h:65[m[K,
[5.092s]                  from [01m[K/home/ubuntu/ros2_ws/src/bluespace_ai_xsens_ros_mti_driver/src/xdainterface.cpp:62[m[K:
[5.092s] [01m[K/usr/include/c++/9/bits/unique_ptr.h:784:5:[m[K [01;36m[Knote: [m[Kcandidate: ‘[01m[Ktemplate<class _Tp, class _Dp> bool std::operator<=(std::nullptr_t, const std::unique_ptr<_Tp, _Dp>&)[m[K’
[5.092s]   784 |     [01;36m[Koperator[m[K<=(nullptr_t, const unique_ptr<_Tp, _Dp>& __x)
[5.092s]       |     [01;36m[K^~~~~~~~[m[K
[5.092s] [01m[K/usr/include/c++/9/bits/unique_ptr.h:784:5:[m[K [01;36m[Knote: [m[K  template argument deduction/substitution failed:
[5.092s] In file included from [01m[K/home/ubuntu/ros2_ws/src/bluespace_ai_xsens_ros_mti_driver/src/xdainterface.cpp:87[m[K:
[5.092s] [01m[K/home/ubuntu/ros2_ws/src/bluespace_ai_xsens_ros_mti_driver/src/messagepublishers/imu_cam_publisher.h:59:41:[m[K [01;36m[Knote: [m[K  ‘[01m[Kconst rclcpp::Time[m[K’ is not derived from ‘[01m[Kconst std::unique_ptr<_Tp, _Dp>[m[K’
[5.093s]    59 |             if (img_msg.header.stamp <= [01;36m[Kimu_timestamp[m[K) {
[5.093s]       |                                         [01;36m[K^~~~~~~~~~~~~[m[K
[5.093s] In file included from [01m[K/usr/include/c++/9/bits/shared_ptr.h:52[m[K,
[5.093s]                  from [01m[K/usr/include/c++/9/memory:81[m[K,
[5.093s]                  from [01m[K/opt/ros/foxy/include/rclcpp/rclcpp.hpp:144[m[K,
[5.093s]                  from [01m[K/home/ubuntu/ros2_ws/src/bluespace_ai_xsens_ros_mti_driver/src/xdainterface.h:65[m[K,
[5.093s]                  from [01m[K/home/ubuntu/ros2_ws/src/bluespace_ai_xsens_ros_mti_driver/src/xdainterface.cpp:62[m[K:
[5.094s] [01m[K/usr/include/c++/9/bits/shared_ptr_base.h:1471:5:[m[K [01;36m[Knote: [m[Kcandidate: ‘[01m[Ktemplate<class _Tp1, class _Tp2, __gnu_cxx::_Lock_policy _Lp> bool std::operator<=(const std::__shared_ptr<_Tp1, _Lp>&, const std::__shared_ptr<_Tp2, _Lp>&)[m[K’
[5.094s]  1471 |     [01;36m[Koperator[m[K<=(const __shared_ptr<_Tp1, _Lp>& __a,
[5.094s]       |     [01;36m[K^~~~~~~~[m[K
[5.094s] [01m[K/usr/include/c++/9/bits/shared_ptr_base.h:1471:5:[m[K [01;36m[Knote: [m[K  template argument deduction/substitution failed:
[5.094s] In file included from [01m[K/home/ubuntu/ros2_ws/src/bluespace_ai_xsens_ros_mti_driver/src/xdainterface.cpp:87[m[K:
[5.094s] [01m[K/home/ubuntu/ros2_ws/src/bluespace_ai_xsens_ros_mti_driver/src/messagepublishers/imu_cam_publisher.h:59:41:[m[K [01;36m[Knote: [m[K  ‘[01m[Kstd_msgs::msg::Header_<std::allocator<void> >::_stamp_type[m[K’ {aka ‘[01m[Kbuiltin_interfaces::msg::Time_<std::allocator<void> >[m[K’} is not derived from ‘[01m[Kconst std::__shared_ptr<_Tp1, _Lp>[m[K’
[5.094s]    59 |             if (img_msg.header.stamp <= [01;36m[Kimu_timestamp[m[K) {
[5.095s]       |                                         [01;36m[K^~~~~~~~~~~~~[m[K
[5.095s] In file included from [01m[K/usr/include/c++/9/bits/shared_ptr.h:52[m[K,
[5.095s]                  from [01m[K/usr/include/c++/9/memory:81[m[K,
[5.095s]                  from [01m[K/opt/ros/foxy/include/rclcpp/rclcpp.hpp:144[m[K,
[5.095s]                  from [01m[K/home/ubuntu/ros2_ws/src/bluespace_ai_xsens_ros_mti_driver/src/xdainterface.h:65[m[K,
[5.095s]                  from [01m[K/home/ubuntu/ros2_ws/src/bluespace_ai_xsens_ros_mti_driver/src/xdainterface.cpp:62[m[K:
[5.095s] [01m[K/usr/include/c++/9/bits/shared_ptr_base.h:1477:5:[m[K [01;36m[Knote: [m[Kcandidate: ‘[01m[Ktemplate<class _Tp, __gnu_cxx::_Lock_policy _Lp> bool std::operator<=(const std::__shared_ptr<_Tp, _Lp>&, std::nullptr_t)[m[K’
[5.096s]  1477 |     [01;36m[Koperator[m[K<=(const __shared_ptr<_Tp, _Lp>& __a, nullptr_t) noexcept
[5.096s]       |     [01;36m[K^~~~~~~~[m[K
[5.096s] [01m[K/usr/include/c++/9/bits/shared_ptr_base.h:1477:5:[m[K [01;36m[Knote: [m[K  template argument deduction/substitution failed:
[5.096s] In file included from [01m[K/home/ubuntu/ros2_ws/src/bluespace_ai_xsens_ros_mti_driver/src/xdainterface.cpp:87[m[K:
[5.096s] [01m[K/home/ubuntu/ros2_ws/src/bluespace_ai_xsens_ros_mti_driver/src/messagepublishers/imu_cam_publisher.h:59:41:[m[K [01;36m[Knote: [m[K  ‘[01m[Kstd_msgs::msg::Header_<std::allocator<void> >::_stamp_type[m[K’ {aka ‘[01m[Kbuiltin_interfaces::msg::Time_<std::allocator<void> >[m[K’} is not derived from ‘[01m[Kconst std::__shared_ptr<_Tp, _Lp>[m[K’
[5.096s]    59 |             if (img_msg.header.stamp <= [01;36m[Kimu_timestamp[m[K) {
[5.096s]       |                                         [01;36m[K^~~~~~~~~~~~~[m[K
[5.097s] In file included from [01m[K/usr/include/c++/9/bits/shared_ptr.h:52[m[K,
[5.097s]                  from [01m[K/usr/include/c++/9/memory:81[m[K,
[5.097s]                  from [01m[K/opt/ros/foxy/include/rclcpp/rclcpp.hpp:144[m[K,
[5.097s]                  from [01m[K/home/ubuntu/ros2_ws/src/bluespace_ai_xsens_ros_mti_driver/src/xdainterface.h:65[m[K,
[5.097s]                  from [01m[K/home/ubuntu/ros2_ws/src/bluespace_ai_xsens_ros_mti_driver/src/xdainterface.cpp:62[m[K:
[5.097s] [01m[K/usr/include/c++/9/bits/shared_ptr_base.h:1482:5:[m[K [01;36m[Knote: [m[Kcandidate: ‘[01m[Ktemplate<class _Tp, __gnu_cxx::_Lock_policy _Lp> bool std::operator<=(std::nullptr_t, const std::__shared_ptr<_Tp, _Lp>&)[m[K’
[5.098s]  1482 |     [01;36m[Koperator[m[K<=(nullptr_t, const __shared_ptr<_Tp, _Lp>& __a) noexcept
[5.098s]       |     [01;36m[K^~~~~~~~[m[K
[5.098s] [01m[K/usr/include/c++/9/bits/shared_ptr_base.h:1482:5:[m[K [01;36m[Knote: [m[K  template argument deduction/substitution failed:
[5.098s] In file included from [01m[K/home/ubuntu/ros2_ws/src/bluespace_ai_xsens_ros_mti_driver/src/xdainterface.cpp:87[m[K:
[5.098s] [01m[K/home/ubuntu/ros2_ws/src/bluespace_ai_xsens_ros_mti_driver/src/messagepublishers/imu_cam_publisher.h:59:41:[m[K [01;36m[Knote: [m[K  ‘[01m[Kconst rclcpp::Time[m[K’ is not derived from ‘[01m[Kconst std::__shared_ptr<_Tp, _Lp>[m[K’
[5.098s]    59 |             if (img_msg.header.stamp <= [01;36m[Kimu_timestamp[m[K) {
[5.099s]       |                                         [01;36m[K^~~~~~~~~~~~~[m[K
[5.099s] In file included from [01m[K/usr/include/c++/9/memory:81[m[K,
[5.099s]                  from [01m[K/opt/ros/foxy/include/rclcpp/rclcpp.hpp:144[m[K,
[5.099s]                  from [01m[K/home/ubuntu/ros2_ws/src/bluespace_ai_xsens_ros_mti_driver/src/xdainterface.h:65[m[K,
[5.099s]                  from [01m[K/home/ubuntu/ros2_ws/src/bluespace_ai_xsens_ros_mti_driver/src/xdainterface.cpp:62[m[K:
[5.099s] [01m[K/usr/include/c++/9/bits/shared_ptr.h:439:5:[m[K [01;36m[Knote: [m[Kcandidate: ‘[01m[Ktemplate<class _Tp, class _Up> bool std::operator<=(const std::shared_ptr<_Tp>&, const std::shared_ptr<_Tp>&)[m[K’
[5.099s]   439 |     [01;36m[Koperator[m[K<=(const shared_ptr<_Tp>& __a, const shared_ptr<_Up>& __b) noexcept
[5.100s]       |     [01;36m[K^~~~~~~~[m[K
[5.100s] [01m[K/usr/include/c++/9/bits/shared_ptr.h:439:5:[m[K [01;36m[Knote: [m[K  template argument deduction/substitution failed:
[5.100s] In file included from [01m[K/home/ubuntu/ros2_ws/src/bluespace_ai_xsens_ros_mti_driver/src/xdainterface.cpp:87[m[K:
[5.100s] [01m[K/home/ubuntu/ros2_ws/src/bluespace_ai_xsens_ros_mti_driver/src/messagepublishers/imu_cam_publisher.h:59:41:[m[K [01;36m[Knote: [m[K  ‘[01m[Kstd_msgs::msg::Header_<std::allocator<void> >::_stamp_type[m[K’ {aka ‘[01m[Kbuiltin_interfaces::msg::Time_<std::allocator<void> >[m[K’} is not derived from ‘[01m[Kconst std::shared_ptr<_Tp>[m[K’
[5.100s]    59 |             if (img_msg.header.stamp <= [01;36m[Kimu_timestamp[m[K) {
[5.101s]       |                                         [01;36m[K^~~~~~~~~~~~~[m[K
[5.101s] In file included from [01m[K/usr/include/c++/9/memory:81[m[K,
[5.101s]                  from [01m[K/opt/ros/foxy/include/rclcpp/rclcpp.hpp:144[m[K,
[5.101s]                  from [01m[K/home/ubuntu/ros2_ws/src/bluespace_ai_xsens_ros_mti_driver/src/xdainterface.h:65[m[K,
[5.101s]                  from [01m[K/home/ubuntu/ros2_ws/src/bluespace_ai_xsens_ros_mti_driver/src/xdainterface.cpp:62[m[K:
[5.101s] [01m[K/usr/include/c++/9/bits/shared_ptr.h:444:5:[m[K [01;36m[Knote: [m[Kcandidate: ‘[01m[Ktemplate<class _Tp> bool std::operator<=(const std::shared_ptr<_Tp>&, std::nullptr_t)[m[K’
[5.101s]   444 |     [01;36m[Koperator[m[K<=(const shared_ptr<_Tp>& __a, nullptr_t) noexcept
[5.102s]       |     [01;36m[K^~~~~~~~[m[K
[5.102s] [01m[K/usr/include/c++/9/bits/shared_ptr.h:444:5:[m[K [01;36m[Knote: [m[K  template argument deduction/substitution failed:
[5.102s] In file included from [01m[K/home/ubuntu/ros2_ws/src/bluespace_ai_xsens_ros_mti_driver/src/xdainterface.cpp:87[m[K:
[5.102s] [01m[K/home/ubuntu/ros2_ws/src/bluespace_ai_xsens_ros_mti_driver/src/messagepublishers/imu_cam_publisher.h:59:41:[m[K [01;36m[Knote: [m[K  ‘[01m[Kstd_msgs::msg::Header_<std::allocator<void> >::_stamp_type[m[K’ {aka ‘[01m[Kbuiltin_interfaces::msg::Time_<std::allocator<void> >[m[K’} is not derived from ‘[01m[Kconst std::shared_ptr<_Tp>[m[K’
[5.102s]    59 |             if (img_msg.header.stamp <= [01;36m[Kimu_timestamp[m[K) {
[5.102s]       |                                         [01;36m[K^~~~~~~~~~~~~[m[K
[5.102s] In file included from [01m[K/usr/include/c++/9/memory:81[m[K,
[5.103s]                  from [01m[K/opt/ros/foxy/include/rclcpp/rclcpp.hpp:144[m[K,
[5.103s]                  from [01m[K/home/ubuntu/ros2_ws/src/bluespace_ai_xsens_ros_mti_driver/src/xdainterface.h:65[m[K,
[5.103s]                  from [01m[K/home/ubuntu/ros2_ws/src/bluespace_ai_xsens_ros_mti_driver/src/xdainterface.cpp:62[m[K:
[5.103s] [01m[K/usr/include/c++/9/bits/shared_ptr.h:449:5:[m[K [01;36m[Knote: [m[Kcandidate: ‘[01m[Ktemplate<class _Tp> bool std::operator<=(std::nullptr_t, const std::shared_ptr<_Tp>&)[m[K’
[5.103s]   449 |     [01;36m[Koperator[m[K<=(nullptr_t, const shared_ptr<_Tp>& __a) noexcept
[5.103s]       |     [01;36m[K^~~~~~~~[m[K
[5.103s] [01m[K/usr/include/c++/9/bits/shared_ptr.h:449:5:[m[K [01;36m[Knote: [m[K  template argument deduction/substitution failed:
[5.104s] In file included from [01m[K/home/ubuntu/ros2_ws/src/bluespace_ai_xsens_ros_mti_driver/src/xdainterface.cpp:87[m[K:
[5.104s] [01m[K/home/ubuntu/ros2_ws/src/bluespace_ai_xsens_ros_mti_driver/src/messagepublishers/imu_cam_publisher.h:59:41:[m[K [01;36m[Knote: [m[K  ‘[01m[Kconst rclcpp::Time[m[K’ is not derived from ‘[01m[Kconst std::shared_ptr<_Tp>[m[K’
[5.104s]    59 |             if (img_msg.header.stamp <= [01;36m[Kimu_timestamp[m[K) {
[5.104s]       |                                         [01;36m[K^~~~~~~~~~~~~[m[K
[5.104s] In file included from [01m[K/usr/include/c++/9/future:39[m[K,
[5.104s]                  from [01m[K/opt/ros/foxy/include/rclcpp/executors.hpp:18[m[K,
[5.104s]                  from [01m[K/opt/ros/foxy/include/rclcpp/rclcpp.hpp:146[m[K,
[5.105s]                  from [01m[K/home/ubuntu/ros2_ws/src/bluespace_ai_xsens_ros_mti_driver/src/xdainterface.h:65[m[K,
[5.105s]                  from [01m[K/home/ubuntu/ros2_ws/src/bluespace_ai_xsens_ros_mti_driver/src/xdainterface.cpp:62[m[K:
[5.105s] [01m[K/usr/include/c++/9/thread:298:3:[m[K [01;36m[Knote: [m[Kcandidate: ‘[01m[Kbool std::operator<=(std::thread::id, std::thread::id)[m[K’
[5.105s]   298 |   [01;36m[Koperator[m[K<=(thread::id __x, thread::id __y) noexcept
[5.105s]       |   [01;36m[K^~~~~~~~[m[K
[5.105s] [01m[K/usr/include/c++/9/thread:298:25:[m[K [01;36m[Knote: [m[K  no known conversion for argument 1 from ‘[01m[Kstd_msgs::msg::Header_<std::allocator<void> >::_stamp_type[m[K’ {aka ‘[01m[Kbuiltin_interfaces::msg::Time_<std::allocator<void> >[m[K’} to ‘[01m[Kstd::thread::id[m[K’
[5.105s]   298 |   operator<=([01;36m[Kthread::id __x[m[K, thread::id __y) noexcept
[5.106s]       |              [01;36m[K~~~~~~~~~~~^~~[m[K
[5.106s] In file included from [01m[K/usr/include/c++/9/set:61[m[K,
[5.106s]                  from [01m[K/opt/ros/foxy/include/rclcpp/executors/multi_threaded_executor.hpp:21[m[K,
[5.106s]                  from [01m[K/opt/ros/foxy/include/rclcpp/executors.hpp:21[m[K,
[5.106s]                  from [01m[K/opt/ros/foxy/include/rclcpp/rclcpp.hpp:146[m[K,
[5.106s]                  from [01m[K/home/ubuntu/ros2_ws/src/bluespace_ai_xsens_ros_mti_driver/src/xdainterface.h:65[m[K,
[5.106s]                  from [01m[K/home/ubuntu/ros2_ws/src/bluespace_ai_xsens_ros_mti_driver/src/xdainterface.cpp:62[m[K:
[5.107s] [01m[K/usr/include/c++/9/bits/stl_set.h:1017:5:[m[K [01;36m[Knote: [m[Kcandidate: ‘[01m[Ktemplate<class _Key, class _Compare, class _Alloc> bool std::operator<=(const std::set<_Key, _Compare, _Alloc>&, const std::set<_Key, _Compare, _Alloc>&)[m[K’
[5.107s]  1017 |     [01;36m[Koperator[m[K<=(const set<_Key, _Compare, _Alloc>& __x,
[5.107s]       |     [01;36m[K^~~~~~~~[m[K
[5.107s] [01m[K/usr/include/c++/9/bits/stl_set.h:1017:5:[m[K [01;36m[Knote: [m[K  template argument deduction/substitution failed:
[5.107s] In file included from [01m[K/home/ubuntu/ros2_ws/src/bluespace_ai_xsens_ros_mti_driver/src/xdainterface.cpp:87[m[K:
[5.107s] [01m[K/home/ubuntu/ros2_ws/src/bluespace_ai_xsens_ros_mti_driver/src/messagepublishers/imu_cam_publisher.h:59:41:[m[K [01;36m[Knote: [m[K  ‘[01m[Kstd_msgs::msg::Header_<std::allocator<void> >::_stamp_type[m[K’ {aka ‘[01m[Kbuiltin_interfaces::msg::Time_<std::allocator<void> >[m[K’} is not derived from ‘[01m[Kconst std::set<_Key, _Compare, _Alloc>[m[K’
[5.107s]    59 |             if (img_msg.header.stamp <= [01;36m[Kimu_timestamp[m[K) {
[5.108s]       |                                         [01;36m[K^~~~~~~~~~~~~[m[K
[5.108s] In file included from [01m[K/usr/include/c++/9/set:62[m[K,
[5.108s]                  from [01m[K/opt/ros/foxy/include/rclcpp/executors/multi_threaded_executor.hpp:21[m[K,
[5.108s]                  from [01m[K/opt/ros/foxy/include/rclcpp/executors.hpp:21[m[K,
[5.108s]                  from [01m[K/opt/ros/foxy/include/rclcpp/rclcpp.hpp:146[m[K,
[5.108s]                  from [01m[K/home/ubuntu/ros2_ws/src/bluespace_ai_xsens_ros_mti_driver/src/xdainterface.h:65[m[K,
[5.108s]                  from [01m[K/home/ubuntu/ros2_ws/src/bluespace_ai_xsens_ros_mti_driver/src/xdainterface.cpp:62[m[K:
[5.109s] [01m[K/usr/include/c++/9/bits/stl_multiset.h:1002:5:[m[K [01;36m[Knote: [m[Kcandidate: ‘[01m[Ktemplate<class _Key, class _Compare, class _Alloc> bool std::operator<=(const std::multiset<_Key, _Compare, _Alloc>&, const std::multiset<_Key, _Compare, _Alloc>&)[m[K’
[5.109s]  1002 |     [01;36m[Koperator[m[K<=(const multiset<_Key, _Compare, _Alloc>& __x,
[5.109s]       |     [01;36m[K^~~~~~~~[m[K
[5.109s] [01m[K/usr/include/c++/9/bits/stl_multiset.h:1002:5:[m[K [01;36m[Knote: [m[K  template argument deduction/substitution failed:
[5.109s] In file included from [01m[K/home/ubuntu/ros2_ws/src/bluespace_ai_xsens_ros_mti_driver/src/xdainterface.cpp:87[m[K:
[5.109s] [01m[K/home/ubuntu/ros2_ws/src/bluespace_ai_xsens_ros_mti_driver/src/messagepublishers/imu_cam_publisher.h:59:41:[m[K [01;36m[Knote: [m[K  ‘[01m[Kstd_msgs::msg::Header_<std::allocator<void> >::_stamp_type[m[K’ {aka ‘[01m[Kbuiltin_interfaces::msg::Time_<std::allocator<void> >[m[K’} is not derived from ‘[01m[Kconst std::multiset<_Key, _Compare, _Alloc>[m[K’
[5.109s]    59 |             if (img_msg.header.stamp <= [01;36m[Kimu_timestamp[m[K) {
[5.110s]       |                                         [01;36m[K^~~~~~~~~~~~~[m[K
[5.110s] In file included from [01m[K/usr/include/c++/9/list:63[m[K,
[5.110s]                  from [01m[K/opt/ros/foxy/include/rclcpp/executor.hpp:23[m[K,
[5.110s]                  from [01m[K/opt/ros/foxy/include/rclcpp/executors/multi_threaded_executor.hpp:26[m[K,
[5.110s]                  from [01m[K/opt/ros/foxy/include/rclcpp/executors.hpp:21[m[K,
[5.110s]                  from [01m[K/opt/ros/foxy/include/rclcpp/rclcpp.hpp:146[m[K,
[5.110s]                  from [01m[K/home/ubuntu/ros2_ws/src/bluespace_ai_xsens_ros_mti_driver/src/xdainterface.h:65[m[K,
[5.111s]                  from [01m[K/home/ubuntu/ros2_ws/src/bluespace_ai_xsens_ros_mti_driver/src/xdainterface.cpp:62[m[K:
[5.111s] [01m[K/usr/include/c++/9/bits/stl_list.h:2044:5:[m[K [01;36m[Knote: [m[Kcandidate: ‘[01m[Ktemplate<class _Tp, class _Alloc> bool std::operator<=(const std::__cxx11::list<_Tp, _Alloc>&, const std::__cxx11::list<_Tp, _Alloc>&)[m[K’
[5.111s]  2044 |     [01;36m[Koperator[m[K<=(const list<_Tp, _Alloc>& __x, const list<_Tp, _Alloc>& __y)
[5.111s]       |     [01;36m[K^~~~~~~~[m[K
[5.111s] [01m[K/usr/include/c++/9/bits/stl_list.h:2044:5:[m[K [01;36m[Knote: [m[K  template argument deduction/substitution failed:
[5.111s] In file included from [01m[K/home/ubuntu/ros2_ws/src/bluespace_ai_xsens_ros_mti_driver/src/xdainterface.cpp:87[m[K:
[5.111s] [01m[K/home/ubuntu/ros2_ws/src/bluespace_ai_xsens_ros_mti_driver/src/messagepublishers/imu_cam_publisher.h:59:41:[m[K [01;36m[Knote: [m[K  ‘[01m[Kstd_msgs::msg::Header_<std::allocator<void> >::_stamp_type[m[K’ {aka ‘[01m[Kbuiltin_interfaces::msg::Time_<std::allocator<void> >[m[K’} is not derived from ‘[01m[Kconst std::__cxx11::list<_Tp, _Alloc>[m[K’
[5.112s]    59 |             if (img_msg.header.stamp <= [01;36m[Kimu_timestamp[m[K) {
[5.112s]       |                                         [01;36m[K^~~~~~~~~~~~~[m[K
[5.112s] In file included from [01m[K/usr/include/c++/9/vector:67[m[K,
[5.112s]                  from [01m[K/opt/ros/foxy/include/rclcpp/executor.hpp:27[m[K,
[5.112s]                  from [01m[K/opt/ros/foxy/include/rclcpp/executors/multi_threaded_executor.hpp:26[m[K,
[5.112s]                  from [01m[K/opt/ros/foxy/include/rclcpp/executors.hpp:21[m[K,
[5.112s]                  from [01m[K/opt/ros/foxy/include/rclcpp/rclcpp.hpp:146[m[K,
[5.112s]                  from [01m[K/home/ubuntu/ros2_ws/src/bluespace_ai_xsens_ros_mti_driver/src/xdainterface.h:65[m[K,
[5.113s]                  from [01m[K/home/ubuntu/ros2_ws/src/bluespace_ai_xsens_ros_mti_driver/src/xdainterface.cpp:62[m[K:
[5.113s] [01m[K/usr/include/c++/9/bits/stl_vector.h:1924:5:[m[K [01;36m[Knote: [m[Kcandidate: ‘[01m[Ktemplate<class _Tp, class _Alloc> bool std::operator<=(const std::vector<_Tp, _Alloc>&, const std::vector<_Tp, _Alloc>&)[m[K’
[5.113s]  1924 |     [01;36m[Koperator[m[K<=(const vector<_Tp, _Alloc>& __x, const vector<_Tp, _Alloc>& __y)
[5.113s]       |     [01;36m[K^~~~~~~~[m[K
[5.113s] [01m[K/usr/include/c++/9/bits/stl_vector.h:1924:5:[m[K [01;36m[Knote: [m[K  template argument deduction/substitution failed:
[5.113s] In file included from [01m[K/home/ubuntu/ros2_ws/src/bluespace_ai_xsens_ros_mti_driver/src/xdainterface.cpp:87[m[K:
[5.113s] [01m[K/home/ubuntu/ros2_ws/src/bluespace_ai_xsens_ros_mti_driver/src/messagepublishers/imu_cam_publisher.h:59:41:[m[K [01;36m[Knote: [m[K  ‘[01m[Kstd_msgs::msg::Header_<std::allocator<void> >::_stamp_type[m[K’ {aka ‘[01m[Kbuiltin_interfaces::msg::Time_<std::allocator<void> >[m[K’} is not derived from ‘[01m[Kconst std::vector<_Tp, _Alloc>[m[K’
[5.114s]    59 |             if (img_msg.header.stamp <= [01;36m[Kimu_timestamp[m[K) {
[5.114s]       |                                         [01;36m[K^~~~~~~~~~~~~[m[K
[5.114s] In file included from [01m[K/usr/include/c++/9/map:61[m[K,
[5.114s]                  from [01m[K/opt/ros/foxy/include/rclcpp/client.hpp:20[m[K,
[5.114s]                  from [01m[K/opt/ros/foxy/include/rclcpp/callback_group.hpp:23[m[K,
[5.114s]                  from [01m[K/opt/ros/foxy/include/rclcpp/any_executable.hpp:20[m[K,
[5.114s]                  from [01m[K/opt/ros/foxy/include/rclcpp/memory_strategy.hpp:24[m[K,
[5.115s]                  from [01m[K/opt/ros/foxy/include/rclcpp/memory_strategies.hpp:18[m[K,
[5.115s]                  from [01m[K/opt/ros/foxy/include/rclcpp/executor_options.hpp:20[m[K,
[5.115s]                  from [01m[K/opt/ros/foxy/include/rclcpp/executor.hpp:33[m[K,
[5.115s]                  from [01m[K/opt/ros/foxy/include/rclcpp/executors/multi_threaded_executor.hpp:26[m[K,
[5.115s]                  from [01m[K/opt/ros/foxy/include/rclcpp/executors.hpp:21[m[K,
[5.115s]                  from [01m[K/opt/ros/foxy/include/rclcpp/rclcpp.hpp:146[m[K,
[5.115s]                  from [01m[K/home/ubuntu/ros2_ws/src/bluespace_ai_xsens_ros_mti_driver/src/xdainterface.h:65[m[K,
[5.116s]                  from [01m[K/home/ubuntu/ros2_ws/src/bluespace_ai_xsens_ros_mti_driver/src/xdainterface.cpp:62[m[K:
[5.116s] [01m[K/usr/include/c++/9/bits/stl_map.h:1493:5:[m[K [01;36m[Knote: [m[Kcandidate: ‘[01m[Ktemplate<class _Key, class _Tp, class _Compare, class _Alloc> bool std::operator<=(const std::map<_Key, _Tp, _Compare, _Alloc>&, const std::map<_Key, _Tp, _Compare, _Alloc>&)[m[K’
[5.116s]  1493 |     [01;36m[Koperator[m[K<=(const map<_Key, _Tp, _Compare, _Alloc>& __x,
[5.116s]       |     [01;36m[K^~~~~~~~[m[K
[5.116s] [01m[K/usr/include/c++/9/bits/stl_map.h:1493:5:[m[K [01;36m[Knote: [m[K  template argument deduction/substitution failed:
[5.116s] In file included from [01m[K/home/ubuntu/ros2_ws/src/bluespace_ai_xsens_ros_mti_driver/src/xdainterface.cpp:87[m[K:
[5.116s] [01m[K/home/ubuntu/ros2_ws/src/bluespace_ai_xsens_ros_mti_driver/src/messagepublishers/imu_cam_publisher.h:59:41:[m[K [01;36m[Knote: [m[K  ‘[01m[Kstd_msgs::msg::Header_<std::allocator<void> >::_stamp_type[m[K’ {aka ‘[01m[Kbuiltin_interfaces::msg::Time_<std::allocator<void> >[m[K’} is not derived from ‘[01m[Kconst std::map<_Key, _Tp, _Compare, _Alloc>[m[K’
[5.117s]    59 |             if (img_msg.header.stamp <= [01;36m[Kimu_timestamp[m[K) {
[5.117s]       |                                         [01;36m[K^~~~~~~~~~~~~[m[K
[5.117s] In file included from [01m[K/usr/include/c++/9/map:62[m[K,
[5.117s]                  from [01m[K/opt/ros/foxy/include/rclcpp/client.hpp:20[m[K,
[5.117s]                  from [01m[K/opt/ros/foxy/include/rclcpp/callback_group.hpp:23[m[K,
[5.117s]                  from [01m[K/opt/ros/foxy/include/rclcpp/any_executable.hpp:20[m[K,
[5.117s]                  from [01m[K/opt/ros/foxy/include/rclcpp/memory_strategy.hpp:24[m[K,
[5.118s]                  from [01m[K/opt/ros/foxy/include/rclcpp/memory_strategies.hpp:18[m[K,
[5.118s]                  from [01m[K/opt/ros/foxy/include/rclcpp/executor_options.hpp:20[m[K,
[5.118s]                  from [01m[K/opt/ros/foxy/include/rclcpp/executor.hpp:33[m[K,
[5.118s]                  from [01m[K/opt/ros/foxy/include/rclcpp/executors/multi_threaded_executor.hpp:26[m[K,
[5.118s]                  from [01m[K/opt/ros/foxy/include/rclcpp/executors.hpp:21[m[K,
[5.118s]                  from [01m[K/opt/ros/foxy/include/rclcpp/rclcpp.hpp:146[m[K,
[5.118s]                  from [01m[K/home/ubuntu/ros2_ws/src/bluespace_ai_xsens_ros_mti_driver/src/xdainterface.h:65[m[K,
[5.118s]                  from [01m[K/home/ubuntu/ros2_ws/src/bluespace_ai_xsens_ros_mti_driver/src/xdainterface.cpp:62[m[K:
[5.119s] [01m[K/usr/include/c++/9/bits/stl_multimap.h:1157:5:[m[K [01;36m[Knote: [m[Kcandidate: ‘[01m[Ktemplate<class _Key, class _Tp, class _Compare, class _Alloc> bool std::operator<=(const std::multimap<_Key, _Tp, _Compare, _Alloc>&, const std::multimap<_Key, _Tp, _Compare, _Alloc>&)[m[K’
[5.119s]  1157 |     [01;36m[Koperator[m[K<=(const multimap<_Key, _Tp, _Compare, _Alloc>& __x,
[5.119s]       |     [01;36m[K^~~~~~~~[m[K
[5.119s] [01m[K/usr/include/c++/9/bits/stl_multimap.h:1157:5:[m[K [01;36m[Knote: [m[K  template argument deduction/substitution failed:
[5.119s] In file included from [01m[K/home/ubuntu/ros2_ws/src/bluespace_ai_xsens_ros_mti_driver/src/xdainterface.cpp:87[m[K:
[5.119s] [01m[K/home/ubuntu/ros2_ws/src/bluespace_ai_xsens_ros_mti_driver/src/messagepublishers/imu_cam_publisher.h:59:41:[m[K [01;36m[Knote: [m[K  ‘[01m[Kstd_msgs::msg::Header_<std::allocator<void> >::_stamp_type[m[K’ {aka ‘[01m[Kbuiltin_interfaces::msg::Time_<std::allocator<void> >[m[K’} is not derived from ‘[01m[Kconst std::multimap<_Key, _Tp, _Compare, _Alloc>[m[K’
[5.119s]    59 |             if (img_msg.header.stamp <= [01;36m[Kimu_timestamp[m[K) {
[5.120s]       |                                         [01;36m[K^~~~~~~~~~~~~[m[K
[5.120s] In file included from [01m[K/usr/include/c++/9/deque:67[m[K,
[5.120s]                  from [01m[K/home/ubuntu/ros2_ws/src/bluespace_ai_xsens_ros_mti_driver/lib/xspublic/xscommon/xsens_mutex.h:73[m[K,
[5.120s]                  from [01m[K/home/ubuntu/ros2_ws/src/bluespace_ai_xsens_ros_mti_driver/lib/xspublic/xscontroller/xscontrol_def.h:78[m[K,
[5.120s]                  from [01m[K/home/ubuntu/ros2_ws/src/bluespace_ai_xsens_ros_mti_driver/src/xdainterface.cpp:65[m[K:
[5.120s] [01m[K/usr/include/c++/9/bits/stl_deque.h:340:5:[m[K [01;36m[Knote: [m[Kcandidate: ‘[01m[Ktemplate<class _Tp, class _Ref, class _Ptr> bool std::operator<=(const std::_Deque_iterator<_Tp, _Ref, _Ptr>&, const std::_Deque_iterator<_Tp, _Ref, _Ptr>&)[m[K’
[5.120s]   340 |     [01;36m[Koperator[m[K<=(const _Deque_iterator<_Tp, _Ref, _Ptr>& __x,
[5.121s]       |     [01;36m[K^~~~~~~~[m[K
[5.121s] [01m[K/usr/include/c++/9/bits/stl_deque.h:340:5:[m[K [01;36m[Knote: [m[K  template argument deduction/substitution failed:
[5.121s] In file included from [01m[K/home/ubuntu/ros2_ws/src/bluespace_ai_xsens_ros_mti_driver/src/xdainterface.cpp:87[m[K:
[5.121s] [01m[K/home/ubuntu/ros2_ws/src/bluespace_ai_xsens_ros_mti_driver/src/messagepublishers/imu_cam_publisher.h:59:41:[m[K [01;36m[Knote: [m[K  ‘[01m[Kstd_msgs::msg::Header_<std::allocator<void> >::_stamp_type[m[K’ {aka ‘[01m[Kbuiltin_interfaces::msg::Time_<std::allocator<void> >[m[K’} is not derived from ‘[01m[Kconst std::_Deque_iterator<_Tp, _Ref, _Ptr>[m[K’
[5.121s]    59 |             if (img_msg.header.stamp <= [01;36m[Kimu_timestamp[m[K) {
[5.121s]       |                                         [01;36m[K^~~~~~~~~~~~~[m[K
[5.121s] In file included from [01m[K/usr/include/c++/9/deque:67[m[K,
[5.122s]                  from [01m[K/home/ubuntu/ros2_ws/src/bluespace_ai_xsens_ros_mti_driver/lib/xspublic/xscommon/xsens_mutex.h:73[m[K,
[5.122s]                  from [01m[K/home/ubuntu/ros2_ws/src/bluespace_ai_xsens_ros_mti_driver/lib/xspublic/xscontroller/xscontrol_def.h:78[m[K,
[5.122s]                  from [01m[K/home/ubuntu/ros2_ws/src/bluespace_ai_xsens_ros_mti_driver/src/xdainterface.cpp:65[m[K:
[5.122s] [01m[K/usr/include/c++/9/bits/stl_deque.h:347:5:[m[K [01;36m[Knote: [m[Kcandidate: ‘[01m[Ktemplate<class _Tp, class _RefL, class _PtrL, class _RefR, class _PtrR> bool std::operator<=(const std::_Deque_iterator<_Tp, _Ref, _Ptr>&, const std::_Deque_iterator<_Tp, _RefR, _PtrR>&)[m[K’
[5.122s]   347 |     [01;36m[Koperator[m[K<=(const _Deque_iterator<_Tp, _RefL, _PtrL>& __x,
[5.122s]       |     [01;36m[K^~~~~~~~[m[K
[5.122s] [01m[K/usr/include/c++/9/bits/stl_deque.h:347:5:[m[K [01;36m[Knote: [m[K  template argument deduction/substitution failed:
[5.123s] In file included from [01m[K/home/ubuntu/ros2_ws/src/bluespace_ai_xsens_ros_mti_driver/src/xdainterface.cpp:87[m[K:
[5.123s] [01m[K/home/ubuntu/ros2_ws/src/bluespace_ai_xsens_ros_mti_driver/src/messagepublishers/imu_cam_publisher.h:59:41:[m[K [01;36m[Knote: [m[K  ‘[01m[Kstd_msgs::msg::Header_<std::allocator<void> >::_stamp_type[m[K’ {aka ‘[01m[Kbuiltin_interfaces::msg::Time_<std::allocator<void> >[m[K’} is not derived from ‘[01m[Kconst std::_Deque_iterator<_Tp, _Ref, _Ptr>[m[K’
[5.123s]    59 |             if (img_msg.header.stamp <= [01;36m[Kimu_timestamp[m[K) {
[5.123s]       |                                         [01;36m[K^~~~~~~~~~~~~[m[K
[5.123s] In file included from [01m[K/usr/include/c++/9/deque:67[m[K,
[5.123s]                  from [01m[K/home/ubuntu/ros2_ws/src/bluespace_ai_xsens_ros_mti_driver/lib/xspublic/xscommon/xsens_mutex.h:73[m[K,
[5.123s]                  from [01m[K/home/ubuntu/ros2_ws/src/bluespace_ai_xsens_ros_mti_driver/lib/xspublic/xscontroller/xscontrol_def.h:78[m[K,
[5.124s]                  from [01m[K/home/ubuntu/ros2_ws/src/bluespace_ai_xsens_ros_mti_driver/src/xdainterface.cpp:65[m[K:
[5.124s] [01m[K/usr/include/c++/9/bits/stl_deque.h:2352:5:[m[K [01;36m[Knote: [m[Kcandidate: ‘[01m[Ktemplate<class _Tp, class _Alloc> bool std::operator<=(const std::deque<_Tp, _Alloc>&, const std::deque<_Tp, _Alloc>&)[m[K’
[5.124s]  2352 |     [01;36m[Koperator[m[K<=(const deque<_Tp, _Alloc>& __x,
[5.124s]       |     [01;36m[K^~~~~~~~[m[K
[5.124s] [01m[K/usr/include/c++/9/bits/stl_deque.h:2352:5:[m[K [01;36m[Knote: [m[K  template argument deduction/substitution failed:
[5.124s] In file included from [01m[K/home/ubuntu/ros2_ws/src/bluespace_ai_xsens_ros_mti_driver/src/xdainterface.cpp:87[m[K:
[5.124s] [01m[K/home/ubuntu/ros2_ws/src/bluespace_ai_xsens_ros_mti_driver/src/messagepublishers/imu_cam_publisher.h:59:41:[m[K [01;36m[Knote: [m[K  ‘[01m[Kstd_msgs::msg::Header_<std::allocator<void> >::_stamp_type[m[K’ {aka ‘[01m[Kbuiltin_interfaces::msg::Time_<std::allocator<void> >[m[K’} is not derived from ‘[01m[Kconst std::deque<_Tp, _Alloc>[m[K’
[5.125s]    59 |             if (img_msg.header.stamp <= [01;36m[Kimu_timestamp[m[K) {
[5.125s]       |                                         [01;36m[K^~~~~~~~~~~~~[m[K
[5.125s] In file included from [01m[K/usr/include/c++/9/queue:64[m[K,
[5.125s]                  from [01m[K/home/ubuntu/ros2_ws/src/bluespace_ai_xsens_ros_mti_driver/src/messagepublishers/imu_cam_publisher.h:9[m[K,
[5.125s]                  from [01m[K/home/ubuntu/ros2_ws/src/bluespace_ai_xsens_ros_mti_driver/src/xdainterface.cpp:87[m[K:
[5.125s] [01m[K/usr/include/c++/9/bits/stl_queue.h:374:5:[m[K [01;36m[Knote: [m[Kcandidate: ‘[01m[Ktemplate<class _Tp, class _Seq> bool std::operator<=(const std::queue<_Tp, _Seq>&, const std::queue<_Tp, _Seq>&)[m[K’
[5.125s]   374 |     [01;36m[Koperator[m[K<=(const queue<_Tp, _Seq>& __x, const queue<_Tp, _Seq>& __y)
[5.126s]       |     [01;36m[K^~~~~~~~[m[K
[5.126s] [01m[K/usr/include/c++/9/bits/stl_queue.h:374:5:[m[K [01;36m[Knote: [m[K  template argument deduction/substitution failed:
[5.126s] In file included from [01m[K/home/ubuntu/ros2_ws/src/bluespace_ai_xsens_ros_mti_driver/src/xdainterface.cpp:87[m[K:
[5.126s] [01m[K/home/ubuntu/ros2_ws/src/bluespace_ai_xsens_ros_mti_driver/src/messagepublishers/imu_cam_publisher.h:59:41:[m[K [01;36m[Knote: [m[K  ‘[01m[Kstd_msgs::msg::Header_<std::allocator<void> >::_stamp_type[m[K’ {aka ‘[01m[Kbuiltin_interfaces::msg::Time_<std::allocator<void> >[m[K’} is not derived from ‘[01m[Kconst std::queue<_Tp, _Seq>[m[K’
[5.126s]    59 |             if (img_msg.header.stamp <= [01;36m[Kimu_timestamp[m[K) {
[5.126s]       |                                         [01;36m[K^~~~~~~~~~~~~[m[K
[5.126s] [01m[K/home/ubuntu/ros2_ws/src/bluespace_ai_xsens_ros_mti_driver/src/xdainterface.cpp:[m[K In member function ‘[01m[Kvoid XdaInterface::registerPublishers()[m[K’:
[5.127s] [01m[K/home/ubuntu/ros2_ws/src/bluespace_ai_xsens_ros_mti_driver/src/xdainterface.cpp:191:44:[m[K [01;31m[Kerror: [m[Kinvalid new-expression of abstract class type ‘[01m[KCamImuPublisher[m[K’
[5.127s]   191 |   registerCallback(new CamImuPublisher(node[01;31m[K)[m[K);
[5.127s]       |                                            [01;31m[K^[m[K
[5.127s] In file included from [01m[K/home/ubuntu/ros2_ws/src/bluespace_ai_xsens_ros_mti_driver/src/xdainterface.cpp:87[m[K:
[5.127s] [01m[K/home/ubuntu/ros2_ws/src/bluespace_ai_xsens_ros_mti_driver/src/messagepublishers/imu_cam_publisher.h:11:8:[m[K [01;36m[Knote: [m[K  because the following virtual functions are pure within ‘[01m[KCamImuPublisher[m[K’:
[5.127s]    11 | struct [01;36m[KCamImuPublisher[m[K : public PacketCallback, PublisherHelperFunctions
[5.127s]       |        [01;36m[K^~~~~~~~~~~~~~~[m[K
[5.127s] In file included from [01m[K/home/ubuntu/ros2_ws/src/bluespace_ai_xsens_ros_mti_driver/src/xdainterface.cpp:68[m[K:
[5.128s] [01m[K/home/ubuntu/ros2_ws/src/bluespace_ai_xsens_ros_mti_driver/src/messagepublishers/packetcallback.h:73:22:[m[K [01;36m[Knote: [m[K	‘[01m[Kvirtual void PacketCallback::operator()(const XsDataPacket&, rclcpp::Time)[m[K’
[5.128s]    73 |         virtual void [01;36m[Koperator[m[K()(const XsDataPacket &, rclcpp::Time) = 0;
[5.128s]       |                      [01;36m[K^~~~~~~~[m[K
[12.951s] make[2]: *** [CMakeFiles/xsens_mti_node.dir/build.make:90: CMakeFiles/xsens_mti_node.dir/src/xdainterface.cpp.o] Error 1
[12.952s] make[1]: *** [CMakeFiles/Makefile2:137: CMakeFiles/xsens_mti_node.dir/all] Error 2
[12.952s] make: *** [Makefile:146: all] Error 2
[12.956s] Invoked command in '/home/ubuntu/ros2_ws/build/bluespace_ai_xsens_mti_driver' returned '2': CMAKE_PREFIX_PATH=${CMAKE_PREFIX_PATH}:/opt/ros/foxy /home/ubuntu/.local/bin/cmake --build /home/ubuntu/ros2_ws/build/bluespace_ai_xsens_mti_driver -- -j4 -l4
