[4.583s] DEBUG:colcon:Command line arguments: ['/usr/bin/colcon', 'build']
[4.583s] DEBUG:colcon:Parsed command line arguments: Namespace(allow_overriding=[], ament_cmake_args=None, base_paths=['.'], build_base='build', catkin_cmake_args=None, catkin_skip_building_tests=False, cmake_args=None, cmake_clean_cache=False, cmake_clean_first=False, cmake_force_configure=False, cmake_target=None, cmake_target_skip_unavailable=False, continue_on_error=False, event_handlers=None, executor='parallel', ignore_user_meta=False, install_base='install', log_base=None, log_level=None, main=<bound method BuildVerb.main of <colcon_core.verb.build.BuildVerb object at 0xffff9fc01b50>>, merge_install=False, metas=['./colcon.meta'], packages_above=None, packages_above_and_dependencies=None, packages_above_depth=None, packages_end=None, packages_ignore=None, packages_ignore_regex=None, packages_select=None, packages_select_build_failed=False, packages_select_by_dep=None, packages_select_regex=None, packages_select_test_failures=False, packages_skip=None, packages_skip_build_finished=False, packages_skip_by_dep=None, packages_skip_regex=None, packages_skip_test_passed=False, packages_skip_up_to=None, packages_start=None, packages_up_to=None, packages_up_to_regex=None, parallel_workers=4, paths=None, symlink_install=False, test_result_base=None, verb_extension=<colcon_core.verb.build.BuildVerb object at 0xffff9fc01b50>, verb_name='build', verb_parser=<colcon_defaults.argument_parser.defaults.DefaultArgumentsDecorator object at 0xffff9f889700>)
[4.784s] Level 1:colcon.colcon_core.package_discovery:discover_packages(colcon_meta) check parameters
[4.784s] Level 1:colcon.colcon_core.package_discovery:discover_packages(recursive) check parameters
[4.784s] Level 1:colcon.colcon_core.package_discovery:discover_packages(ignore) check parameters
[4.784s] Level 1:colcon.colcon_core.package_discovery:discover_packages(path) check parameters
[4.784s] Level 1:colcon.colcon_core.package_discovery:discover_packages(colcon_meta) discover
[4.784s] Level 1:colcon.colcon_core.package_discovery:discover_packages(recursive) discover
[4.785s] INFO:colcon.colcon_core.package_discovery:Crawling recursively for packages in '/home/ubuntu/ros2_ws'
[4.785s] Level 1:colcon.colcon_core.package_identification:_identify(.) by extensions ['ignore', 'ignore_ament_install']
[4.785s] Level 1:colcon.colcon_core.package_identification:_identify(.) by extension 'ignore'
[4.785s] Level 1:colcon.colcon_core.package_identification:_identify(.) by extension 'ignore_ament_install'
[4.785s] Level 1:colcon.colcon_core.package_identification:_identify(.) by extensions ['colcon_pkg']
[4.785s] Level 1:colcon.colcon_core.package_identification:_identify(.) by extension 'colcon_pkg'
[4.786s] Level 1:colcon.colcon_core.package_identification:_identify(.) by extensions ['colcon_meta']
[4.786s] Level 1:colcon.colcon_core.package_identification:_identify(.) by extension 'colcon_meta'
[4.786s] Level 1:colcon.colcon_core.package_identification:_identify(.) by extensions ['ros']
[4.786s] Level 1:colcon.colcon_core.package_identification:_identify(.) by extension 'ros'
[4.809s] Level 1:colcon.colcon_core.package_identification:_identify(.) by extensions ['cmake', 'python']
[4.809s] Level 1:colcon.colcon_core.package_identification:_identify(.) by extension 'cmake'
[4.809s] Level 1:colcon.colcon_core.package_identification:_identify(.) by extension 'python'
[4.809s] Level 1:colcon.colcon_core.package_identification:_identify(.) by extensions ['python_setup_py']
[4.809s] Level 1:colcon.colcon_core.package_identification:_identify(.) by extension 'python_setup_py'
[4.810s] Level 1:colcon.colcon_core.package_identification:_identify(build) by extensions ['ignore', 'ignore_ament_install']
[4.810s] Level 1:colcon.colcon_core.package_identification:_identify(build) by extension 'ignore'
[4.810s] Level 1:colcon.colcon_core.package_identification:_identify(build) ignored
[4.810s] Level 1:colcon.colcon_core.package_identification:_identify(install) by extensions ['ignore', 'ignore_ament_install']
[4.811s] Level 1:colcon.colcon_core.package_identification:_identify(install) by extension 'ignore'
[4.811s] Level 1:colcon.colcon_core.package_identification:_identify(install) ignored
[4.811s] Level 1:colcon.colcon_core.package_identification:_identify(log) by extensions ['ignore', 'ignore_ament_install']
[4.811s] Level 1:colcon.colcon_core.package_identification:_identify(log) by extension 'ignore'
[4.811s] Level 1:colcon.colcon_core.package_identification:_identify(log) ignored
[4.812s] Level 1:colcon.colcon_core.package_identification:_identify(src) by extensions ['ignore', 'ignore_ament_install']
[4.812s] Level 1:colcon.colcon_core.package_identification:_identify(src) by extension 'ignore'
[4.812s] Level 1:colcon.colcon_core.package_identification:_identify(src) by extension 'ignore_ament_install'
[4.812s] Level 1:colcon.colcon_core.package_identification:_identify(src) by extensions ['colcon_pkg']
[4.812s] Level 1:colcon.colcon_core.package_identification:_identify(src) by extension 'colcon_pkg'
[4.812s] Level 1:colcon.colcon_core.package_identification:_identify(src) by extensions ['colcon_meta']
[4.812s] Level 1:colcon.colcon_core.package_identification:_identify(src) by extension 'colcon_meta'
[4.813s] Level 1:colcon.colcon_core.package_identification:_identify(src) by extensions ['ros']
[4.813s] Level 1:colcon.colcon_core.package_identification:_identify(src) by extension 'ros'
[4.813s] Level 1:colcon.colcon_core.package_identification:_identify(src) by extensions ['cmake', 'python']
[4.813s] Level 1:colcon.colcon_core.package_identification:_identify(src) by extension 'cmake'
[4.813s] Level 1:colcon.colcon_core.package_identification:_identify(src) by extension 'python'
[4.813s] Level 1:colcon.colcon_core.package_identification:_identify(src) by extensions ['python_setup_py']
[4.813s] Level 1:colcon.colcon_core.package_identification:_identify(src) by extension 'python_setup_py'
[4.813s] Level 1:colcon.colcon_core.package_identification:_identify(src/bluespace_ai_xsens_ros_mti_driver) by extensions ['ignore', 'ignore_ament_install']
[4.814s] Level 1:colcon.colcon_core.package_identification:_identify(src/bluespace_ai_xsens_ros_mti_driver) by extension 'ignore'
[4.814s] Level 1:colcon.colcon_core.package_identification:_identify(src/bluespace_ai_xsens_ros_mti_driver) by extension 'ignore_ament_install'
[4.814s] Level 1:colcon.colcon_core.package_identification:_identify(src/bluespace_ai_xsens_ros_mti_driver) by extensions ['colcon_pkg']
[4.814s] Level 1:colcon.colcon_core.package_identification:_identify(src/bluespace_ai_xsens_ros_mti_driver) by extension 'colcon_pkg'
[4.814s] Level 1:colcon.colcon_core.package_identification:_identify(src/bluespace_ai_xsens_ros_mti_driver) by extensions ['colcon_meta']
[4.814s] Level 1:colcon.colcon_core.package_identification:_identify(src/bluespace_ai_xsens_ros_mti_driver) by extension 'colcon_meta'
[4.814s] Level 1:colcon.colcon_core.package_identification:_identify(src/bluespace_ai_xsens_ros_mti_driver) by extensions ['ros']
[4.814s] Level 1:colcon.colcon_core.package_identification:_identify(src/bluespace_ai_xsens_ros_mti_driver) by extension 'ros'
[4.820s] DEBUG:colcon.colcon_core.package_identification:Package 'src/bluespace_ai_xsens_ros_mti_driver' with type 'ros.ament_cmake' and name 'bluespace_ai_xsens_mti_driver'
[4.820s] Level 1:colcon.colcon_core.package_identification:_identify(src/v4l2_camera) by extensions ['ignore', 'ignore_ament_install']
[4.820s] Level 1:colcon.colcon_core.package_identification:_identify(src/v4l2_camera) by extension 'ignore'
[4.821s] Level 1:colcon.colcon_core.package_identification:_identify(src/v4l2_camera) by extension 'ignore_ament_install'
[4.821s] Level 1:colcon.colcon_core.package_identification:_identify(src/v4l2_camera) by extensions ['colcon_pkg']
[4.821s] Level 1:colcon.colcon_core.package_identification:_identify(src/v4l2_camera) by extension 'colcon_pkg'
[4.821s] Level 1:colcon.colcon_core.package_identification:_identify(src/v4l2_camera) by extensions ['colcon_meta']
[4.821s] Level 1:colcon.colcon_core.package_identification:_identify(src/v4l2_camera) by extension 'colcon_meta'
[4.821s] Level 1:colcon.colcon_core.package_identification:_identify(src/v4l2_camera) by extensions ['ros']
[4.821s] Level 1:colcon.colcon_core.package_identification:_identify(src/v4l2_camera) by extension 'ros'
[4.823s] DEBUG:colcon.colcon_core.package_identification:Package 'src/v4l2_camera' with type 'ros.ament_cmake' and name 'v4l2_camera'
[4.823s] Level 1:colcon.colcon_core.package_discovery:discover_packages(recursive) using defaults
[4.823s] Level 1:colcon.colcon_core.package_discovery:discover_packages(ignore) discover
[4.823s] Level 1:colcon.colcon_core.package_discovery:discover_packages(ignore) using defaults
[4.823s] Level 1:colcon.colcon_core.package_discovery:discover_packages(path) discover
[4.823s] Level 1:colcon.colcon_core.package_discovery:discover_packages(path) using defaults
[5.278s] Level 1:colcon.colcon_core.package_discovery:discover_packages(prefix_path) check parameters
[5.278s] Level 1:colcon.colcon_core.package_discovery:discover_packages(prefix_path) discover
[5.446s] DEBUG:colcon.colcon_installed_package_information.package_discovery:Found 2 installed packages in /home/ubuntu/ros2_ws/install
[5.525s] DEBUG:colcon.colcon_installed_package_information.package_discovery:Found 260 installed packages in /opt/ros/foxy
[5.527s] Level 1:colcon.colcon_core.package_discovery:discover_packages(prefix_path) using defaults
[5.831s] Level 5:colcon.colcon_core.verb:set package 'bluespace_ai_xsens_mti_driver' build argument 'cmake_args' from command line to 'None'
[5.832s] Level 5:colcon.colcon_core.verb:set package 'bluespace_ai_xsens_mti_driver' build argument 'cmake_target' from command line to 'None'
[5.832s] Level 5:colcon.colcon_core.verb:set package 'bluespace_ai_xsens_mti_driver' build argument 'cmake_target_skip_unavailable' from command line to 'False'
[5.832s] Level 5:colcon.colcon_core.verb:set package 'bluespace_ai_xsens_mti_driver' build argument 'cmake_clean_cache' from command line to 'False'
[5.832s] Level 5:colcon.colcon_core.verb:set package 'bluespace_ai_xsens_mti_driver' build argument 'cmake_clean_first' from command line to 'False'
[5.832s] Level 5:colcon.colcon_core.verb:set package 'bluespace_ai_xsens_mti_driver' build argument 'cmake_force_configure' from command line to 'False'
[5.832s] Level 5:colcon.colcon_core.verb:set package 'bluespace_ai_xsens_mti_driver' build argument 'ament_cmake_args' from command line to 'None'
[5.832s] Level 5:colcon.colcon_core.verb:set package 'bluespace_ai_xsens_mti_driver' build argument 'catkin_cmake_args' from command line to 'None'
[5.832s] Level 5:colcon.colcon_core.verb:set package 'bluespace_ai_xsens_mti_driver' build argument 'catkin_skip_building_tests' from command line to 'False'
[5.832s] DEBUG:colcon.colcon_core.verb:Building package 'bluespace_ai_xsens_mti_driver' with the following arguments: {'ament_cmake_args': None, 'build_base': '/home/ubuntu/ros2_ws/build/bluespace_ai_xsens_mti_driver', 'catkin_cmake_args': None, 'catkin_skip_building_tests': False, 'cmake_args': None, 'cmake_clean_cache': False, 'cmake_clean_first': False, 'cmake_force_configure': False, 'cmake_target': None, 'cmake_target_skip_unavailable': False, 'install_base': '/home/ubuntu/ros2_ws/install/bluespace_ai_xsens_mti_driver', 'merge_install': False, 'path': '/home/ubuntu/ros2_ws/src/bluespace_ai_xsens_ros_mti_driver', 'symlink_install': False, 'test_result_base': None}
[5.909s] Level 5:colcon.colcon_core.verb:set package 'v4l2_camera' build argument 'cmake_args' from command line to 'None'
[5.909s] Level 5:colcon.colcon_core.verb:set package 'v4l2_camera' build argument 'cmake_target' from command line to 'None'
[5.909s] Level 5:colcon.colcon_core.verb:set package 'v4l2_camera' build argument 'cmake_target_skip_unavailable' from command line to 'False'
[5.909s] Level 5:colcon.colcon_core.verb:set package 'v4l2_camera' build argument 'cmake_clean_cache' from command line to 'False'
[5.910s] Level 5:colcon.colcon_core.verb:set package 'v4l2_camera' build argument 'cmake_clean_first' from command line to 'False'
[5.910s] Level 5:colcon.colcon_core.verb:set package 'v4l2_camera' build argument 'cmake_force_configure' from command line to 'False'
[5.910s] Level 5:colcon.colcon_core.verb:set package 'v4l2_camera' build argument 'ament_cmake_args' from command line to 'None'
[5.910s] Level 5:colcon.colcon_core.verb:set package 'v4l2_camera' build argument 'catkin_cmake_args' from command line to 'None'
[5.910s] Level 5:colcon.colcon_core.verb:set package 'v4l2_camera' build argument 'catkin_skip_building_tests' from command line to 'False'
[5.910s] DEBUG:colcon.colcon_core.verb:Building package 'v4l2_camera' with the following arguments: {'ament_cmake_args': None, 'build_base': '/home/ubuntu/ros2_ws/build/v4l2_camera', 'catkin_cmake_args': None, 'catkin_skip_building_tests': False, 'cmake_args': None, 'cmake_clean_cache': False, 'cmake_clean_first': False, 'cmake_force_configure': False, 'cmake_target': None, 'cmake_target_skip_unavailable': False, 'install_base': '/home/ubuntu/ros2_ws/install/v4l2_camera', 'merge_install': False, 'path': '/home/ubuntu/ros2_ws/src/v4l2_camera', 'symlink_install': False, 'test_result_base': None}
[5.986s] INFO:colcon.colcon_core.executor:Executing jobs using 'parallel' executor
[6.064s] DEBUG:colcon.colcon_parallel_executor.executor.parallel:run_until_complete
[6.064s] INFO:colcon.colcon_ros.task.ament_cmake.build:Building ROS package in '/home/ubuntu/ros2_ws/src/bluespace_ai_xsens_ros_mti_driver' with build type 'ament_cmake'
[6.065s] INFO:colcon.colcon_cmake.task.cmake.build:Building CMake package in '/home/ubuntu/ros2_ws/src/bluespace_ai_xsens_ros_mti_driver'
[6.148s] INFO:colcon.colcon_core.plugin_system:Skipping extension 'colcon_core.shell.bat': Not used on non-Windows systems
[6.148s] INFO:colcon.colcon_core.shell:Skip shell extension 'powershell' for command environment: Not usable outside of PowerShell
[6.148s] DEBUG:colcon.colcon_core.shell:Skip shell extension 'dsv' for command environment
[6.431s] INFO:colcon.colcon_ros.task.ament_cmake.build:Building ROS package in '/home/ubuntu/ros2_ws/src/v4l2_camera' with build type 'ament_cmake'
[6.432s] INFO:colcon.colcon_cmake.task.cmake.build:Building CMake package in '/home/ubuntu/ros2_ws/src/v4l2_camera'
[6.514s] INFO:colcon.colcon_core.shell:Skip shell extension 'powershell' for command environment: Not usable outside of PowerShell
[6.514s] DEBUG:colcon.colcon_core.shell:Skip shell extension 'dsv' for command environment
[6.769s] DEBUG:colcon.colcon_core.event_handler.log_command:Invoking command in '/home/ubuntu/ros2_ws/build/bluespace_ai_xsens_mti_driver': CMAKE_PREFIX_PATH=${CMAKE_PREFIX_PATH}:/opt/ros/foxy /home/ubuntu/.local/bin/cmake --build /home/ubuntu/ros2_ws/build/bluespace_ai_xsens_mti_driver -- -j4 -l4
[6.788s] DEBUG:colcon.colcon_core.event_handler.log_command:Invoking command in '/home/ubuntu/ros2_ws/build/v4l2_camera': CMAKE_PREFIX_PATH=${CMAKE_PREFIX_PATH}:/opt/ros/foxy /home/ubuntu/.local/bin/cmake --build /home/ubuntu/ros2_ws/build/v4l2_camera -- -j4 -l4
[6.869s] DEBUG:colcon.colcon_core.event_handler.log_command:Invoked command in '/home/ubuntu/ros2_ws/build/v4l2_camera' returned '0': CMAKE_PREFIX_PATH=${CMAKE_PREFIX_PATH}:/opt/ros/foxy /home/ubuntu/.local/bin/cmake --build /home/ubuntu/ros2_ws/build/v4l2_camera -- -j4 -l4
[6.929s] DEBUG:colcon.colcon_core.event_handler.log_command:Invoking command in '/home/ubuntu/ros2_ws/build/v4l2_camera': CMAKE_PREFIX_PATH=${CMAKE_PREFIX_PATH}:/opt/ros/foxy /home/ubuntu/.local/bin/cmake --install /home/ubuntu/ros2_ws/build/v4l2_camera
[6.945s] Level 1:colcon.colcon_core.environment:create_environment_scripts_only(v4l2_camera)
[6.946s] DEBUG:colcon.colcon_core.event_handler.log_command:Invoked command in '/home/ubuntu/ros2_ws/build/v4l2_camera' returned '0': CMAKE_PREFIX_PATH=${CMAKE_PREFIX_PATH}:/opt/ros/foxy /home/ubuntu/.local/bin/cmake --install /home/ubuntu/ros2_ws/build/v4l2_camera
[7.034s] Level 1:colcon.colcon_core.environment:checking '/home/ubuntu/ros2_ws/install/v4l2_camera' for CMake module files
[7.035s] Level 1:colcon.colcon_core.environment:checking '/home/ubuntu/ros2_ws/install/v4l2_camera' for CMake config files
[7.036s] Level 1:colcon.colcon_core.shell:create_environment_hook('v4l2_camera', 'cmake_prefix_path')
[7.118s] INFO:colcon.colcon_core.shell:Creating environment hook '/home/ubuntu/ros2_ws/install/v4l2_camera/share/v4l2_camera/hook/cmake_prefix_path.ps1'
[7.119s] INFO:colcon.colcon_core.shell:Creating environment descriptor '/home/ubuntu/ros2_ws/install/v4l2_camera/share/v4l2_camera/hook/cmake_prefix_path.dsv'
[7.120s] INFO:colcon.colcon_core.shell:Creating environment hook '/home/ubuntu/ros2_ws/install/v4l2_camera/share/v4l2_camera/hook/cmake_prefix_path.sh'
[7.123s] Level 1:colcon.colcon_core.environment:checking '/home/ubuntu/ros2_ws/install/v4l2_camera/lib'
[7.123s] Level 1:colcon.colcon_core.shell:create_environment_hook('v4l2_camera', 'ld_library_path_lib')
[7.206s] INFO:colcon.colcon_core.shell:Creating environment hook '/home/ubuntu/ros2_ws/install/v4l2_camera/share/v4l2_camera/hook/ld_library_path_lib.ps1'
[7.207s] INFO:colcon.colcon_core.shell:Creating environment descriptor '/home/ubuntu/ros2_ws/install/v4l2_camera/share/v4l2_camera/hook/ld_library_path_lib.dsv'
[7.208s] INFO:colcon.colcon_core.shell:Creating environment hook '/home/ubuntu/ros2_ws/install/v4l2_camera/share/v4l2_camera/hook/ld_library_path_lib.sh'
[7.209s] Level 1:colcon.colcon_core.environment:checking '/home/ubuntu/ros2_ws/install/v4l2_camera/bin'
[7.209s] Level 1:colcon.colcon_core.environment:checking '/home/ubuntu/ros2_ws/install/v4l2_camera/lib/pkgconfig/v4l2_camera.pc'
[7.209s] Level 1:colcon.colcon_core.environment:checking '/home/ubuntu/ros2_ws/install/v4l2_camera/lib/python3.8/site-packages'
[7.210s] Level 1:colcon.colcon_core.environment:checking '/home/ubuntu/ros2_ws/install/v4l2_camera/bin'
[7.291s] INFO:colcon.colcon_core.shell:Creating package script '/home/ubuntu/ros2_ws/install/v4l2_camera/share/v4l2_camera/package.ps1'
[7.293s] INFO:colcon.colcon_core.shell:Creating package descriptor '/home/ubuntu/ros2_ws/install/v4l2_camera/share/v4l2_camera/package.dsv'
[7.295s] INFO:colcon.colcon_core.shell:Creating package script '/home/ubuntu/ros2_ws/install/v4l2_camera/share/v4l2_camera/package.sh'
[7.296s] INFO:colcon.colcon_core.shell:Creating package script '/home/ubuntu/ros2_ws/install/v4l2_camera/share/v4l2_camera/package.bash'
[7.298s] INFO:colcon.colcon_core.shell:Creating package script '/home/ubuntu/ros2_ws/install/v4l2_camera/share/v4l2_camera/package.zsh'
[7.299s] Level 1:colcon.colcon_core.environment:create_file_with_runtime_dependencies(/home/ubuntu/ros2_ws/install/v4l2_camera/share/colcon-core/packages/v4l2_camera)
[7.433s] Level 1:colcon.colcon_core.environment:create_environment_scripts_only(v4l2_camera)
[7.515s] Level 1:colcon.colcon_core.environment:checking '/home/ubuntu/ros2_ws/install/v4l2_camera' for CMake module files
[7.516s] Level 1:colcon.colcon_core.environment:checking '/home/ubuntu/ros2_ws/install/v4l2_camera' for CMake config files
[7.517s] Level 1:colcon.colcon_core.shell:create_environment_hook('v4l2_camera', 'cmake_prefix_path')
[7.599s] INFO:colcon.colcon_core.shell:Creating environment hook '/home/ubuntu/ros2_ws/install/v4l2_camera/share/v4l2_camera/hook/cmake_prefix_path.ps1'
[7.600s] INFO:colcon.colcon_core.shell:Creating environment descriptor '/home/ubuntu/ros2_ws/install/v4l2_camera/share/v4l2_camera/hook/cmake_prefix_path.dsv'
[7.601s] INFO:colcon.colcon_core.shell:Creating environment hook '/home/ubuntu/ros2_ws/install/v4l2_camera/share/v4l2_camera/hook/cmake_prefix_path.sh'
[7.603s] Level 1:colcon.colcon_core.environment:checking '/home/ubuntu/ros2_ws/install/v4l2_camera/lib'
[7.603s] Level 1:colcon.colcon_core.shell:create_environment_hook('v4l2_camera', 'ld_library_path_lib')
[7.685s] INFO:colcon.colcon_core.shell:Creating environment hook '/home/ubuntu/ros2_ws/install/v4l2_camera/share/v4l2_camera/hook/ld_library_path_lib.ps1'
[7.686s] INFO:colcon.colcon_core.shell:Creating environment descriptor '/home/ubuntu/ros2_ws/install/v4l2_camera/share/v4l2_camera/hook/ld_library_path_lib.dsv'
[7.687s] INFO:colcon.colcon_core.shell:Creating environment hook '/home/ubuntu/ros2_ws/install/v4l2_camera/share/v4l2_camera/hook/ld_library_path_lib.sh'
[7.688s] Level 1:colcon.colcon_core.environment:checking '/home/ubuntu/ros2_ws/install/v4l2_camera/bin'
[7.688s] Level 1:colcon.colcon_core.environment:checking '/home/ubuntu/ros2_ws/install/v4l2_camera/lib/pkgconfig/v4l2_camera.pc'
[7.689s] Level 1:colcon.colcon_core.environment:checking '/home/ubuntu/ros2_ws/install/v4l2_camera/lib/python3.8/site-packages'
[7.689s] Level 1:colcon.colcon_core.environment:checking '/home/ubuntu/ros2_ws/install/v4l2_camera/bin'
[7.771s] INFO:colcon.colcon_core.shell:Creating package script '/home/ubuntu/ros2_ws/install/v4l2_camera/share/v4l2_camera/package.ps1'
[7.773s] INFO:colcon.colcon_core.shell:Creating package descriptor '/home/ubuntu/ros2_ws/install/v4l2_camera/share/v4l2_camera/package.dsv'
[7.774s] INFO:colcon.colcon_core.shell:Creating package script '/home/ubuntu/ros2_ws/install/v4l2_camera/share/v4l2_camera/package.sh'
[7.775s] INFO:colcon.colcon_core.shell:Creating package script '/home/ubuntu/ros2_ws/install/v4l2_camera/share/v4l2_camera/package.bash'
[7.776s] INFO:colcon.colcon_core.shell:Creating package script '/home/ubuntu/ros2_ws/install/v4l2_camera/share/v4l2_camera/package.zsh'
[7.777s] Level 1:colcon.colcon_core.environment:create_file_with_runtime_dependencies(/home/ubuntu/ros2_ws/install/v4l2_camera/share/colcon-core/packages/v4l2_camera)
[19.308s] DEBUG:colcon.colcon_core.event_handler.log_command:Invoked command in '/home/ubuntu/ros2_ws/build/bluespace_ai_xsens_mti_driver' returned '2': CMAKE_PREFIX_PATH=${CMAKE_PREFIX_PATH}:/opt/ros/foxy /home/ubuntu/.local/bin/cmake --build /home/ubuntu/ros2_ws/build/bluespace_ai_xsens_mti_driver -- -j4 -l4
[19.441s] Level 1:colcon.colcon_core.environment:create_environment_scripts_only(bluespace_ai_xsens_mti_driver)
[19.520s] Level 1:colcon.colcon_core.environment:checking '/home/ubuntu/ros2_ws/install/bluespace_ai_xsens_mti_driver' for CMake module files
[19.521s] Level 1:colcon.colcon_core.environment:checking '/home/ubuntu/ros2_ws/install/bluespace_ai_xsens_mti_driver' for CMake config files
[19.522s] Level 1:colcon.colcon_core.shell:create_environment_hook('bluespace_ai_xsens_mti_driver', 'cmake_prefix_path')
[19.601s] INFO:colcon.colcon_core.shell:Creating environment hook '/home/ubuntu/ros2_ws/install/bluespace_ai_xsens_mti_driver/share/bluespace_ai_xsens_mti_driver/hook/cmake_prefix_path.ps1'
[19.603s] INFO:colcon.colcon_core.shell:Creating environment descriptor '/home/ubuntu/ros2_ws/install/bluespace_ai_xsens_mti_driver/share/bluespace_ai_xsens_mti_driver/hook/cmake_prefix_path.dsv'
[19.603s] INFO:colcon.colcon_core.shell:Creating environment hook '/home/ubuntu/ros2_ws/install/bluespace_ai_xsens_mti_driver/share/bluespace_ai_xsens_mti_driver/hook/cmake_prefix_path.sh'
[19.605s] Level 1:colcon.colcon_core.environment:checking '/home/ubuntu/ros2_ws/install/bluespace_ai_xsens_mti_driver/lib'
[19.605s] Level 1:colcon.colcon_core.environment:checking '/home/ubuntu/ros2_ws/install/bluespace_ai_xsens_mti_driver/bin'
[19.605s] Level 1:colcon.colcon_core.environment:checking '/home/ubuntu/ros2_ws/install/bluespace_ai_xsens_mti_driver/lib/pkgconfig/bluespace_ai_xsens_mti_driver.pc'
[19.606s] Level 1:colcon.colcon_core.environment:checking '/home/ubuntu/ros2_ws/install/bluespace_ai_xsens_mti_driver/lib/python3.8/site-packages'
[19.606s] Level 1:colcon.colcon_core.environment:checking '/home/ubuntu/ros2_ws/install/bluespace_ai_xsens_mti_driver/bin'
[19.686s] INFO:colcon.colcon_core.shell:Creating package script '/home/ubuntu/ros2_ws/install/bluespace_ai_xsens_mti_driver/share/bluespace_ai_xsens_mti_driver/package.ps1'
[19.687s] INFO:colcon.colcon_core.shell:Creating package descriptor '/home/ubuntu/ros2_ws/install/bluespace_ai_xsens_mti_driver/share/bluespace_ai_xsens_mti_driver/package.dsv'
[19.688s] INFO:colcon.colcon_core.shell:Creating package script '/home/ubuntu/ros2_ws/install/bluespace_ai_xsens_mti_driver/share/bluespace_ai_xsens_mti_driver/package.sh'
[19.689s] INFO:colcon.colcon_core.shell:Creating package script '/home/ubuntu/ros2_ws/install/bluespace_ai_xsens_mti_driver/share/bluespace_ai_xsens_mti_driver/package.bash'
[19.690s] INFO:colcon.colcon_core.shell:Creating package script '/home/ubuntu/ros2_ws/install/bluespace_ai_xsens_mti_driver/share/bluespace_ai_xsens_mti_driver/package.zsh'
[19.691s] Level 1:colcon.colcon_core.environment:create_file_with_runtime_dependencies(/home/ubuntu/ros2_ws/install/bluespace_ai_xsens_mti_driver/share/colcon-core/packages/bluespace_ai_xsens_mti_driver)
[19.702s] DEBUG:colcon.colcon_parallel_executor.executor.parallel:closing loop
[19.702s] DEBUG:colcon.colcon_parallel_executor.executor.parallel:loop closed
[19.702s] DEBUG:colcon.colcon_parallel_executor.executor.parallel:run_until_complete finished with '2'
[19.703s] DEBUG:colcon.colcon_core.event_reactor:joining thread
[19.793s] INFO:colcon.colcon_core.plugin_system:Skipping extension 'colcon_notification.desktop_notification.terminal_notifier': Not used on non-Darwin systems
[19.794s] INFO:colcon.colcon_core.plugin_system:Skipping extension 'colcon_notification.desktop_notification.win32': Not used on non-Windows systems
[19.794s] INFO:colcon.colcon_notification.desktop_notification:Sending desktop notification using 'notify2'
[19.833s] DEBUG:colcon.colcon_core.event_reactor:joined thread
[19.915s] INFO:colcon.colcon_core.shell:Creating prefix script '/home/ubuntu/ros2_ws/install/local_setup.ps1'
[19.918s] INFO:colcon.colcon_core.shell:Creating prefix util module '/home/ubuntu/ros2_ws/install/_local_setup_util_ps1.py'
[19.920s] INFO:colcon.colcon_core.shell:Creating prefix chain script '/home/ubuntu/ros2_ws/install/setup.ps1'
[20.002s] INFO:colcon.colcon_core.shell:Creating prefix script '/home/ubuntu/ros2_ws/install/local_setup.sh'
[20.004s] INFO:colcon.colcon_core.shell:Creating prefix util module '/home/ubuntu/ros2_ws/install/_local_setup_util_sh.py'
[20.005s] INFO:colcon.colcon_core.shell:Creating prefix chain script '/home/ubuntu/ros2_ws/install/setup.sh'
[20.085s] INFO:colcon.colcon_core.shell:Creating prefix script '/home/ubuntu/ros2_ws/install/local_setup.bash'
[20.087s] INFO:colcon.colcon_core.shell:Creating prefix chain script '/home/ubuntu/ros2_ws/install/setup.bash'
[20.167s] INFO:colcon.colcon_core.shell:Creating prefix script '/home/ubuntu/ros2_ws/install/local_setup.zsh'
[20.168s] INFO:colcon.colcon_core.shell:Creating prefix chain script '/home/ubuntu/ros2_ws/install/setup.zsh'
