[4.563s] DEBUG:colcon:Command line arguments: ['/usr/bin/colcon', 'build']
[4.563s] DEBUG:colcon:Parsed command line arguments: Namespace(allow_overriding=[], ament_cmake_args=None, base_paths=['.'], build_base='build', catkin_cmake_args=None, catkin_skip_building_tests=False, cmake_args=None, cmake_clean_cache=False, cmake_clean_first=False, cmake_force_configure=False, cmake_target=None, cmake_target_skip_unavailable=False, continue_on_error=False, event_handlers=None, executor='parallel', ignore_user_meta=False, install_base='install', log_base=None, log_level=None, main=<bound method BuildVerb.main of <colcon_core.verb.build.BuildVerb object at 0xffffb6aeeb50>>, merge_install=False, metas=['./colcon.meta'], packages_above=None, packages_above_and_dependencies=None, packages_above_depth=None, packages_end=None, packages_ignore=None, packages_ignore_regex=None, packages_select=None, packages_select_build_failed=False, packages_select_by_dep=None, packages_select_regex=None, packages_select_test_failures=False, packages_skip=None, packages_skip_build_finished=False, packages_skip_by_dep=None, packages_skip_regex=None, packages_skip_test_passed=False, packages_skip_up_to=None, packages_start=None, packages_up_to=None, packages_up_to_regex=None, parallel_workers=4, paths=None, symlink_install=False, test_result_base=None, verb_extension=<colcon_core.verb.build.BuildVerb object at 0xffffb6aeeb50>, verb_name='build', verb_parser=<colcon_defaults.argument_parser.defaults.DefaultArgumentsDecorator object at 0xffffb6776f40>)
[4.762s] Level 1:colcon.colcon_core.package_discovery:discover_packages(colcon_meta) check parameters
[4.762s] Level 1:colcon.colcon_core.package_discovery:discover_packages(recursive) check parameters
[4.762s] Level 1:colcon.colcon_core.package_discovery:discover_packages(ignore) check parameters
[4.762s] Level 1:colcon.colcon_core.package_discovery:discover_packages(path) check parameters
[4.763s] Level 1:colcon.colcon_core.package_discovery:discover_packages(colcon_meta) discover
[4.763s] Level 1:colcon.colcon_core.package_discovery:discover_packages(recursive) discover
[4.763s] INFO:colcon.colcon_core.package_discovery:Crawling recursively for packages in '/home/ubuntu/ros2_ws'
[4.763s] Level 1:colcon.colcon_core.package_identification:_identify(.) by extensions ['ignore', 'ignore_ament_install']
[4.763s] Level 1:colcon.colcon_core.package_identification:_identify(.) by extension 'ignore'
[4.764s] Level 1:colcon.colcon_core.package_identification:_identify(.) by extension 'ignore_ament_install'
[4.764s] Level 1:colcon.colcon_core.package_identification:_identify(.) by extensions ['colcon_pkg']
[4.764s] Level 1:colcon.colcon_core.package_identification:_identify(.) by extension 'colcon_pkg'
[4.764s] Level 1:colcon.colcon_core.package_identification:_identify(.) by extensions ['colcon_meta']
[4.764s] Level 1:colcon.colcon_core.package_identification:_identify(.) by extension 'colcon_meta'
[4.764s] Level 1:colcon.colcon_core.package_identification:_identify(.) by extensions ['ros']
[4.764s] Level 1:colcon.colcon_core.package_identification:_identify(.) by extension 'ros'
[4.787s] Level 1:colcon.colcon_core.package_identification:_identify(.) by extensions ['cmake', 'python']
[4.787s] Level 1:colcon.colcon_core.package_identification:_identify(.) by extension 'cmake'
[4.787s] Level 1:colcon.colcon_core.package_identification:_identify(.) by extension 'python'
[4.787s] Level 1:colcon.colcon_core.package_identification:_identify(.) by extensions ['python_setup_py']
[4.787s] Level 1:colcon.colcon_core.package_identification:_identify(.) by extension 'python_setup_py'
[4.788s] Level 1:colcon.colcon_core.package_identification:_identify(build) by extensions ['ignore', 'ignore_ament_install']
[4.788s] Level 1:colcon.colcon_core.package_identification:_identify(build) by extension 'ignore'
[4.788s] Level 1:colcon.colcon_core.package_identification:_identify(build) ignored
[4.788s] Level 1:colcon.colcon_core.package_identification:_identify(install) by extensions ['ignore', 'ignore_ament_install']
[4.789s] Level 1:colcon.colcon_core.package_identification:_identify(install) by extension 'ignore'
[4.789s] Level 1:colcon.colcon_core.package_identification:_identify(install) ignored
[4.789s] Level 1:colcon.colcon_core.package_identification:_identify(log) by extensions ['ignore', 'ignore_ament_install']
[4.789s] Level 1:colcon.colcon_core.package_identification:_identify(log) by extension 'ignore'
[4.789s] Level 1:colcon.colcon_core.package_identification:_identify(log) ignored
[4.790s] Level 1:colcon.colcon_core.package_identification:_identify(src) by extensions ['ignore', 'ignore_ament_install']
[4.790s] Level 1:colcon.colcon_core.package_identification:_identify(src) by extension 'ignore'
[4.790s] Level 1:colcon.colcon_core.package_identification:_identify(src) by extension 'ignore_ament_install'
[4.790s] Level 1:colcon.colcon_core.package_identification:_identify(src) by extensions ['colcon_pkg']
[4.790s] Level 1:colcon.colcon_core.package_identification:_identify(src) by extension 'colcon_pkg'
[4.790s] Level 1:colcon.colcon_core.package_identification:_identify(src) by extensions ['colcon_meta']
[4.790s] Level 1:colcon.colcon_core.package_identification:_identify(src) by extension 'colcon_meta'
[4.791s] Level 1:colcon.colcon_core.package_identification:_identify(src) by extensions ['ros']
[4.791s] Level 1:colcon.colcon_core.package_identification:_identify(src) by extension 'ros'
[4.791s] Level 1:colcon.colcon_core.package_identification:_identify(src) by extensions ['cmake', 'python']
[4.791s] Level 1:colcon.colcon_core.package_identification:_identify(src) by extension 'cmake'
[4.791s] Level 1:colcon.colcon_core.package_identification:_identify(src) by extension 'python'
[4.791s] Level 1:colcon.colcon_core.package_identification:_identify(src) by extensions ['python_setup_py']
[4.791s] Level 1:colcon.colcon_core.package_identification:_identify(src) by extension 'python_setup_py'
[4.791s] Level 1:colcon.colcon_core.package_identification:_identify(src/bluespace_ai_xsens_ros_mti_driver) by extensions ['ignore', 'ignore_ament_install']
[4.792s] Level 1:colcon.colcon_core.package_identification:_identify(src/bluespace_ai_xsens_ros_mti_driver) by extension 'ignore'
[4.792s] Level 1:colcon.colcon_core.package_identification:_identify(src/bluespace_ai_xsens_ros_mti_driver) by extension 'ignore_ament_install'
[4.792s] Level 1:colcon.colcon_core.package_identification:_identify(src/bluespace_ai_xsens_ros_mti_driver) by extensions ['colcon_pkg']
[4.792s] Level 1:colcon.colcon_core.package_identification:_identify(src/bluespace_ai_xsens_ros_mti_driver) by extension 'colcon_pkg'
[4.792s] Level 1:colcon.colcon_core.package_identification:_identify(src/bluespace_ai_xsens_ros_mti_driver) by extensions ['colcon_meta']
[4.792s] Level 1:colcon.colcon_core.package_identification:_identify(src/bluespace_ai_xsens_ros_mti_driver) by extension 'colcon_meta'
[4.792s] Level 1:colcon.colcon_core.package_identification:_identify(src/bluespace_ai_xsens_ros_mti_driver) by extensions ['ros']
[4.792s] Level 1:colcon.colcon_core.package_identification:_identify(src/bluespace_ai_xsens_ros_mti_driver) by extension 'ros'
[4.798s] DEBUG:colcon.colcon_core.package_identification:Package 'src/bluespace_ai_xsens_ros_mti_driver' with type 'ros.ament_cmake' and name 'bluespace_ai_xsens_mti_driver'
[4.798s] Level 1:colcon.colcon_core.package_identification:_identify(src/v4l2_camera) by extensions ['ignore', 'ignore_ament_install']
[4.798s] Level 1:colcon.colcon_core.package_identification:_identify(src/v4l2_camera) by extension 'ignore'
[4.799s] Level 1:colcon.colcon_core.package_identification:_identify(src/v4l2_camera) by extension 'ignore_ament_install'
[4.799s] Level 1:colcon.colcon_core.package_identification:_identify(src/v4l2_camera) by extensions ['colcon_pkg']
[4.799s] Level 1:colcon.colcon_core.package_identification:_identify(src/v4l2_camera) by extension 'colcon_pkg'
[4.799s] Level 1:colcon.colcon_core.package_identification:_identify(src/v4l2_camera) by extensions ['colcon_meta']
[4.799s] Level 1:colcon.colcon_core.package_identification:_identify(src/v4l2_camera) by extension 'colcon_meta'
[4.799s] Level 1:colcon.colcon_core.package_identification:_identify(src/v4l2_camera) by extensions ['ros']
[4.799s] Level 1:colcon.colcon_core.package_identification:_identify(src/v4l2_camera) by extension 'ros'
[4.801s] DEBUG:colcon.colcon_core.package_identification:Package 'src/v4l2_camera' with type 'ros.ament_cmake' and name 'v4l2_camera'
[4.801s] Level 1:colcon.colcon_core.package_discovery:discover_packages(recursive) using defaults
[4.801s] Level 1:colcon.colcon_core.package_discovery:discover_packages(ignore) discover
[4.801s] Level 1:colcon.colcon_core.package_discovery:discover_packages(ignore) using defaults
[4.801s] Level 1:colcon.colcon_core.package_discovery:discover_packages(path) discover
[4.801s] Level 1:colcon.colcon_core.package_discovery:discover_packages(path) using defaults
[5.253s] Level 1:colcon.colcon_core.package_discovery:discover_packages(prefix_path) check parameters
[5.253s] Level 1:colcon.colcon_core.package_discovery:discover_packages(prefix_path) discover
[5.418s] DEBUG:colcon.colcon_installed_package_information.package_discovery:Found 2 installed packages in /home/ubuntu/ros2_ws/install
[5.497s] DEBUG:colcon.colcon_installed_package_information.package_discovery:Found 260 installed packages in /opt/ros/foxy
[5.500s] Level 1:colcon.colcon_core.package_discovery:discover_packages(prefix_path) using defaults
[5.798s] Level 5:colcon.colcon_core.verb:set package 'bluespace_ai_xsens_mti_driver' build argument 'cmake_args' from command line to 'None'
[5.798s] Level 5:colcon.colcon_core.verb:set package 'bluespace_ai_xsens_mti_driver' build argument 'cmake_target' from command line to 'None'
[5.798s] Level 5:colcon.colcon_core.verb:set package 'bluespace_ai_xsens_mti_driver' build argument 'cmake_target_skip_unavailable' from command line to 'False'
[5.798s] Level 5:colcon.colcon_core.verb:set package 'bluespace_ai_xsens_mti_driver' build argument 'cmake_clean_cache' from command line to 'False'
[5.798s] Level 5:colcon.colcon_core.verb:set package 'bluespace_ai_xsens_mti_driver' build argument 'cmake_clean_first' from command line to 'False'
[5.798s] Level 5:colcon.colcon_core.verb:set package 'bluespace_ai_xsens_mti_driver' build argument 'cmake_force_configure' from command line to 'False'
[5.798s] Level 5:colcon.colcon_core.verb:set package 'bluespace_ai_xsens_mti_driver' build argument 'ament_cmake_args' from command line to 'None'
[5.799s] Level 5:colcon.colcon_core.verb:set package 'bluespace_ai_xsens_mti_driver' build argument 'catkin_cmake_args' from command line to 'None'
[5.799s] Level 5:colcon.colcon_core.verb:set package 'bluespace_ai_xsens_mti_driver' build argument 'catkin_skip_building_tests' from command line to 'False'
[5.799s] DEBUG:colcon.colcon_core.verb:Building package 'bluespace_ai_xsens_mti_driver' with the following arguments: {'ament_cmake_args': None, 'build_base': '/home/ubuntu/ros2_ws/build/bluespace_ai_xsens_mti_driver', 'catkin_cmake_args': None, 'catkin_skip_building_tests': False, 'cmake_args': None, 'cmake_clean_cache': False, 'cmake_clean_first': False, 'cmake_force_configure': False, 'cmake_target': None, 'cmake_target_skip_unavailable': False, 'install_base': '/home/ubuntu/ros2_ws/install/bluespace_ai_xsens_mti_driver', 'merge_install': False, 'path': '/home/ubuntu/ros2_ws/src/bluespace_ai_xsens_ros_mti_driver', 'symlink_install': False, 'test_result_base': None}
[5.874s] Level 5:colcon.colcon_core.verb:set package 'v4l2_camera' build argument 'cmake_args' from command line to 'None'
[5.874s] Level 5:colcon.colcon_core.verb:set package 'v4l2_camera' build argument 'cmake_target' from command line to 'None'
[5.875s] Level 5:colcon.colcon_core.verb:set package 'v4l2_camera' build argument 'cmake_target_skip_unavailable' from command line to 'False'
[5.875s] Level 5:colcon.colcon_core.verb:set package 'v4l2_camera' build argument 'cmake_clean_cache' from command line to 'False'
[5.875s] Level 5:colcon.colcon_core.verb:set package 'v4l2_camera' build argument 'cmake_clean_first' from command line to 'False'
[5.875s] Level 5:colcon.colcon_core.verb:set package 'v4l2_camera' build argument 'cmake_force_configure' from command line to 'False'
[5.875s] Level 5:colcon.colcon_core.verb:set package 'v4l2_camera' build argument 'ament_cmake_args' from command line to 'None'
[5.875s] Level 5:colcon.colcon_core.verb:set package 'v4l2_camera' build argument 'catkin_cmake_args' from command line to 'None'
[5.875s] Level 5:colcon.colcon_core.verb:set package 'v4l2_camera' build argument 'catkin_skip_building_tests' from command line to 'False'
[5.875s] DEBUG:colcon.colcon_core.verb:Building package 'v4l2_camera' with the following arguments: {'ament_cmake_args': None, 'build_base': '/home/ubuntu/ros2_ws/build/v4l2_camera', 'catkin_cmake_args': None, 'catkin_skip_building_tests': False, 'cmake_args': None, 'cmake_clean_cache': False, 'cmake_clean_first': False, 'cmake_force_configure': False, 'cmake_target': None, 'cmake_target_skip_unavailable': False, 'install_base': '/home/ubuntu/ros2_ws/install/v4l2_camera', 'merge_install': False, 'path': '/home/ubuntu/ros2_ws/src/v4l2_camera', 'symlink_install': False, 'test_result_base': None}
[5.951s] INFO:colcon.colcon_core.executor:Executing jobs using 'parallel' executor
[6.029s] DEBUG:colcon.colcon_parallel_executor.executor.parallel:run_until_complete
[6.029s] INFO:colcon.colcon_ros.task.ament_cmake.build:Building ROS package in '/home/ubuntu/ros2_ws/src/bluespace_ai_xsens_ros_mti_driver' with build type 'ament_cmake'
[6.030s] INFO:colcon.colcon_cmake.task.cmake.build:Building CMake package in '/home/ubuntu/ros2_ws/src/bluespace_ai_xsens_ros_mti_driver'
[6.112s] INFO:colcon.colcon_core.plugin_system:Skipping extension 'colcon_core.shell.bat': Not used on non-Windows systems
[6.113s] INFO:colcon.colcon_core.shell:Skip shell extension 'powershell' for command environment: Not usable outside of PowerShell
[6.113s] DEBUG:colcon.colcon_core.shell:Skip shell extension 'dsv' for command environment
[6.398s] INFO:colcon.colcon_ros.task.ament_cmake.build:Building ROS package in '/home/ubuntu/ros2_ws/src/v4l2_camera' with build type 'ament_cmake'
[6.399s] INFO:colcon.colcon_cmake.task.cmake.build:Building CMake package in '/home/ubuntu/ros2_ws/src/v4l2_camera'
[6.482s] INFO:colcon.colcon_core.shell:Skip shell extension 'powershell' for command environment: Not usable outside of PowerShell
[6.483s] DEBUG:colcon.colcon_core.shell:Skip shell extension 'dsv' for command environment
[6.739s] DEBUG:colcon.colcon_core.event_handler.log_command:Invoking command in '/home/ubuntu/ros2_ws/build/bluespace_ai_xsens_mti_driver': CMAKE_PREFIX_PATH=${CMAKE_PREFIX_PATH}:/opt/ros/foxy /home/ubuntu/.local/bin/cmake --build /home/ubuntu/ros2_ws/build/bluespace_ai_xsens_mti_driver -- -j4 -l4
[6.759s] DEBUG:colcon.colcon_core.event_handler.log_command:Invoking command in '/home/ubuntu/ros2_ws/build/v4l2_camera': CMAKE_PREFIX_PATH=${CMAKE_PREFIX_PATH}:/opt/ros/foxy /home/ubuntu/.local/bin/cmake --build /home/ubuntu/ros2_ws/build/v4l2_camera -- -j4 -l4
[6.842s] DEBUG:colcon.colcon_core.event_handler.log_command:Invoked command in '/home/ubuntu/ros2_ws/build/v4l2_camera' returned '0': CMAKE_PREFIX_PATH=${CMAKE_PREFIX_PATH}:/opt/ros/foxy /home/ubuntu/.local/bin/cmake --build /home/ubuntu/ros2_ws/build/v4l2_camera -- -j4 -l4
[6.902s] DEBUG:colcon.colcon_core.event_handler.log_command:Invoking command in '/home/ubuntu/ros2_ws/build/v4l2_camera': CMAKE_PREFIX_PATH=${CMAKE_PREFIX_PATH}:/opt/ros/foxy /home/ubuntu/.local/bin/cmake --install /home/ubuntu/ros2_ws/build/v4l2_camera
[6.920s] Level 1:colcon.colcon_core.environment:create_environment_scripts_only(v4l2_camera)
[6.925s] DEBUG:colcon.colcon_core.event_handler.log_command:Invoked command in '/home/ubuntu/ros2_ws/build/v4l2_camera' returned '0': CMAKE_PREFIX_PATH=${CMAKE_PREFIX_PATH}:/opt/ros/foxy /home/ubuntu/.local/bin/cmake --install /home/ubuntu/ros2_ws/build/v4l2_camera
[7.020s] Level 1:colcon.colcon_core.environment:checking '/home/ubuntu/ros2_ws/install/v4l2_camera' for CMake module files
[7.022s] Level 1:colcon.colcon_core.environment:checking '/home/ubuntu/ros2_ws/install/v4l2_camera' for CMake config files
[7.022s] Level 1:colcon.colcon_core.shell:create_environment_hook('v4l2_camera', 'cmake_prefix_path')
[7.106s] INFO:colcon.colcon_core.shell:Creating environment hook '/home/ubuntu/ros2_ws/install/v4l2_camera/share/v4l2_camera/hook/cmake_prefix_path.ps1'
[7.108s] INFO:colcon.colcon_core.shell:Creating environment descriptor '/home/ubuntu/ros2_ws/install/v4l2_camera/share/v4l2_camera/hook/cmake_prefix_path.dsv'
[7.109s] INFO:colcon.colcon_core.shell:Creating environment hook '/home/ubuntu/ros2_ws/install/v4l2_camera/share/v4l2_camera/hook/cmake_prefix_path.sh'
[7.111s] Level 1:colcon.colcon_core.environment:checking '/home/ubuntu/ros2_ws/install/v4l2_camera/lib'
[7.112s] Level 1:colcon.colcon_core.shell:create_environment_hook('v4l2_camera', 'ld_library_path_lib')
[7.198s] INFO:colcon.colcon_core.shell:Creating environment hook '/home/ubuntu/ros2_ws/install/v4l2_camera/share/v4l2_camera/hook/ld_library_path_lib.ps1'
[7.199s] INFO:colcon.colcon_core.shell:Creating environment descriptor '/home/ubuntu/ros2_ws/install/v4l2_camera/share/v4l2_camera/hook/ld_library_path_lib.dsv'
[7.200s] INFO:colcon.colcon_core.shell:Creating environment hook '/home/ubuntu/ros2_ws/install/v4l2_camera/share/v4l2_camera/hook/ld_library_path_lib.sh'
[7.201s] Level 1:colcon.colcon_core.environment:checking '/home/ubuntu/ros2_ws/install/v4l2_camera/bin'
[7.201s] Level 1:colcon.colcon_core.environment:checking '/home/ubuntu/ros2_ws/install/v4l2_camera/lib/pkgconfig/v4l2_camera.pc'
[7.202s] Level 1:colcon.colcon_core.environment:checking '/home/ubuntu/ros2_ws/install/v4l2_camera/lib/python3.8/site-packages'
[7.202s] Level 1:colcon.colcon_core.environment:checking '/home/ubuntu/ros2_ws/install/v4l2_camera/bin'
[7.286s] INFO:colcon.colcon_core.shell:Creating package script '/home/ubuntu/ros2_ws/install/v4l2_camera/share/v4l2_camera/package.ps1'
[7.289s] INFO:colcon.colcon_core.shell:Creating package descriptor '/home/ubuntu/ros2_ws/install/v4l2_camera/share/v4l2_camera/package.dsv'
[7.290s] INFO:colcon.colcon_core.shell:Creating package script '/home/ubuntu/ros2_ws/install/v4l2_camera/share/v4l2_camera/package.sh'
[7.292s] INFO:colcon.colcon_core.shell:Creating package script '/home/ubuntu/ros2_ws/install/v4l2_camera/share/v4l2_camera/package.bash'
[7.293s] INFO:colcon.colcon_core.shell:Creating package script '/home/ubuntu/ros2_ws/install/v4l2_camera/share/v4l2_camera/package.zsh'
[7.295s] Level 1:colcon.colcon_core.environment:create_file_with_runtime_dependencies(/home/ubuntu/ros2_ws/install/v4l2_camera/share/colcon-core/packages/v4l2_camera)
[7.424s] Level 1:colcon.colcon_core.environment:create_environment_scripts_only(v4l2_camera)
[7.506s] Level 1:colcon.colcon_core.environment:checking '/home/ubuntu/ros2_ws/install/v4l2_camera' for CMake module files
[7.508s] Level 1:colcon.colcon_core.environment:checking '/home/ubuntu/ros2_ws/install/v4l2_camera' for CMake config files
[7.509s] Level 1:colcon.colcon_core.shell:create_environment_hook('v4l2_camera', 'cmake_prefix_path')
[7.591s] INFO:colcon.colcon_core.shell:Creating environment hook '/home/ubuntu/ros2_ws/install/v4l2_camera/share/v4l2_camera/hook/cmake_prefix_path.ps1'
[7.593s] INFO:colcon.colcon_core.shell:Creating environment descriptor '/home/ubuntu/ros2_ws/install/v4l2_camera/share/v4l2_camera/hook/cmake_prefix_path.dsv'
[7.594s] INFO:colcon.colcon_core.shell:Creating environment hook '/home/ubuntu/ros2_ws/install/v4l2_camera/share/v4l2_camera/hook/cmake_prefix_path.sh'
[7.595s] Level 1:colcon.colcon_core.environment:checking '/home/ubuntu/ros2_ws/install/v4l2_camera/lib'
[7.595s] Level 1:colcon.colcon_core.shell:create_environment_hook('v4l2_camera', 'ld_library_path_lib')
[7.676s] INFO:colcon.colcon_core.shell:Creating environment hook '/home/ubuntu/ros2_ws/install/v4l2_camera/share/v4l2_camera/hook/ld_library_path_lib.ps1'
[7.677s] INFO:colcon.colcon_core.shell:Creating environment descriptor '/home/ubuntu/ros2_ws/install/v4l2_camera/share/v4l2_camera/hook/ld_library_path_lib.dsv'
[7.678s] INFO:colcon.colcon_core.shell:Creating environment hook '/home/ubuntu/ros2_ws/install/v4l2_camera/share/v4l2_camera/hook/ld_library_path_lib.sh'
[7.679s] Level 1:colcon.colcon_core.environment:checking '/home/ubuntu/ros2_ws/install/v4l2_camera/bin'
[7.679s] Level 1:colcon.colcon_core.environment:checking '/home/ubuntu/ros2_ws/install/v4l2_camera/lib/pkgconfig/v4l2_camera.pc'
[7.680s] Level 1:colcon.colcon_core.environment:checking '/home/ubuntu/ros2_ws/install/v4l2_camera/lib/python3.8/site-packages'
[7.680s] Level 1:colcon.colcon_core.environment:checking '/home/ubuntu/ros2_ws/install/v4l2_camera/bin'
[7.763s] INFO:colcon.colcon_core.shell:Creating package script '/home/ubuntu/ros2_ws/install/v4l2_camera/share/v4l2_camera/package.ps1'
[7.765s] INFO:colcon.colcon_core.shell:Creating package descriptor '/home/ubuntu/ros2_ws/install/v4l2_camera/share/v4l2_camera/package.dsv'
[7.766s] INFO:colcon.colcon_core.shell:Creating package script '/home/ubuntu/ros2_ws/install/v4l2_camera/share/v4l2_camera/package.sh'
[7.767s] INFO:colcon.colcon_core.shell:Creating package script '/home/ubuntu/ros2_ws/install/v4l2_camera/share/v4l2_camera/package.bash'
[7.768s] INFO:colcon.colcon_core.shell:Creating package script '/home/ubuntu/ros2_ws/install/v4l2_camera/share/v4l2_camera/package.zsh'
[7.769s] Level 1:colcon.colcon_core.environment:create_file_with_runtime_dependencies(/home/ubuntu/ros2_ws/install/v4l2_camera/share/colcon-core/packages/v4l2_camera)
[18.116s] DEBUG:colcon.colcon_core.event_handler.log_command:Invoked command in '/home/ubuntu/ros2_ws/build/bluespace_ai_xsens_mti_driver' returned '2': CMAKE_PREFIX_PATH=${CMAKE_PREFIX_PATH}:/opt/ros/foxy /home/ubuntu/.local/bin/cmake --build /home/ubuntu/ros2_ws/build/bluespace_ai_xsens_mti_driver -- -j4 -l4
[18.238s] Level 1:colcon.colcon_core.environment:create_environment_scripts_only(bluespace_ai_xsens_mti_driver)
[18.317s] Level 1:colcon.colcon_core.environment:checking '/home/ubuntu/ros2_ws/install/bluespace_ai_xsens_mti_driver' for CMake module files
[18.318s] Level 1:colcon.colcon_core.environment:checking '/home/ubuntu/ros2_ws/install/bluespace_ai_xsens_mti_driver' for CMake config files
[18.319s] Level 1:colcon.colcon_core.shell:create_environment_hook('bluespace_ai_xsens_mti_driver', 'cmake_prefix_path')
[18.397s] INFO:colcon.colcon_core.shell:Creating environment hook '/home/ubuntu/ros2_ws/install/bluespace_ai_xsens_mti_driver/share/bluespace_ai_xsens_mti_driver/hook/cmake_prefix_path.ps1'
[18.398s] INFO:colcon.colcon_core.shell:Creating environment descriptor '/home/ubuntu/ros2_ws/install/bluespace_ai_xsens_mti_driver/share/bluespace_ai_xsens_mti_driver/hook/cmake_prefix_path.dsv'
[18.399s] INFO:colcon.colcon_core.shell:Creating environment hook '/home/ubuntu/ros2_ws/install/bluespace_ai_xsens_mti_driver/share/bluespace_ai_xsens_mti_driver/hook/cmake_prefix_path.sh'
[18.400s] Level 1:colcon.colcon_core.environment:checking '/home/ubuntu/ros2_ws/install/bluespace_ai_xsens_mti_driver/lib'
[18.401s] Level 1:colcon.colcon_core.environment:checking '/home/ubuntu/ros2_ws/install/bluespace_ai_xsens_mti_driver/bin'
[18.401s] Level 1:colcon.colcon_core.environment:checking '/home/ubuntu/ros2_ws/install/bluespace_ai_xsens_mti_driver/lib/pkgconfig/bluespace_ai_xsens_mti_driver.pc'
[18.401s] Level 1:colcon.colcon_core.environment:checking '/home/ubuntu/ros2_ws/install/bluespace_ai_xsens_mti_driver/lib/python3.8/site-packages'
[18.402s] Level 1:colcon.colcon_core.environment:checking '/home/ubuntu/ros2_ws/install/bluespace_ai_xsens_mti_driver/bin'
[18.481s] INFO:colcon.colcon_core.shell:Creating package script '/home/ubuntu/ros2_ws/install/bluespace_ai_xsens_mti_driver/share/bluespace_ai_xsens_mti_driver/package.ps1'
[18.482s] INFO:colcon.colcon_core.shell:Creating package descriptor '/home/ubuntu/ros2_ws/install/bluespace_ai_xsens_mti_driver/share/bluespace_ai_xsens_mti_driver/package.dsv'
[18.483s] INFO:colcon.colcon_core.shell:Creating package script '/home/ubuntu/ros2_ws/install/bluespace_ai_xsens_mti_driver/share/bluespace_ai_xsens_mti_driver/package.sh'
[18.484s] INFO:colcon.colcon_core.shell:Creating package script '/home/ubuntu/ros2_ws/install/bluespace_ai_xsens_mti_driver/share/bluespace_ai_xsens_mti_driver/package.bash'
[18.485s] INFO:colcon.colcon_core.shell:Creating package script '/home/ubuntu/ros2_ws/install/bluespace_ai_xsens_mti_driver/share/bluespace_ai_xsens_mti_driver/package.zsh'
[18.486s] Level 1:colcon.colcon_core.environment:create_file_with_runtime_dependencies(/home/ubuntu/ros2_ws/install/bluespace_ai_xsens_mti_driver/share/colcon-core/packages/bluespace_ai_xsens_mti_driver)
[18.497s] DEBUG:colcon.colcon_parallel_executor.executor.parallel:closing loop
[18.497s] DEBUG:colcon.colcon_parallel_executor.executor.parallel:loop closed
[18.498s] DEBUG:colcon.colcon_parallel_executor.executor.parallel:run_until_complete finished with '2'
[18.498s] DEBUG:colcon.colcon_core.event_reactor:joining thread
[18.588s] INFO:colcon.colcon_core.plugin_system:Skipping extension 'colcon_notification.desktop_notification.terminal_notifier': Not used on non-Darwin systems
[18.588s] INFO:colcon.colcon_core.plugin_system:Skipping extension 'colcon_notification.desktop_notification.win32': Not used on non-Windows systems
[18.589s] INFO:colcon.colcon_notification.desktop_notification:Sending desktop notification using 'notify2'
[18.624s] DEBUG:colcon.colcon_core.event_reactor:joined thread
[18.705s] INFO:colcon.colcon_core.shell:Creating prefix script '/home/ubuntu/ros2_ws/install/local_setup.ps1'
[18.707s] INFO:colcon.colcon_core.shell:Creating prefix util module '/home/ubuntu/ros2_ws/install/_local_setup_util_ps1.py'
[18.710s] INFO:colcon.colcon_core.shell:Creating prefix chain script '/home/ubuntu/ros2_ws/install/setup.ps1'
[18.791s] INFO:colcon.colcon_core.shell:Creating prefix script '/home/ubuntu/ros2_ws/install/local_setup.sh'
[18.792s] INFO:colcon.colcon_core.shell:Creating prefix util module '/home/ubuntu/ros2_ws/install/_local_setup_util_sh.py'
[18.793s] INFO:colcon.colcon_core.shell:Creating prefix chain script '/home/ubuntu/ros2_ws/install/setup.sh'
[18.874s] INFO:colcon.colcon_core.shell:Creating prefix script '/home/ubuntu/ros2_ws/install/local_setup.bash'
[18.875s] INFO:colcon.colcon_core.shell:Creating prefix chain script '/home/ubuntu/ros2_ws/install/setup.bash'
[18.955s] INFO:colcon.colcon_core.shell:Creating prefix script '/home/ubuntu/ros2_ws/install/local_setup.zsh'
[18.956s] INFO:colcon.colcon_core.shell:Creating prefix chain script '/home/ubuntu/ros2_ws/install/setup.zsh'
