[0.713s] Invoking command in '/home/ubuntu/ros2_ws/build/bluespace_ai_xsens_mti_driver': CMAKE_PREFIX_PATH=${CMAKE_PREFIX_PATH}:/opt/ros/foxy /home/ubuntu/.local/bin/cmake --build /home/ubuntu/ros2_ws/build/bluespace_ai_xsens_mti_driver -- -j4 -l4
[0.798s] [ 25%] [32mBuilding CXX object CMakeFiles/xsens_mti_node.dir/src/xdainterface.cpp.o[0m
[5.226s] In file included from [01m[K/home/ubuntu/ros2_ws/src/bluespace_ai_xsens_ros_mti_driver/src/xdainterface.cpp:87[m[K:
[5.226s] [01m[K/home/ubuntu/ros2_ws/src/bluespace_ai_xsens_ros_mti_driver/src/messagepublishers/imu_cam_publisher.h:[m[K In member function ‘[01m[Kvirtual void CamImuPublisher::operator()(const XsDataPacket&, rclcpp::Time)[m[K’:
[5.226s] [01m[K/home/ubuntu/ros2_ws/src/bluespace_ai_xsens_ros_mti_driver/src/messagepublishers/imu_cam_publisher.h:40:32:[m[K [01;31m[Kerror: [m[Kno matching function for call to ‘[01m[KCamImuPublisher::imu_callback(const XsDataPacket&)[m[K’
[5.226s]    40 |             imu_callback(packet[01;31m[K)[m[K; // Process IMU data packet
[5.227s]       |                                [01;31m[K^[m[K
[5.227s] [01m[K/home/ubuntu/ros2_ws/src/bluespace_ai_xsens_ros_mti_driver/src/messagepublishers/imu_cam_publisher.h:56:10:[m[K [01;36m[Knote: [m[Kcandidate: ‘[01m[Kvoid CamImuPublisher::imu_callback(const XsDataPacket&, rclcpp::Time&)[m[K’
[5.227s]    56 |     void [01;36m[Kimu_callback[m[K(const XsDataPacket &packet, rclcpp::Time &imu_callback_timestamp)
[5.227s]       |          [01;36m[K^~~~~~~~~~~~[m[K
[5.227s] [01m[K/home/ubuntu/ros2_ws/src/bluespace_ai_xsens_ros_mti_driver/src/messagepublishers/imu_cam_publisher.h:56:10:[m[K [01;36m[Knote: [m[K  candidate expects 2 arguments, 1 provided
[5.240s] [01m[K/home/ubuntu/ros2_ws/src/bluespace_ai_xsens_ros_mti_driver/src/messagepublishers/imu_cam_publisher.h:[m[K In member function ‘[01m[Kvoid CamImuPublisher::imu_callback(const XsDataPacket&, rclcpp::Time&)[m[K’:
[5.241s] [01m[K/home/ubuntu/ros2_ws/src/bluespace_ai_xsens_ros_mti_driver/src/messagepublishers/imu_cam_publisher.h:61:32:[m[K [01;31m[Kerror: [m[K‘[01m[Ktimestamp[m[K’ was not declared in this scope; did you mean ‘[01m[Ktimercmp[m[K’?
[5.241s]    61 |         imu_msg.header.stamp = [01;31m[Ktimestamp[m[K;
[5.241s]       |                                [01;31m[K^~~~~~~~~[m[K
[5.241s]       |                                [32m[Ktimercmp[m[K
[12.636s] make[2]: *** [CMakeFiles/xsens_mti_node.dir/build.make:90: CMakeFiles/xsens_mti_node.dir/src/xdainterface.cpp.o] Error 1
[12.637s] make[1]: *** [CMakeFiles/Makefile2:137: CMakeFiles/xsens_mti_node.dir/all] Error 2
[12.637s] make: *** [Makefile:146: all] Error 2
[12.641s] Invoked command in '/home/ubuntu/ros2_ws/build/bluespace_ai_xsens_mti_driver' returned '2': CMAKE_PREFIX_PATH=${CMAKE_PREFIX_PATH}:/opt/ros/foxy /home/ubuntu/.local/bin/cmake --build /home/ubuntu/ros2_ws/build/bluespace_ai_xsens_mti_driver -- -j4 -l4
