[0.351s] Invoking command in '/home/ubuntu/ros2_ws/build/v4l2_camera': CMAKE_PREFIX_PATH=${CMAKE_PREFIX_PATH}:/opt/ros/foxy /home/ubuntu/.local/bin/cmake --build /home/ubuntu/ros2_ws/build/v4l2_camera -- -j4 -l4
[0.414s] [ 14%] [32mBuilding CXX object CMakeFiles/v4l2_camera.dir/src/v4l2_camera.cpp.o[0m
[9.907s] [ 28%] [32m[1mLinking CXX shared library libv4l2_camera.so[0m
[10.438s] [ 42%] Built target v4l2_camera
[10.462s] [ 71%] [32m[1mLinking CXX executable v4l2_camera_compose_test[0m
[10.462s] [ 71%] [32m[1mLinking CXX executable v4l2_camera_node[0m
[10.871s] [ 85%] Built target v4l2_camera_node
[11.186s] [100%] Built target v4l2_camera_compose_test
[11.195s] Invoked command in '/home/ubuntu/ros2_ws/build/v4l2_camera' returned '0': CMAKE_PREFIX_PATH=${CMAKE_PREFIX_PATH}:/opt/ros/foxy /home/ubuntu/.local/bin/cmake --build /home/ubuntu/ros2_ws/build/v4l2_camera -- -j4 -l4
[11.243s] Invoking command in '/home/ubuntu/ros2_ws/build/v4l2_camera': CMAKE_PREFIX_PATH=${CMAKE_PREFIX_PATH}:/opt/ros/foxy /home/ubuntu/.local/bin/cmake --install /home/ubuntu/ros2_ws/build/v4l2_camera
[11.250s] -- Install configuration: ""
[11.250s] -- Up-to-date: /home/ubuntu/ros2_ws/install/v4l2_camera/include
[11.250s] -- Up-to-date: /home/ubuntu/ros2_ws/install/v4l2_camera/include/v4l2_camera
[11.250s] -- Up-to-date: /home/ubuntu/ros2_ws/install/v4l2_camera/include/v4l2_camera/v4l2_camera.hpp
[11.251s] -- Up-to-date: /home/ubuntu/ros2_ws/install/v4l2_camera/include/v4l2_camera/visibility_control.h
[11.251s] -- Up-to-date: /home/ubuntu/ros2_ws/install/v4l2_camera/include/v4l2_camera/pixel_format.hpp
[11.251s] -- Up-to-date: /home/ubuntu/ros2_ws/install/v4l2_camera/include/v4l2_camera/v4l2_camera_device.hpp
[11.251s] -- Up-to-date: /home/ubuntu/ros2_ws/install/v4l2_camera/include/v4l2_camera/fourcc.hpp
[11.252s] -- Up-to-date: /home/ubuntu/ros2_ws/install/v4l2_camera/include/v4l2_camera/control.hpp
[11.252s] -- Up-to-date: /home/ubuntu/ros2_ws/install/v4l2_camera/include/v4l2_camera/image_format.hpp
[11.252s] -- Installing: /home/ubuntu/ros2_ws/install/v4l2_camera/lib/libv4l2_camera.so
[11.257s] -- Set non-toolchain portion of runtime path of "/home/ubuntu/ros2_ws/install/v4l2_camera/lib/libv4l2_camera.so" to ""
[11.258s] -- Installing: /home/ubuntu/ros2_ws/install/v4l2_camera/lib/v4l2_camera/v4l2_camera_node
[11.258s] -- Set non-toolchain portion of runtime path of "/home/ubuntu/ros2_ws/install/v4l2_camera/lib/v4l2_camera/v4l2_camera_node" to ""
[11.259s] -- Installing: /home/ubuntu/ros2_ws/install/v4l2_camera/lib/v4l2_camera/v4l2_camera_compose_test
[11.264s] -- Set non-toolchain portion of runtime path of "/home/ubuntu/ros2_ws/install/v4l2_camera/lib/v4l2_camera/v4l2_camera_compose_test" to ""
[11.264s] -- Up-to-date: /home/ubuntu/ros2_ws/install/v4l2_camera/share/v4l2_camera/environment/library_path.sh
[11.265s] -- Up-to-date: /home/ubuntu/ros2_ws/install/v4l2_camera/share/v4l2_camera/environment/library_path.dsv
[11.265s] -- Up-to-date: /home/ubuntu/ros2_ws/install/v4l2_camera/share/ament_index/resource_index/package_run_dependencies/v4l2_camera
[11.265s] -- Up-to-date: /home/ubuntu/ros2_ws/install/v4l2_camera/share/ament_index/resource_index/parent_prefix_path/v4l2_camera
[11.265s] -- Up-to-date: /home/ubuntu/ros2_ws/install/v4l2_camera/share/v4l2_camera/environment/ament_prefix_path.sh
[11.266s] -- Up-to-date: /home/ubuntu/ros2_ws/install/v4l2_camera/share/v4l2_camera/environment/ament_prefix_path.dsv
[11.266s] -- Up-to-date: /home/ubuntu/ros2_ws/install/v4l2_camera/share/v4l2_camera/environment/path.sh
[11.266s] -- Up-to-date: /home/ubuntu/ros2_ws/install/v4l2_camera/share/v4l2_camera/environment/path.dsv
[11.266s] -- Up-to-date: /home/ubuntu/ros2_ws/install/v4l2_camera/share/v4l2_camera/local_setup.bash
[11.266s] -- Up-to-date: /home/ubuntu/ros2_ws/install/v4l2_camera/share/v4l2_camera/local_setup.sh
[11.267s] -- Up-to-date: /home/ubuntu/ros2_ws/install/v4l2_camera/share/v4l2_camera/local_setup.zsh
[11.267s] -- Up-to-date: /home/ubuntu/ros2_ws/install/v4l2_camera/share/v4l2_camera/local_setup.dsv
[11.267s] -- Installing: /home/ubuntu/ros2_ws/install/v4l2_camera/share/v4l2_camera/package.dsv
[11.267s] -- Up-to-date: /home/ubuntu/ros2_ws/install/v4l2_camera/share/ament_index/resource_index/packages/v4l2_camera
[11.267s] -- Up-to-date: /home/ubuntu/ros2_ws/install/v4l2_camera/share/ament_index/resource_index/rclcpp_components/v4l2_camera
[11.267s] -- Up-to-date: /home/ubuntu/ros2_ws/install/v4l2_camera/share/v4l2_camera/cmake/export_v4l2_cameraExport.cmake
[11.268s] -- Up-to-date: /home/ubuntu/ros2_ws/install/v4l2_camera/share/v4l2_camera/cmake/export_v4l2_cameraExport-noconfig.cmake
[11.268s] -- Up-to-date: /home/ubuntu/ros2_ws/install/v4l2_camera/share/v4l2_camera/cmake/ament_cmake_export_include_directories-extras.cmake
[11.268s] -- Up-to-date: /home/ubuntu/ros2_ws/install/v4l2_camera/share/v4l2_camera/cmake/ament_cmake_export_targets-extras.cmake
[11.268s] -- Up-to-date: /home/ubuntu/ros2_ws/install/v4l2_camera/share/v4l2_camera/cmake/ament_cmake_export_libraries-extras.cmake
[11.268s] -- Up-to-date: /home/ubuntu/ros2_ws/install/v4l2_camera/share/v4l2_camera/cmake/ament_cmake_export_dependencies-extras.cmake
[11.269s] -- Up-to-date: /home/ubuntu/ros2_ws/install/v4l2_camera/share/v4l2_camera/cmake/v4l2_cameraConfig.cmake
[11.269s] -- Up-to-date: /home/ubuntu/ros2_ws/install/v4l2_camera/share/v4l2_camera/cmake/v4l2_cameraConfig-version.cmake
[11.271s] -- Up-to-date: /home/ubuntu/ros2_ws/install/v4l2_camera/share/v4l2_camera/package.xml
[11.271s] Invoked command in '/home/ubuntu/ros2_ws/build/v4l2_camera' returned '0': CMAKE_PREFIX_PATH=${CMAKE_PREFIX_PATH}:/opt/ros/foxy /home/ubuntu/.local/bin/cmake --install /home/ubuntu/ros2_ws/build/v4l2_camera
