In file included from [01m[K/home/ubuntu/ros2_ws/src/bluespace_ai_xsens_ros_mti_driver/src/xdainterface.cpp:87[m[K:
[01m[K/home/ubuntu/ros2_ws/src/bluespace_ai_xsens_ros_mti_driver/src/messagepublishers/imu_cam_publisher.h:[m[K In constructor ‘[01m[KCamImuPublisher::CamImuPublisher(rclcpp::Node&)[m[K’:
[01m[K/home/ubuntu/ros2_ws/src/bluespace_ai_xsens_ros_mti_driver/src/messagepublishers/imu_cam_publisher.h:19:15:[m[K [01;31m[Kerror: [m[K‘[01m[Kcreate_publisher[m[K’ was not declared in this scope; did you mean ‘[01m[Krclcpp::create_publisher[m[K’?
   19 |         pub = [01;31m[Kcreate_publisher[m[K<sensor_msgs::msg::Image>("/imu_cam_sync", pub_queue_size);
      |               [01;31m[K^~~~~~~~~~~~~~~~[m[K
      |               [32m[Krclcpp::create_publisher[m[K
In file included from [01m[K/opt/ros/foxy/include/rclcpp/node_impl.hpp:39[m[K,
                 from [01m[K/opt/ros/foxy/include/rclcpp/node.hpp:1224[m[K,
                 from [01m[K/opt/ros/foxy/include/rclcpp/executors/single_threaded_executor.hpp:28[m[K,
                 from [01m[K/opt/ros/foxy/include/rclcpp/executors.hpp:22[m[K,
                 from [01m[K/opt/ros/foxy/include/rclcpp/rclcpp.hpp:146[m[K,
                 from [01m[K/home/ubuntu/ros2_ws/src/bluespace_ai_xsens_ros_mti_driver/src/xdainterface.h:65[m[K,
                 from [01m[K/home/ubuntu/ros2_ws/src/bluespace_ai_xsens_ros_mti_driver/src/xdainterface.cpp:62[m[K:
[01m[K/opt/ros/foxy/include/rclcpp/create_publisher.hpp:43:1:[m[K [01;36m[Knote: [m[K‘[01m[Krclcpp::create_publisher[m[K’ declared here
   43 | [01;36m[Kcreate_publisher[m[K(
      | [01;36m[K^~~~~~~~~~~~~~~~[m[K
In file included from [01m[K/home/ubuntu/ros2_ws/src/bluespace_ai_xsens_ros_mti_driver/src/xdainterface.cpp:87[m[K:
[01m[K/home/ubuntu/ros2_ws/src/bluespace_ai_xsens_ros_mti_driver/src/messagepublishers/imu_cam_publisher.h:19:55:[m[K [01;31m[Kerror: [m[Kexpected primary-expression before ‘[01m[K>[m[K’ token
   19 |         pub = create_publisher<sensor_msgs::msg::Image[01;31m[K>[m[K("/imu_cam_sync", pub_queue_size);
      |                                                       [01;31m[K^[m[K
make[2]: *** [CMakeFiles/xsens_mti_node.dir/build.make:90: CMakeFiles/xsens_mti_node.dir/src/xdainterface.cpp.o] Error 1
make[1]: *** [CMakeFiles/Makefile2:137: CMakeFiles/xsens_mti_node.dir/all] Error 2
make: *** [Makefile:146: all] Error 2
