[0.567s] Invoking command in '/home/ubuntu/ros2_ws/build/bluespace_ai_xsens_mti_driver': CMAKE_PREFIX_PATH=/opt/ros/foxy /home/ubuntu/.local/bin/cmake --build /home/ubuntu/ros2_ws/build/bluespace_ai_xsens_mti_driver -- -j4 -l4
[0.795s] [ 25%] [32mBuilding CXX object CMakeFiles/xsens_mti_node.dir/src/xdainterface.cpp.o[0m
[8.410s] In file included from [01m[K/home/ubuntu/ros2_ws/src/bluespace_ai_xsens_ros_mti_driver/src/xdainterface.cpp:87[m[K:
[8.411s] [01m[K/home/ubuntu/ros2_ws/src/bluespace_ai_xsens_ros_mti_driver/src/messagepublishers/imu_cam_publisher.h:[m[K In member function ‘[01m[Kvoid CamImuPublisher::processImage(const XsDataPacket&, rclcpp::Time)[m[K’:
[8.411s] [01m[K/home/ubuntu/ros2_ws/src/bluespace_ai_xsens_ros_mti_driver/src/messagepublishers/imu_cam_publisher.h:54:31:[m[K [01;31m[Kerror: [m[Kno matching function for call to ‘[01m[Krclcpp::Publisher<sensor_msgs::msg::Image_<std::allocator<void> > >::publish(std::shared_ptr<sensor_msgs::msg::Image_<std::allocator<void> > >&)[m[K’
[8.411s]    54 |         pub->publish(image_msg[01;31m[K)[m[K; // Dereference shared pointer
[8.411s]       |                               [01;31m[K^[m[K
[8.411s] In file included from [01m[K/opt/ros/foxy/include/rclcpp/topic_statistics/subscription_topic_statistics.hpp:31[m[K,
[8.411s]                  from [01m[K/opt/ros/foxy/include/rclcpp/subscription.hpp:50[m[K,
[8.412s]                  from [01m[K/opt/ros/foxy/include/rclcpp/any_executable.hpp:25[m[K,
[8.412s]                  from [01m[K/opt/ros/foxy/include/rclcpp/memory_strategy.hpp:24[m[K,
[8.412s]                  from [01m[K/opt/ros/foxy/include/rclcpp/memory_strategies.hpp:18[m[K,
[8.412s]                  from [01m[K/opt/ros/foxy/include/rclcpp/executor_options.hpp:20[m[K,
[8.412s]                  from [01m[K/opt/ros/foxy/include/rclcpp/executor.hpp:33[m[K,
[8.412s]                  from [01m[K/opt/ros/foxy/include/rclcpp/executors/multi_threaded_executor.hpp:26[m[K,
[8.412s]                  from [01m[K/opt/ros/foxy/include/rclcpp/executors.hpp:21[m[K,
[8.413s]                  from [01m[K/opt/ros/foxy/include/rclcpp/rclcpp.hpp:146[m[K,
[8.413s]                  from [01m[K/home/ubuntu/ros2_ws/src/bluespace_ai_xsens_ros_mti_driver/src/xdainterface.h:65[m[K,
[8.413s]                  from [01m[K/home/ubuntu/ros2_ws/src/bluespace_ai_xsens_ros_mti_driver/src/xdainterface.cpp:62[m[K:
[8.413s] [01m[K/opt/ros/foxy/include/rclcpp/publisher.hpp:185:3:[m[K [01;36m[Knote: [m[Kcandidate: ‘[01m[Kvoid rclcpp::Publisher<MessageT, AllocatorT>::publish(std::unique_ptr<MessageT, typename std::conditional<std::is_same<typename std::allocator_traits<typename std::allocator_traits<_Alloc>::rebind_traits<MessageT>::allocator_type>::rebind_alloc<MessageT>, typename std::allocator<void>::rebind<_Tp1>::other>::value, std::default_delete<_Tp>, rclcpp::allocator::AllocatorDeleter<typename std::allocator_traits<_Alloc>::rebind_traits<MessageT>::allocator_type> >::type>) [with MessageT = sensor_msgs::msg::Image_<std::allocator<void> >; AllocatorT = std::allocator<void>; typename std::conditional<std::is_same<typename std::allocator_traits<typename std::allocator_traits<_Alloc>::rebind_traits<MessageT>::allocator_type>::rebind_alloc<MessageT>, typename std::allocator<void>::rebind<_Tp1>::other>::value, std::default_delete<_Tp>, rclcpp::allocator::AllocatorDeleter<typename std::allocator_traits<_Alloc>::rebind_traits<MessageT>::allocator_type> >::type = std::default_delete<sensor_msgs::msg::Image_<std::allocator<void> > >][m[K’
[8.413s]   185 |   [01;36m[Kpublish[m[K(std::unique_ptr<MessageT, MessageDeleter> msg)
[8.413s]       |   [01;36m[K^~~~~~~[m[K
[8.413s] [01m[K/opt/ros/foxy/include/rclcpp/publisher.hpp:185:53:[m[K [01;36m[Knote: [m[K  no known conversion for argument 1 from ‘[01m[Kstd::shared_ptr<sensor_msgs::msg::Image_<std::allocator<void> > >[m[K’ to ‘[01m[Kstd::unique_ptr<sensor_msgs::msg::Image_<std::allocator<void> >, std::default_delete<sensor_msgs::msg::Image_<std::allocator<void> > > >[m[K’
[8.414s]   185 |   publish([01;36m[Kstd::unique_ptr<MessageT, MessageDeleter> msg[m[K)
[8.414s]       |           [01;36m[K~~~~~~~~~~~~~~~~~~~~~~~~~~~~~~~~~~~~~~~~~~^~~[m[K
[8.414s] [01m[K/opt/ros/foxy/include/rclcpp/publisher.hpp:209:3:[m[K [01;36m[Knote: [m[Kcandidate: ‘[01m[Kvoid rclcpp::Publisher<MessageT, AllocatorT>::publish(const MessageT&) [with MessageT = sensor_msgs::msg::Image_<std::allocator<void> >; AllocatorT = std::allocator<void>][m[K’
[8.414s]   209 |   [01;36m[Kpublish[m[K(const MessageT & msg)
[8.414s]       |   [01;36m[K^~~~~~~[m[K
[8.414s] [01m[K/opt/ros/foxy/include/rclcpp/publisher.hpp:209:28:[m[K [01;36m[Knote: [m[K  no known conversion for argument 1 from ‘[01m[Kstd::shared_ptr<sensor_msgs::msg::Image_<std::allocator<void> > >[m[K’ to ‘[01m[Kconst sensor_msgs::msg::Image_<std::allocator<void> >&[m[K’
[8.414s]   209 |   publish([01;36m[Kconst MessageT & msg[m[K)
[8.415s]       |           [01;36m[K~~~~~~~~~~~~~~~~~^~~[m[K
[8.415s] [01m[K/opt/ros/foxy/include/rclcpp/publisher.hpp:226:3:[m[K [01;36m[Knote: [m[Kcandidate: ‘[01m[Kvoid rclcpp::Publisher<MessageT, AllocatorT>::publish(const rcl_serialized_message_t&) [with MessageT = sensor_msgs::msg::Image_<std::allocator<void> >; AllocatorT = std::allocator<void>; rcl_serialized_message_t = rcutils_uint8_array_t][m[K’
[8.415s]   226 |   [01;36m[Kpublish[m[K(const rcl_serialized_message_t & serialized_msg)
[8.415s]       |   [01;36m[K^~~~~~~[m[K
[8.415s] [01m[K/opt/ros/foxy/include/rclcpp/publisher.hpp:226:44:[m[K [01;36m[Knote: [m[K  no known conversion for argument 1 from ‘[01m[Kstd::shared_ptr<sensor_msgs::msg::Image_<std::allocator<void> > >[m[K’ to ‘[01m[Kconst rcl_serialized_message_t&[m[K’ {aka ‘[01m[Kconst rcutils_uint8_array_t&[m[K’}
[8.415s]   226 |   publish([01;36m[Kconst rcl_serialized_message_t & serialized_msg[m[K)
[8.416s]       |           [01;36m[K~~~~~~~~~~~~~~~~~~~~~~~~~~~~~~~~~^~~~~~~~~~~~~~[m[K
[8.416s] [01m[K/opt/ros/foxy/include/rclcpp/publisher.hpp:232:3:[m[K [01;36m[Knote: [m[Kcandidate: ‘[01m[Kvoid rclcpp::Publisher<MessageT, AllocatorT>::publish(const rclcpp::SerializedMessage&) [with MessageT = sensor_msgs::msg::Image_<std::allocator<void> >; AllocatorT = std::allocator<void>][m[K’
[8.416s]   232 |   [01;36m[Kpublish[m[K(const SerializedMessage & serialized_msg)
[8.416s]       |   [01;36m[K^~~~~~~[m[K
[8.416s] [01m[K/opt/ros/foxy/include/rclcpp/publisher.hpp:232:37:[m[K [01;36m[Knote: [m[K  no known conversion for argument 1 from ‘[01m[Kstd::shared_ptr<sensor_msgs::msg::Image_<std::allocator<void> > >[m[K’ to ‘[01m[Kconst rclcpp::SerializedMessage&[m[K’
[8.416s]   232 |   publish([01;36m[Kconst SerializedMessage & serialized_msg[m[K)
[8.416s]       |           [01;36m[K~~~~~~~~~~~~~~~~~~~~~~~~~~^~~~~~~~~~~~~~[m[K
[8.417s] [01m[K/opt/ros/foxy/include/rclcpp/publisher.hpp:246:3:[m[K [01;36m[Knote: [m[Kcandidate: ‘[01m[Kvoid rclcpp::Publisher<MessageT, AllocatorT>::publish(rclcpp::LoanedMessage<MessageT, AllocatorT>&&) [with MessageT = sensor_msgs::msg::Image_<std::allocator<void> >; AllocatorT = std::allocator<void>][m[K’
[8.417s]   246 |   [01;36m[Kpublish[m[K(rclcpp::LoanedMessage<MessageT, AllocatorT> && loaned_msg)
[8.417s]       |   [01;36m[K^~~~~~~[m[K
[8.417s] [01m[K/opt/ros/foxy/include/rclcpp/publisher.hpp:246:58:[m[K [01;36m[Knote: [m[K  no known conversion for argument 1 from ‘[01m[Kstd::shared_ptr<sensor_msgs::msg::Image_<std::allocator<void> > >[m[K’ to ‘[01m[Krclcpp::LoanedMessage<sensor_msgs::msg::Image_<std::allocator<void> >, std::allocator<void> >&&[m[K’
[8.417s]   246 |   publish([01;36m[Krclcpp::LoanedMessage<MessageT, AllocatorT> && loaned_msg[m[K)
[8.417s]       |           [01;36m[K~~~~~~~~~~~~~~~~~~~~~~~~~~~~~~~~~~~~~~~~~~~~~~~^~~~~~~~~~[m[K
[15.056s] make[2]: *** [CMakeFiles/xsens_mti_node.dir/build.make:90: CMakeFiles/xsens_mti_node.dir/src/xdainterface.cpp.o] Error 1
[15.056s] make[1]: *** [CMakeFiles/Makefile2:137: CMakeFiles/xsens_mti_node.dir/all] Error 2
[15.057s] make: *** [Makefile:146: all] Error 2
[15.061s] Invoked command in '/home/ubuntu/ros2_ws/build/bluespace_ai_xsens_mti_driver' returned '2': CMAKE_PREFIX_PATH=/opt/ros/foxy /home/ubuntu/.local/bin/cmake --build /home/ubuntu/ros2_ws/build/bluespace_ai_xsens_mti_driver -- -j4 -l4
