[0.268s] Invoking command in '/home/ubuntu/ros2_ws/build/v4l2_camera': CMAKE_PREFIX_PATH=/opt/ros/foxy /home/ubuntu/.local/bin/cmake /home/ubuntu/ros2_ws/src/v4l2_camera -DCMAKE_INSTALL_PREFIX=/home/ubuntu/ros2_ws/install/v4l2_camera
[0.472s] -- The C compiler identification is GNU 9.4.0
[0.633s] -- The CXX compiler identification is GNU 9.4.0
[0.679s] -- Detecting C compiler ABI info
[0.797s] -- Detecting C compiler ABI info - done
[0.825s] -- Check for working C compiler: /usr/bin/cc - skipped
[0.826s] -- Detecting C compile features
[0.827s] -- Detecting C compile features - done
[0.852s] -- Detecting CXX compiler ABI info
[0.981s] -- Detecting CXX compiler ABI info - done
[1.010s] -- Check for working CXX compiler: /usr/bin/c++ - skipped
[1.010s] -- Detecting CXX compile features
[1.011s] -- Detecting CXX compile features - done
[1.019s] -- Found ament_cmake: 0.9.12 (/opt/ros/foxy/share/ament_cmake/cmake)
[1.031s] [33mCMake Warning (dev) at /opt/ros/foxy/share/ament_cmake_core/cmake/core/python.cmake:22 (find_package):
[1.031s]   Policy CMP0148 is not set: The FindPythonInterp and FindPythonLibs modules
[1.032s]   are removed.  Run "cmake --help-policy CMP0148" for policy details.  Use
[1.032s]   the cmake_policy command to set the policy and suppress this warning.
[1.032s] 
[1.032s] Call Stack (most recent call first):
[1.032s]   /opt/ros/foxy/share/ament_cmake_core/cmake/core/all.cmake:53 (include)
[1.032s]   /opt/ros/foxy/share/ament_cmake_core/cmake/ament_cmake_core-extras.cmake:17 (include)
[1.032s]   /opt/ros/foxy/share/ament_cmake_core/cmake/ament_cmake_coreConfig.cmake:41 (include)
[1.032s]   /opt/ros/foxy/share/ament_cmake/cmake/ament_cmake_export_dependencies-extras.cmake:15 (find_package)
[1.033s]   /opt/ros/foxy/share/ament_cmake/cmake/ament_cmakeConfig.cmake:41 (include)
[1.033s]   CMakeLists.txt:19 (find_package)
[1.033s] This warning is for project developers.  Use -Wno-dev to suppress it.
[1.033s] [0m
[1.073s] -- Found PythonInterp: /usr/bin/python3 (found suitable version "3.8.10", minimum required is "3") 
[1.073s] -- Using PYTHON_EXECUTABLE: /usr/bin/python3
[1.499s] -- Found ament_cmake_ros: 0.9.2 (/opt/ros/foxy/share/ament_cmake_ros/cmake)
[1.517s] -- Found rclcpp: 2.4.3 (/opt/ros/foxy/share/rclcpp/cmake)
[1.619s] -- Using all available rosidl_typesupport_c: rosidl_typesupport_fastrtps_c;rosidl_typesupport_introspection_c
[1.634s] -- Found rosidl_adapter: 1.3.1 (/opt/ros/foxy/share/rosidl_adapter/cmake)
[1.787s] -- Found OpenSSL: /usr/lib/aarch64-linux-gnu/libcrypto.so (found version "1.1.1f")  
[1.848s] -- Found FastRTPS: /opt/ros/foxy/include  
[2.022s] -- Using all available rosidl_typesupport_cpp: rosidl_typesupport_fastrtps_cpp;rosidl_typesupport_introspection_cpp
[2.148s] -- Found rmw_implementation_cmake: 1.0.4 (/opt/ros/foxy/share/rmw_implementation_cmake/cmake)
[2.152s] -- Using RMW implementation 'rmw_fastrtps_cpp' as default
[2.154s] -- Performing Test CMAKE_HAVE_LIBC_PTHREAD
[2.270s] -- Performing Test CMAKE_HAVE_LIBC_PTHREAD - Failed
[2.270s] -- Looking for pthread_create in pthreads
[2.357s] -- Looking for pthread_create in pthreads - not found
[2.357s] -- Looking for pthread_create in pthread
[2.464s] -- Looking for pthread_create in pthread - found
[2.468s] -- Found Threads: TRUE  
[2.790s] -- Found rclcpp_components: 2.4.3 (/opt/ros/foxy/share/rclcpp_components/cmake)
[2.914s] -- Found image_transport: 2.4.0 (/opt/ros/foxy/share/image_transport/cmake)
[3.238s] -- Found camera_info_manager: 2.4.0 (/opt/ros/foxy/share/camera_info_manager/cmake)
[3.281s] -- Setting yaml-cpp_DIR to: '/opt/ros/foxy/share/yaml_cpp_vendor/cmake/../../../opt/yaml_cpp_vendor/lib/cmake/yaml-cpp'
[3.452s] -- Found ament_lint_auto: 0.9.8 (/opt/ros/foxy/share/ament_lint_auto/cmake)
[3.625s] -- Added test 'cppcheck' to perform static code analysis on C / C++ code
[3.625s] -- Configured cppcheck include dirs: $<BUILD_INTERFACE:/home/ubuntu/ros2_ws/src/v4l2_camera/include>
[3.626s] -- Configured cppcheck exclude dirs and/or files: 
[3.632s] -- Added test 'cpplint' to check C / C++ code against the Google style
[3.632s] -- Configured cpplint exclude dirs and/or files: 
[3.635s] -- Added test 'lint_cmake' to check CMake code style
[3.644s] -- Added test 'uncrustify' to check C / C++ code style
[3.644s] -- Configured uncrustify additional arguments: 
[3.645s] -- Added test 'xmllint' to check XML markup files
[3.655s] -- Configuring done (3.4s)
[3.736s] -- Generating done (0.1s)
[3.741s] -- Build files have been written to: /home/ubuntu/ros2_ws/build/v4l2_camera
[3.762s] Invoked command in '/home/ubuntu/ros2_ws/build/v4l2_camera' returned '0': CMAKE_PREFIX_PATH=/opt/ros/foxy /home/ubuntu/.local/bin/cmake /home/ubuntu/ros2_ws/src/v4l2_camera -DCMAKE_INSTALL_PREFIX=/home/ubuntu/ros2_ws/install/v4l2_camera
[3.771s] Invoking command in '/home/ubuntu/ros2_ws/build/v4l2_camera': CMAKE_PREFIX_PATH=/opt/ros/foxy /home/ubuntu/.local/bin/cmake --build /home/ubuntu/ros2_ws/build/v4l2_camera -- -j4 -l4
[3.807s] [ 14%] [32mBuilding CXX object CMakeFiles/v4l2_camera.dir/src/v4l2_camera.cpp.o[0m
[3.807s] [ 28%] [32mBuilding CXX object CMakeFiles/v4l2_camera.dir/src/v4l2_camera_device.cpp.o[0m
[13.671s] [ 42%] [32m[1mLinking CXX shared library libv4l2_camera.so[0m
[14.217s] [ 42%] Built target v4l2_camera
[14.230s] [ 57%] [32mBuilding CXX object CMakeFiles/v4l2_camera_node.dir/src/v4l2_camera_node.cpp.o[0m
[14.230s] [ 71%] [32mBuilding CXX object CMakeFiles/v4l2_camera_compose_test.dir/src/v4l2_camera_compose_test.cpp.o[0m
[19.194s] [ 85%] [32m[1mLinking CXX executable v4l2_camera_node[0m
[19.549s] [ 85%] Built target v4l2_camera_node
[25.361s] [100%] [32m[1mLinking CXX executable v4l2_camera_compose_test[0m
[25.984s] [100%] Built target v4l2_camera_compose_test
[25.993s] Invoked command in '/home/ubuntu/ros2_ws/build/v4l2_camera' returned '0': CMAKE_PREFIX_PATH=/opt/ros/foxy /home/ubuntu/.local/bin/cmake --build /home/ubuntu/ros2_ws/build/v4l2_camera -- -j4 -l4
[26.045s] Invoking command in '/home/ubuntu/ros2_ws/build/v4l2_camera': CMAKE_PREFIX_PATH=/opt/ros/foxy /home/ubuntu/.local/bin/cmake --install /home/ubuntu/ros2_ws/build/v4l2_camera
[26.051s] -- Install configuration: ""
[26.051s] -- Installing: /home/ubuntu/ros2_ws/install/v4l2_camera/include
[26.051s] -- Installing: /home/ubuntu/ros2_ws/install/v4l2_camera/include/v4l2_camera
[26.052s] -- Installing: /home/ubuntu/ros2_ws/install/v4l2_camera/include/v4l2_camera/v4l2_camera.hpp
[26.052s] -- Installing: /home/ubuntu/ros2_ws/install/v4l2_camera/include/v4l2_camera/visibility_control.h
[26.052s] -- Installing: /home/ubuntu/ros2_ws/install/v4l2_camera/include/v4l2_camera/pixel_format.hpp
[26.052s] -- Installing: /home/ubuntu/ros2_ws/install/v4l2_camera/include/v4l2_camera/v4l2_camera_device.hpp
[26.052s] -- Installing: /home/ubuntu/ros2_ws/install/v4l2_camera/include/v4l2_camera/fourcc.hpp
[26.053s] -- Installing: /home/ubuntu/ros2_ws/install/v4l2_camera/include/v4l2_camera/control.hpp
[26.053s] -- Installing: /home/ubuntu/ros2_ws/install/v4l2_camera/include/v4l2_camera/image_format.hpp
[26.053s] -- Installing: /home/ubuntu/ros2_ws/install/v4l2_camera/lib/libv4l2_camera.so
[26.058s] -- Set non-toolchain portion of runtime path of "/home/ubuntu/ros2_ws/install/v4l2_camera/lib/libv4l2_camera.so" to ""
[26.058s] -- Installing: /home/ubuntu/ros2_ws/install/v4l2_camera/lib/v4l2_camera/v4l2_camera_node
[26.059s] -- Set non-toolchain portion of runtime path of "/home/ubuntu/ros2_ws/install/v4l2_camera/lib/v4l2_camera/v4l2_camera_node" to ""
[26.059s] -- Installing: /home/ubuntu/ros2_ws/install/v4l2_camera/lib/v4l2_camera/v4l2_camera_compose_test
[26.063s] -- Set non-toolchain portion of runtime path of "/home/ubuntu/ros2_ws/install/v4l2_camera/lib/v4l2_camera/v4l2_camera_compose_test" to ""
[26.064s] -- Installing: /home/ubuntu/ros2_ws/install/v4l2_camera/share/v4l2_camera/environment/library_path.sh
[26.064s] -- Installing: /home/ubuntu/ros2_ws/install/v4l2_camera/share/v4l2_camera/environment/library_path.dsv
[26.064s] -- Installing: /home/ubuntu/ros2_ws/install/v4l2_camera/share/ament_index/resource_index/package_run_dependencies/v4l2_camera
[26.065s] -- Installing: /home/ubuntu/ros2_ws/install/v4l2_camera/share/ament_index/resource_index/parent_prefix_path/v4l2_camera
[26.065s] -- Installing: /home/ubuntu/ros2_ws/install/v4l2_camera/share/v4l2_camera/environment/ament_prefix_path.sh
[26.065s] -- Installing: /home/ubuntu/ros2_ws/install/v4l2_camera/share/v4l2_camera/environment/ament_prefix_path.dsv
[26.066s] -- Installing: /home/ubuntu/ros2_ws/install/v4l2_camera/share/v4l2_camera/environment/path.sh
[26.066s] -- Installing: /home/ubuntu/ros2_ws/install/v4l2_camera/share/v4l2_camera/environment/path.dsv
[26.066s] -- Installing: /home/ubuntu/ros2_ws/install/v4l2_camera/share/v4l2_camera/local_setup.bash
[26.066s] -- Installing: /home/ubuntu/ros2_ws/install/v4l2_camera/share/v4l2_camera/local_setup.sh
[26.067s] -- Installing: /home/ubuntu/ros2_ws/install/v4l2_camera/share/v4l2_camera/local_setup.zsh
[26.067s] -- Installing: /home/ubuntu/ros2_ws/install/v4l2_camera/share/v4l2_camera/local_setup.dsv
[26.067s] -- Installing: /home/ubuntu/ros2_ws/install/v4l2_camera/share/v4l2_camera/package.dsv
[26.068s] -- Installing: /home/ubuntu/ros2_ws/install/v4l2_camera/share/ament_index/resource_index/packages/v4l2_camera
[26.068s] -- Installing: /home/ubuntu/ros2_ws/install/v4l2_camera/share/ament_index/resource_index/rclcpp_components/v4l2_camera
[26.068s] -- Installing: /home/ubuntu/ros2_ws/install/v4l2_camera/share/v4l2_camera/cmake/export_v4l2_cameraExport.cmake
[26.069s] -- Installing: /home/ubuntu/ros2_ws/install/v4l2_camera/share/v4l2_camera/cmake/export_v4l2_cameraExport-noconfig.cmake
[26.069s] -- Installing: /home/ubuntu/ros2_ws/install/v4l2_camera/share/v4l2_camera/cmake/ament_cmake_export_include_directories-extras.cmake
[26.069s] -- Installing: /home/ubuntu/ros2_ws/install/v4l2_camera/share/v4l2_camera/cmake/ament_cmake_export_targets-extras.cmake
[26.069s] -- Installing: /home/ubuntu/ros2_ws/install/v4l2_camera/share/v4l2_camera/cmake/ament_cmake_export_libraries-extras.cmake
[26.070s] -- Installing: /home/ubuntu/ros2_ws/install/v4l2_camera/share/v4l2_camera/cmake/ament_cmake_export_dependencies-extras.cmake
[26.070s] -- Installing: /home/ubuntu/ros2_ws/install/v4l2_camera/share/v4l2_camera/cmake/v4l2_cameraConfig.cmake
[26.070s] -- Installing: /home/ubuntu/ros2_ws/install/v4l2_camera/share/v4l2_camera/cmake/v4l2_cameraConfig-version.cmake
[26.070s] -- Installing: /home/ubuntu/ros2_ws/install/v4l2_camera/share/v4l2_camera/package.xml
[26.074s] Invoked command in '/home/ubuntu/ros2_ws/build/v4l2_camera' returned '0': CMAKE_PREFIX_PATH=/opt/ros/foxy /home/ubuntu/.local/bin/cmake --install /home/ubuntu/ros2_ws/build/v4l2_camera
