[4.699s] DEBUG:colcon:Command line arguments: ['/usr/bin/colcon', 'build']
[4.699s] DEBUG:colcon:Parsed command line arguments: Namespace(allow_overriding=[], ament_cmake_args=None, base_paths=['.'], build_base='build', catkin_cmake_args=None, catkin_skip_building_tests=False, cmake_args=None, cmake_clean_cache=False, cmake_clean_first=False, cmake_force_configure=False, cmake_target=None, cmake_target_skip_unavailable=False, continue_on_error=False, event_handlers=None, executor='parallel', ignore_user_meta=False, install_base='install', log_base=None, log_level=None, main=<bound method BuildVerb.main of <colcon_core.verb.build.BuildVerb object at 0xffffb3396b50>>, merge_install=False, metas=['./colcon.meta'], packages_above=None, packages_above_and_dependencies=None, packages_above_depth=None, packages_end=None, packages_ignore=None, packages_ignore_regex=None, packages_select=None, packages_select_build_failed=False, packages_select_by_dep=None, packages_select_regex=None, packages_select_test_failures=False, packages_skip=None, packages_skip_build_finished=False, packages_skip_by_dep=None, packages_skip_regex=None, packages_skip_test_passed=False, packages_skip_up_to=None, packages_start=None, packages_up_to=None, packages_up_to_regex=None, parallel_workers=4, paths=None, symlink_install=False, test_result_base=None, verb_extension=<colcon_core.verb.build.BuildVerb object at 0xffffb3396b50>, verb_name='build', verb_parser=<colcon_defaults.argument_parser.defaults.DefaultArgumentsDecorator object at 0xffffb30208e0>)
[4.914s] Level 1:colcon.colcon_core.package_discovery:discover_packages(colcon_meta) check parameters
[4.914s] Level 1:colcon.colcon_core.package_discovery:discover_packages(recursive) check parameters
[4.914s] Level 1:colcon.colcon_core.package_discovery:discover_packages(ignore) check parameters
[4.914s] Level 1:colcon.colcon_core.package_discovery:discover_packages(path) check parameters
[4.915s] Level 1:colcon.colcon_core.package_discovery:discover_packages(colcon_meta) discover
[4.915s] Level 1:colcon.colcon_core.package_discovery:discover_packages(recursive) discover
[4.915s] INFO:colcon.colcon_core.package_discovery:Crawling recursively for packages in '/home/ubuntu/ros2_ws'
[4.915s] Level 1:colcon.colcon_core.package_identification:_identify(.) by extensions ['ignore', 'ignore_ament_install']
[4.915s] Level 1:colcon.colcon_core.package_identification:_identify(.) by extension 'ignore'
[4.916s] Level 1:colcon.colcon_core.package_identification:_identify(.) by extension 'ignore_ament_install'
[4.916s] Level 1:colcon.colcon_core.package_identification:_identify(.) by extensions ['colcon_pkg']
[4.916s] Level 1:colcon.colcon_core.package_identification:_identify(.) by extension 'colcon_pkg'
[4.916s] Level 1:colcon.colcon_core.package_identification:_identify(.) by extensions ['colcon_meta']
[4.916s] Level 1:colcon.colcon_core.package_identification:_identify(.) by extension 'colcon_meta'
[4.916s] Level 1:colcon.colcon_core.package_identification:_identify(.) by extensions ['ros']
[4.916s] Level 1:colcon.colcon_core.package_identification:_identify(.) by extension 'ros'
[4.942s] Level 1:colcon.colcon_core.package_identification:_identify(.) by extensions ['cmake', 'python']
[4.942s] Level 1:colcon.colcon_core.package_identification:_identify(.) by extension 'cmake'
[4.943s] Level 1:colcon.colcon_core.package_identification:_identify(.) by extension 'python'
[4.943s] Level 1:colcon.colcon_core.package_identification:_identify(.) by extensions ['python_setup_py']
[4.943s] Level 1:colcon.colcon_core.package_identification:_identify(.) by extension 'python_setup_py'
[4.943s] Level 1:colcon.colcon_core.package_identification:_identify(build) by extensions ['ignore', 'ignore_ament_install']
[4.943s] Level 1:colcon.colcon_core.package_identification:_identify(build) by extension 'ignore'
[4.944s] Level 1:colcon.colcon_core.package_identification:_identify(build) ignored
[4.944s] Level 1:colcon.colcon_core.package_identification:_identify(install) by extensions ['ignore', 'ignore_ament_install']
[4.944s] Level 1:colcon.colcon_core.package_identification:_identify(install) by extension 'ignore'
[4.944s] Level 1:colcon.colcon_core.package_identification:_identify(install) ignored
[4.945s] Level 1:colcon.colcon_core.package_identification:_identify(log) by extensions ['ignore', 'ignore_ament_install']
[4.945s] Level 1:colcon.colcon_core.package_identification:_identify(log) by extension 'ignore'
[4.945s] Level 1:colcon.colcon_core.package_identification:_identify(log) ignored
[4.945s] Level 1:colcon.colcon_core.package_identification:_identify(src) by extensions ['ignore', 'ignore_ament_install']
[4.946s] Level 1:colcon.colcon_core.package_identification:_identify(src) by extension 'ignore'
[4.946s] Level 1:colcon.colcon_core.package_identification:_identify(src) by extension 'ignore_ament_install'
[4.946s] Level 1:colcon.colcon_core.package_identification:_identify(src) by extensions ['colcon_pkg']
[4.946s] Level 1:colcon.colcon_core.package_identification:_identify(src) by extension 'colcon_pkg'
[4.946s] Level 1:colcon.colcon_core.package_identification:_identify(src) by extensions ['colcon_meta']
[4.946s] Level 1:colcon.colcon_core.package_identification:_identify(src) by extension 'colcon_meta'
[4.946s] Level 1:colcon.colcon_core.package_identification:_identify(src) by extensions ['ros']
[4.946s] Level 1:colcon.colcon_core.package_identification:_identify(src) by extension 'ros'
[4.947s] Level 1:colcon.colcon_core.package_identification:_identify(src) by extensions ['cmake', 'python']
[4.947s] Level 1:colcon.colcon_core.package_identification:_identify(src) by extension 'cmake'
[4.947s] Level 1:colcon.colcon_core.package_identification:_identify(src) by extension 'python'
[4.947s] Level 1:colcon.colcon_core.package_identification:_identify(src) by extensions ['python_setup_py']
[4.947s] Level 1:colcon.colcon_core.package_identification:_identify(src) by extension 'python_setup_py'
[4.947s] Level 1:colcon.colcon_core.package_identification:_identify(src/bluespace_ai_xsens_ros_mti_driver) by extensions ['ignore', 'ignore_ament_install']
[4.948s] Level 1:colcon.colcon_core.package_identification:_identify(src/bluespace_ai_xsens_ros_mti_driver) by extension 'ignore'
[4.948s] Level 1:colcon.colcon_core.package_identification:_identify(src/bluespace_ai_xsens_ros_mti_driver) by extension 'ignore_ament_install'
[4.948s] Level 1:colcon.colcon_core.package_identification:_identify(src/bluespace_ai_xsens_ros_mti_driver) by extensions ['colcon_pkg']
[4.948s] Level 1:colcon.colcon_core.package_identification:_identify(src/bluespace_ai_xsens_ros_mti_driver) by extension 'colcon_pkg'
[4.948s] Level 1:colcon.colcon_core.package_identification:_identify(src/bluespace_ai_xsens_ros_mti_driver) by extensions ['colcon_meta']
[4.948s] Level 1:colcon.colcon_core.package_identification:_identify(src/bluespace_ai_xsens_ros_mti_driver) by extension 'colcon_meta'
[4.948s] Level 1:colcon.colcon_core.package_identification:_identify(src/bluespace_ai_xsens_ros_mti_driver) by extensions ['ros']
[4.948s] Level 1:colcon.colcon_core.package_identification:_identify(src/bluespace_ai_xsens_ros_mti_driver) by extension 'ros'
[4.955s] DEBUG:colcon.colcon_core.package_identification:Package 'src/bluespace_ai_xsens_ros_mti_driver' with type 'ros.ament_cmake' and name 'bluespace_ai_xsens_mti_driver'
[4.956s] Level 1:colcon.colcon_core.package_identification:_identify(src/v4l2_camera) by extensions ['ignore', 'ignore_ament_install']
[4.956s] Level 1:colcon.colcon_core.package_identification:_identify(src/v4l2_camera) by extension 'ignore'
[4.956s] Level 1:colcon.colcon_core.package_identification:_identify(src/v4l2_camera) by extension 'ignore_ament_install'
[4.956s] Level 1:colcon.colcon_core.package_identification:_identify(src/v4l2_camera) by extensions ['colcon_pkg']
[4.956s] Level 1:colcon.colcon_core.package_identification:_identify(src/v4l2_camera) by extension 'colcon_pkg'
[4.956s] Level 1:colcon.colcon_core.package_identification:_identify(src/v4l2_camera) by extensions ['colcon_meta']
[4.956s] Level 1:colcon.colcon_core.package_identification:_identify(src/v4l2_camera) by extension 'colcon_meta'
[4.957s] Level 1:colcon.colcon_core.package_identification:_identify(src/v4l2_camera) by extensions ['ros']
[4.957s] Level 1:colcon.colcon_core.package_identification:_identify(src/v4l2_camera) by extension 'ros'
[4.959s] DEBUG:colcon.colcon_core.package_identification:Package 'src/v4l2_camera' with type 'ros.ament_cmake' and name 'v4l2_camera'
[4.959s] Level 1:colcon.colcon_core.package_discovery:discover_packages(recursive) using defaults
[4.959s] Level 1:colcon.colcon_core.package_discovery:discover_packages(ignore) discover
[4.959s] Level 1:colcon.colcon_core.package_discovery:discover_packages(ignore) using defaults
[4.959s] Level 1:colcon.colcon_core.package_discovery:discover_packages(path) discover
[4.959s] Level 1:colcon.colcon_core.package_discovery:discover_packages(path) using defaults
[5.464s] Level 1:colcon.colcon_core.package_discovery:discover_packages(prefix_path) check parameters
[5.464s] Level 1:colcon.colcon_core.package_discovery:discover_packages(prefix_path) discover
[5.634s] DEBUG:colcon.colcon_installed_package_information.package_discovery:Found 2 installed packages in /home/ubuntu/ros2_ws/install
[5.719s] DEBUG:colcon.colcon_installed_package_information.package_discovery:Found 260 installed packages in /opt/ros/foxy
[5.722s] Level 1:colcon.colcon_core.package_discovery:discover_packages(prefix_path) using defaults
[6.034s] Level 5:colcon.colcon_core.verb:set package 'bluespace_ai_xsens_mti_driver' build argument 'cmake_args' from command line to 'None'
[6.034s] Level 5:colcon.colcon_core.verb:set package 'bluespace_ai_xsens_mti_driver' build argument 'cmake_target' from command line to 'None'
[6.034s] Level 5:colcon.colcon_core.verb:set package 'bluespace_ai_xsens_mti_driver' build argument 'cmake_target_skip_unavailable' from command line to 'False'
[6.034s] Level 5:colcon.colcon_core.verb:set package 'bluespace_ai_xsens_mti_driver' build argument 'cmake_clean_cache' from command line to 'False'
[6.034s] Level 5:colcon.colcon_core.verb:set package 'bluespace_ai_xsens_mti_driver' build argument 'cmake_clean_first' from command line to 'False'
[6.034s] Level 5:colcon.colcon_core.verb:set package 'bluespace_ai_xsens_mti_driver' build argument 'cmake_force_configure' from command line to 'False'
[6.034s] Level 5:colcon.colcon_core.verb:set package 'bluespace_ai_xsens_mti_driver' build argument 'ament_cmake_args' from command line to 'None'
[6.035s] Level 5:colcon.colcon_core.verb:set package 'bluespace_ai_xsens_mti_driver' build argument 'catkin_cmake_args' from command line to 'None'
[6.035s] Level 5:colcon.colcon_core.verb:set package 'bluespace_ai_xsens_mti_driver' build argument 'catkin_skip_building_tests' from command line to 'False'
[6.035s] DEBUG:colcon.colcon_core.verb:Building package 'bluespace_ai_xsens_mti_driver' with the following arguments: {'ament_cmake_args': None, 'build_base': '/home/ubuntu/ros2_ws/build/bluespace_ai_xsens_mti_driver', 'catkin_cmake_args': None, 'catkin_skip_building_tests': False, 'cmake_args': None, 'cmake_clean_cache': False, 'cmake_clean_first': False, 'cmake_force_configure': False, 'cmake_target': None, 'cmake_target_skip_unavailable': False, 'install_base': '/home/ubuntu/ros2_ws/install/bluespace_ai_xsens_mti_driver', 'merge_install': False, 'path': '/home/ubuntu/ros2_ws/src/bluespace_ai_xsens_ros_mti_driver', 'symlink_install': False, 'test_result_base': None}
[6.114s] Level 5:colcon.colcon_core.verb:set package 'v4l2_camera' build argument 'cmake_args' from command line to 'None'
[6.114s] Level 5:colcon.colcon_core.verb:set package 'v4l2_camera' build argument 'cmake_target' from command line to 'None'
[6.115s] Level 5:colcon.colcon_core.verb:set package 'v4l2_camera' build argument 'cmake_target_skip_unavailable' from command line to 'False'
[6.115s] Level 5:colcon.colcon_core.verb:set package 'v4l2_camera' build argument 'cmake_clean_cache' from command line to 'False'
[6.115s] Level 5:colcon.colcon_core.verb:set package 'v4l2_camera' build argument 'cmake_clean_first' from command line to 'False'
[6.115s] Level 5:colcon.colcon_core.verb:set package 'v4l2_camera' build argument 'cmake_force_configure' from command line to 'False'
[6.115s] Level 5:colcon.colcon_core.verb:set package 'v4l2_camera' build argument 'ament_cmake_args' from command line to 'None'
[6.115s] Level 5:colcon.colcon_core.verb:set package 'v4l2_camera' build argument 'catkin_cmake_args' from command line to 'None'
[6.115s] Level 5:colcon.colcon_core.verb:set package 'v4l2_camera' build argument 'catkin_skip_building_tests' from command line to 'False'
[6.115s] DEBUG:colcon.colcon_core.verb:Building package 'v4l2_camera' with the following arguments: {'ament_cmake_args': None, 'build_base': '/home/ubuntu/ros2_ws/build/v4l2_camera', 'catkin_cmake_args': None, 'catkin_skip_building_tests': False, 'cmake_args': None, 'cmake_clean_cache': False, 'cmake_clean_first': False, 'cmake_force_configure': False, 'cmake_target': None, 'cmake_target_skip_unavailable': False, 'install_base': '/home/ubuntu/ros2_ws/install/v4l2_camera', 'merge_install': False, 'path': '/home/ubuntu/ros2_ws/src/v4l2_camera', 'symlink_install': False, 'test_result_base': None}
[6.194s] INFO:colcon.colcon_core.executor:Executing jobs using 'parallel' executor
[6.274s] DEBUG:colcon.colcon_parallel_executor.executor.parallel:run_until_complete
[6.274s] INFO:colcon.colcon_ros.task.ament_cmake.build:Building ROS package in '/home/ubuntu/ros2_ws/src/bluespace_ai_xsens_ros_mti_driver' with build type 'ament_cmake'
[6.275s] INFO:colcon.colcon_cmake.task.cmake.build:Building CMake package in '/home/ubuntu/ros2_ws/src/bluespace_ai_xsens_ros_mti_driver'
[6.358s] INFO:colcon.colcon_core.plugin_system:Skipping extension 'colcon_core.shell.bat': Not used on non-Windows systems
[6.358s] INFO:colcon.colcon_core.shell:Skip shell extension 'powershell' for command environment: Not usable outside of PowerShell
[6.358s] DEBUG:colcon.colcon_core.shell:Skip shell extension 'dsv' for command environment
[6.640s] INFO:colcon.colcon_ros.task.ament_cmake.build:Building ROS package in '/home/ubuntu/ros2_ws/src/v4l2_camera' with build type 'ament_cmake'
[6.641s] INFO:colcon.colcon_cmake.task.cmake.build:Building CMake package in '/home/ubuntu/ros2_ws/src/v4l2_camera'
[6.722s] INFO:colcon.colcon_core.shell:Skip shell extension 'powershell' for command environment: Not usable outside of PowerShell
[6.723s] DEBUG:colcon.colcon_core.shell:Skip shell extension 'dsv' for command environment
[6.978s] DEBUG:colcon.colcon_core.event_handler.log_command:Invoking command in '/home/ubuntu/ros2_ws/build/bluespace_ai_xsens_mti_driver': CMAKE_PREFIX_PATH=${CMAKE_PREFIX_PATH}:/opt/ros/foxy /home/ubuntu/.local/bin/cmake --build /home/ubuntu/ros2_ws/build/bluespace_ai_xsens_mti_driver -- -j4 -l4
[6.998s] DEBUG:colcon.colcon_core.event_handler.log_command:Invoking command in '/home/ubuntu/ros2_ws/build/v4l2_camera': CMAKE_PREFIX_PATH=${CMAKE_PREFIX_PATH}:/opt/ros/foxy /home/ubuntu/.local/bin/cmake --build /home/ubuntu/ros2_ws/build/v4l2_camera -- -j4 -l4
[7.081s] DEBUG:colcon.colcon_core.event_handler.log_command:Invoked command in '/home/ubuntu/ros2_ws/build/v4l2_camera' returned '0': CMAKE_PREFIX_PATH=${CMAKE_PREFIX_PATH}:/opt/ros/foxy /home/ubuntu/.local/bin/cmake --build /home/ubuntu/ros2_ws/build/v4l2_camera -- -j4 -l4
[7.140s] DEBUG:colcon.colcon_core.event_handler.log_command:Invoking command in '/home/ubuntu/ros2_ws/build/v4l2_camera': CMAKE_PREFIX_PATH=${CMAKE_PREFIX_PATH}:/opt/ros/foxy /home/ubuntu/.local/bin/cmake --install /home/ubuntu/ros2_ws/build/v4l2_camera
[7.155s] Level 1:colcon.colcon_core.environment:create_environment_scripts_only(v4l2_camera)
[7.165s] DEBUG:colcon.colcon_core.event_handler.log_command:Invoked command in '/home/ubuntu/ros2_ws/build/v4l2_camera' returned '0': CMAKE_PREFIX_PATH=${CMAKE_PREFIX_PATH}:/opt/ros/foxy /home/ubuntu/.local/bin/cmake --install /home/ubuntu/ros2_ws/build/v4l2_camera
[7.252s] Level 1:colcon.colcon_core.environment:checking '/home/ubuntu/ros2_ws/install/v4l2_camera' for CMake module files
[7.254s] Level 1:colcon.colcon_core.environment:checking '/home/ubuntu/ros2_ws/install/v4l2_camera' for CMake config files
[7.254s] Level 1:colcon.colcon_core.shell:create_environment_hook('v4l2_camera', 'cmake_prefix_path')
[7.341s] INFO:colcon.colcon_core.shell:Creating environment hook '/home/ubuntu/ros2_ws/install/v4l2_camera/share/v4l2_camera/hook/cmake_prefix_path.ps1'
[7.343s] INFO:colcon.colcon_core.shell:Creating environment descriptor '/home/ubuntu/ros2_ws/install/v4l2_camera/share/v4l2_camera/hook/cmake_prefix_path.dsv'
[7.345s] INFO:colcon.colcon_core.shell:Creating environment hook '/home/ubuntu/ros2_ws/install/v4l2_camera/share/v4l2_camera/hook/cmake_prefix_path.sh'
[7.347s] Level 1:colcon.colcon_core.environment:checking '/home/ubuntu/ros2_ws/install/v4l2_camera/lib'
[7.347s] Level 1:colcon.colcon_core.shell:create_environment_hook('v4l2_camera', 'ld_library_path_lib')
[7.436s] INFO:colcon.colcon_core.shell:Creating environment hook '/home/ubuntu/ros2_ws/install/v4l2_camera/share/v4l2_camera/hook/ld_library_path_lib.ps1'
[7.438s] INFO:colcon.colcon_core.shell:Creating environment descriptor '/home/ubuntu/ros2_ws/install/v4l2_camera/share/v4l2_camera/hook/ld_library_path_lib.dsv'
[7.439s] INFO:colcon.colcon_core.shell:Creating environment hook '/home/ubuntu/ros2_ws/install/v4l2_camera/share/v4l2_camera/hook/ld_library_path_lib.sh'
[7.440s] Level 1:colcon.colcon_core.environment:checking '/home/ubuntu/ros2_ws/install/v4l2_camera/bin'
[7.440s] Level 1:colcon.colcon_core.environment:checking '/home/ubuntu/ros2_ws/install/v4l2_camera/lib/pkgconfig/v4l2_camera.pc'
[7.440s] Level 1:colcon.colcon_core.environment:checking '/home/ubuntu/ros2_ws/install/v4l2_camera/lib/python3.8/site-packages'
[7.441s] Level 1:colcon.colcon_core.environment:checking '/home/ubuntu/ros2_ws/install/v4l2_camera/bin'
[7.527s] INFO:colcon.colcon_core.shell:Creating package script '/home/ubuntu/ros2_ws/install/v4l2_camera/share/v4l2_camera/package.ps1'
[7.529s] INFO:colcon.colcon_core.shell:Creating package descriptor '/home/ubuntu/ros2_ws/install/v4l2_camera/share/v4l2_camera/package.dsv'
[7.531s] INFO:colcon.colcon_core.shell:Creating package script '/home/ubuntu/ros2_ws/install/v4l2_camera/share/v4l2_camera/package.sh'
[7.533s] INFO:colcon.colcon_core.shell:Creating package script '/home/ubuntu/ros2_ws/install/v4l2_camera/share/v4l2_camera/package.bash'
[7.534s] INFO:colcon.colcon_core.shell:Creating package script '/home/ubuntu/ros2_ws/install/v4l2_camera/share/v4l2_camera/package.zsh'
[7.536s] Level 1:colcon.colcon_core.environment:create_file_with_runtime_dependencies(/home/ubuntu/ros2_ws/install/v4l2_camera/share/colcon-core/packages/v4l2_camera)
[7.670s] Level 1:colcon.colcon_core.environment:create_environment_scripts_only(v4l2_camera)
[7.754s] Level 1:colcon.colcon_core.environment:checking '/home/ubuntu/ros2_ws/install/v4l2_camera' for CMake module files
[7.756s] Level 1:colcon.colcon_core.environment:checking '/home/ubuntu/ros2_ws/install/v4l2_camera' for CMake config files
[7.757s] Level 1:colcon.colcon_core.shell:create_environment_hook('v4l2_camera', 'cmake_prefix_path')
[7.842s] INFO:colcon.colcon_core.shell:Creating environment hook '/home/ubuntu/ros2_ws/install/v4l2_camera/share/v4l2_camera/hook/cmake_prefix_path.ps1'
[7.844s] INFO:colcon.colcon_core.shell:Creating environment descriptor '/home/ubuntu/ros2_ws/install/v4l2_camera/share/v4l2_camera/hook/cmake_prefix_path.dsv'
[7.845s] INFO:colcon.colcon_core.shell:Creating environment hook '/home/ubuntu/ros2_ws/install/v4l2_camera/share/v4l2_camera/hook/cmake_prefix_path.sh'
[7.846s] Level 1:colcon.colcon_core.environment:checking '/home/ubuntu/ros2_ws/install/v4l2_camera/lib'
[7.847s] Level 1:colcon.colcon_core.shell:create_environment_hook('v4l2_camera', 'ld_library_path_lib')
[7.931s] INFO:colcon.colcon_core.shell:Creating environment hook '/home/ubuntu/ros2_ws/install/v4l2_camera/share/v4l2_camera/hook/ld_library_path_lib.ps1'
[7.933s] INFO:colcon.colcon_core.shell:Creating environment descriptor '/home/ubuntu/ros2_ws/install/v4l2_camera/share/v4l2_camera/hook/ld_library_path_lib.dsv'
[7.934s] INFO:colcon.colcon_core.shell:Creating environment hook '/home/ubuntu/ros2_ws/install/v4l2_camera/share/v4l2_camera/hook/ld_library_path_lib.sh'
[7.935s] Level 1:colcon.colcon_core.environment:checking '/home/ubuntu/ros2_ws/install/v4l2_camera/bin'
[7.935s] Level 1:colcon.colcon_core.environment:checking '/home/ubuntu/ros2_ws/install/v4l2_camera/lib/pkgconfig/v4l2_camera.pc'
[7.936s] Level 1:colcon.colcon_core.environment:checking '/home/ubuntu/ros2_ws/install/v4l2_camera/lib/python3.8/site-packages'
[7.936s] Level 1:colcon.colcon_core.environment:checking '/home/ubuntu/ros2_ws/install/v4l2_camera/bin'
[8.022s] INFO:colcon.colcon_core.shell:Creating package script '/home/ubuntu/ros2_ws/install/v4l2_camera/share/v4l2_camera/package.ps1'
[8.024s] INFO:colcon.colcon_core.shell:Creating package descriptor '/home/ubuntu/ros2_ws/install/v4l2_camera/share/v4l2_camera/package.dsv'
[8.025s] INFO:colcon.colcon_core.shell:Creating package script '/home/ubuntu/ros2_ws/install/v4l2_camera/share/v4l2_camera/package.sh'
[8.026s] INFO:colcon.colcon_core.shell:Creating package script '/home/ubuntu/ros2_ws/install/v4l2_camera/share/v4l2_camera/package.bash'
[8.027s] INFO:colcon.colcon_core.shell:Creating package script '/home/ubuntu/ros2_ws/install/v4l2_camera/share/v4l2_camera/package.zsh'
[8.028s] Level 1:colcon.colcon_core.environment:create_file_with_runtime_dependencies(/home/ubuntu/ros2_ws/install/v4l2_camera/share/colcon-core/packages/v4l2_camera)
[34.537s] DEBUG:colcon.colcon_core.event_handler.log_command:Invoked command in '/home/ubuntu/ros2_ws/build/bluespace_ai_xsens_mti_driver' returned '0': CMAKE_PREFIX_PATH=${CMAKE_PREFIX_PATH}:/opt/ros/foxy /home/ubuntu/.local/bin/cmake --build /home/ubuntu/ros2_ws/build/bluespace_ai_xsens_mti_driver -- -j4 -l4
[34.586s] DEBUG:colcon.colcon_core.event_handler.log_command:Invoking command in '/home/ubuntu/ros2_ws/build/bluespace_ai_xsens_mti_driver': CMAKE_PREFIX_PATH=${CMAKE_PREFIX_PATH}:/opt/ros/foxy /home/ubuntu/.local/bin/cmake --install /home/ubuntu/ros2_ws/build/bluespace_ai_xsens_mti_driver
[34.629s] Level 1:colcon.colcon_core.environment:create_environment_scripts_only(bluespace_ai_xsens_mti_driver)
[34.632s] DEBUG:colcon.colcon_core.event_handler.log_command:Invoked command in '/home/ubuntu/ros2_ws/build/bluespace_ai_xsens_mti_driver' returned '0': CMAKE_PREFIX_PATH=${CMAKE_PREFIX_PATH}:/opt/ros/foxy /home/ubuntu/.local/bin/cmake --install /home/ubuntu/ros2_ws/build/bluespace_ai_xsens_mti_driver
[34.714s] Level 1:colcon.colcon_core.environment:checking '/home/ubuntu/ros2_ws/install/bluespace_ai_xsens_mti_driver' for CMake module files
[34.715s] Level 1:colcon.colcon_core.environment:checking '/home/ubuntu/ros2_ws/install/bluespace_ai_xsens_mti_driver' for CMake config files
[34.716s] Level 1:colcon.colcon_core.shell:create_environment_hook('bluespace_ai_xsens_mti_driver', 'cmake_prefix_path')
[34.797s] INFO:colcon.colcon_core.shell:Creating environment hook '/home/ubuntu/ros2_ws/install/bluespace_ai_xsens_mti_driver/share/bluespace_ai_xsens_mti_driver/hook/cmake_prefix_path.ps1'
[34.798s] INFO:colcon.colcon_core.shell:Creating environment descriptor '/home/ubuntu/ros2_ws/install/bluespace_ai_xsens_mti_driver/share/bluespace_ai_xsens_mti_driver/hook/cmake_prefix_path.dsv'
[34.800s] INFO:colcon.colcon_core.shell:Creating environment hook '/home/ubuntu/ros2_ws/install/bluespace_ai_xsens_mti_driver/share/bluespace_ai_xsens_mti_driver/hook/cmake_prefix_path.sh'
[34.801s] Level 1:colcon.colcon_core.environment:checking '/home/ubuntu/ros2_ws/install/bluespace_ai_xsens_mti_driver/lib'
[34.801s] Level 1:colcon.colcon_core.environment:checking '/home/ubuntu/ros2_ws/install/bluespace_ai_xsens_mti_driver/bin'
[34.802s] Level 1:colcon.colcon_core.environment:checking '/home/ubuntu/ros2_ws/install/bluespace_ai_xsens_mti_driver/lib/pkgconfig/bluespace_ai_xsens_mti_driver.pc'
[34.802s] Level 1:colcon.colcon_core.environment:checking '/home/ubuntu/ros2_ws/install/bluespace_ai_xsens_mti_driver/lib/python3.8/site-packages'
[34.802s] Level 1:colcon.colcon_core.environment:checking '/home/ubuntu/ros2_ws/install/bluespace_ai_xsens_mti_driver/bin'
[34.884s] INFO:colcon.colcon_core.shell:Creating package script '/home/ubuntu/ros2_ws/install/bluespace_ai_xsens_mti_driver/share/bluespace_ai_xsens_mti_driver/package.ps1'
[34.885s] INFO:colcon.colcon_core.shell:Creating package descriptor '/home/ubuntu/ros2_ws/install/bluespace_ai_xsens_mti_driver/share/bluespace_ai_xsens_mti_driver/package.dsv'
[34.886s] INFO:colcon.colcon_core.shell:Creating package script '/home/ubuntu/ros2_ws/install/bluespace_ai_xsens_mti_driver/share/bluespace_ai_xsens_mti_driver/package.sh'
[34.887s] INFO:colcon.colcon_core.shell:Creating package script '/home/ubuntu/ros2_ws/install/bluespace_ai_xsens_mti_driver/share/bluespace_ai_xsens_mti_driver/package.bash'
[34.888s] INFO:colcon.colcon_core.shell:Creating package script '/home/ubuntu/ros2_ws/install/bluespace_ai_xsens_mti_driver/share/bluespace_ai_xsens_mti_driver/package.zsh'
[34.889s] Level 1:colcon.colcon_core.environment:create_file_with_runtime_dependencies(/home/ubuntu/ros2_ws/install/bluespace_ai_xsens_mti_driver/share/colcon-core/packages/bluespace_ai_xsens_mti_driver)
[35.014s] Level 1:colcon.colcon_core.environment:create_environment_scripts_only(bluespace_ai_xsens_mti_driver)
[35.097s] Level 1:colcon.colcon_core.environment:checking '/home/ubuntu/ros2_ws/install/bluespace_ai_xsens_mti_driver' for CMake module files
[35.098s] Level 1:colcon.colcon_core.environment:checking '/home/ubuntu/ros2_ws/install/bluespace_ai_xsens_mti_driver' for CMake config files
[35.099s] Level 1:colcon.colcon_core.shell:create_environment_hook('bluespace_ai_xsens_mti_driver', 'cmake_prefix_path')
[35.179s] INFO:colcon.colcon_core.shell:Creating environment hook '/home/ubuntu/ros2_ws/install/bluespace_ai_xsens_mti_driver/share/bluespace_ai_xsens_mti_driver/hook/cmake_prefix_path.ps1'
[35.181s] INFO:colcon.colcon_core.shell:Creating environment descriptor '/home/ubuntu/ros2_ws/install/bluespace_ai_xsens_mti_driver/share/bluespace_ai_xsens_mti_driver/hook/cmake_prefix_path.dsv'
[35.181s] INFO:colcon.colcon_core.shell:Creating environment hook '/home/ubuntu/ros2_ws/install/bluespace_ai_xsens_mti_driver/share/bluespace_ai_xsens_mti_driver/hook/cmake_prefix_path.sh'
[35.183s] Level 1:colcon.colcon_core.environment:checking '/home/ubuntu/ros2_ws/install/bluespace_ai_xsens_mti_driver/lib'
[35.183s] Level 1:colcon.colcon_core.environment:checking '/home/ubuntu/ros2_ws/install/bluespace_ai_xsens_mti_driver/bin'
[35.183s] Level 1:colcon.colcon_core.environment:checking '/home/ubuntu/ros2_ws/install/bluespace_ai_xsens_mti_driver/lib/pkgconfig/bluespace_ai_xsens_mti_driver.pc'
[35.184s] Level 1:colcon.colcon_core.environment:checking '/home/ubuntu/ros2_ws/install/bluespace_ai_xsens_mti_driver/lib/python3.8/site-packages'
[35.184s] Level 1:colcon.colcon_core.environment:checking '/home/ubuntu/ros2_ws/install/bluespace_ai_xsens_mti_driver/bin'
[35.264s] INFO:colcon.colcon_core.shell:Creating package script '/home/ubuntu/ros2_ws/install/bluespace_ai_xsens_mti_driver/share/bluespace_ai_xsens_mti_driver/package.ps1'
[35.266s] INFO:colcon.colcon_core.shell:Creating package descriptor '/home/ubuntu/ros2_ws/install/bluespace_ai_xsens_mti_driver/share/bluespace_ai_xsens_mti_driver/package.dsv'
[35.267s] INFO:colcon.colcon_core.shell:Creating package script '/home/ubuntu/ros2_ws/install/bluespace_ai_xsens_mti_driver/share/bluespace_ai_xsens_mti_driver/package.sh'
[35.268s] INFO:colcon.colcon_core.shell:Creating package script '/home/ubuntu/ros2_ws/install/bluespace_ai_xsens_mti_driver/share/bluespace_ai_xsens_mti_driver/package.bash'
[35.269s] INFO:colcon.colcon_core.shell:Creating package script '/home/ubuntu/ros2_ws/install/bluespace_ai_xsens_mti_driver/share/bluespace_ai_xsens_mti_driver/package.zsh'
[35.270s] Level 1:colcon.colcon_core.environment:create_file_with_runtime_dependencies(/home/ubuntu/ros2_ws/install/bluespace_ai_xsens_mti_driver/share/colcon-core/packages/bluespace_ai_xsens_mti_driver)
[35.270s] DEBUG:colcon.colcon_parallel_executor.executor.parallel:closing loop
[35.271s] DEBUG:colcon.colcon_parallel_executor.executor.parallel:loop closed
[35.271s] DEBUG:colcon.colcon_parallel_executor.executor.parallel:run_until_complete finished with '0'
[35.272s] DEBUG:colcon.colcon_core.event_reactor:joining thread
[35.365s] INFO:colcon.colcon_core.plugin_system:Skipping extension 'colcon_notification.desktop_notification.terminal_notifier': Not used on non-Darwin systems
[35.365s] INFO:colcon.colcon_core.plugin_system:Skipping extension 'colcon_notification.desktop_notification.win32': Not used on non-Windows systems
[35.365s] INFO:colcon.colcon_notification.desktop_notification:Sending desktop notification using 'notify2'
[35.405s] DEBUG:colcon.colcon_core.event_reactor:joined thread
[35.489s] INFO:colcon.colcon_core.shell:Creating prefix script '/home/ubuntu/ros2_ws/install/local_setup.ps1'
[35.491s] INFO:colcon.colcon_core.shell:Creating prefix util module '/home/ubuntu/ros2_ws/install/_local_setup_util_ps1.py'
[35.494s] INFO:colcon.colcon_core.shell:Creating prefix chain script '/home/ubuntu/ros2_ws/install/setup.ps1'
[35.578s] INFO:colcon.colcon_core.shell:Creating prefix script '/home/ubuntu/ros2_ws/install/local_setup.sh'
[35.579s] INFO:colcon.colcon_core.shell:Creating prefix util module '/home/ubuntu/ros2_ws/install/_local_setup_util_sh.py'
[35.580s] INFO:colcon.colcon_core.shell:Creating prefix chain script '/home/ubuntu/ros2_ws/install/setup.sh'
[35.663s] INFO:colcon.colcon_core.shell:Creating prefix script '/home/ubuntu/ros2_ws/install/local_setup.bash'
[35.664s] INFO:colcon.colcon_core.shell:Creating prefix chain script '/home/ubuntu/ros2_ws/install/setup.bash'
[35.745s] INFO:colcon.colcon_core.shell:Creating prefix script '/home/ubuntu/ros2_ws/install/local_setup.zsh'
[35.746s] INFO:colcon.colcon_core.shell:Creating prefix chain script '/home/ubuntu/ros2_ws/install/setup.zsh'
