[4.668s] DEBUG:colcon:Command line arguments: ['/usr/bin/colcon', 'build']
[4.668s] DEBUG:colcon:Parsed command line arguments: Namespace(allow_overriding=[], ament_cmake_args=None, base_paths=['.'], build_base='build', catkin_cmake_args=None, catkin_skip_building_tests=False, cmake_args=None, cmake_clean_cache=False, cmake_clean_first=False, cmake_force_configure=False, cmake_target=None, cmake_target_skip_unavailable=False, continue_on_error=False, event_handlers=None, executor='parallel', ignore_user_meta=False, install_base='install', log_base=None, log_level=None, main=<bound method BuildVerb.main of <colcon_core.verb.build.BuildVerb object at 0xffff9e9f0b50>>, merge_install=False, metas=['./colcon.meta'], packages_above=None, packages_above_and_dependencies=None, packages_above_depth=None, packages_end=None, packages_ignore=None, packages_ignore_regex=None, packages_select=None, packages_select_build_failed=False, packages_select_by_dep=None, packages_select_regex=None, packages_select_test_failures=False, packages_skip=None, packages_skip_build_finished=False, packages_skip_by_dep=None, packages_skip_regex=None, packages_skip_test_passed=False, packages_skip_up_to=None, packages_start=None, packages_up_to=None, packages_up_to_regex=None, parallel_workers=4, paths=None, symlink_install=False, test_result_base=None, verb_extension=<colcon_core.verb.build.BuildVerb object at 0xffff9e9f0b50>, verb_name='build', verb_parser=<colcon_defaults.argument_parser.defaults.DefaultArgumentsDecorator object at 0xffff9e6787f0>)
[4.873s] Level 1:colcon.colcon_core.package_discovery:discover_packages(colcon_meta) check parameters
[4.873s] Level 1:colcon.colcon_core.package_discovery:discover_packages(recursive) check parameters
[4.873s] Level 1:colcon.colcon_core.package_discovery:discover_packages(ignore) check parameters
[4.873s] Level 1:colcon.colcon_core.package_discovery:discover_packages(path) check parameters
[4.873s] Level 1:colcon.colcon_core.package_discovery:discover_packages(colcon_meta) discover
[4.874s] Level 1:colcon.colcon_core.package_discovery:discover_packages(recursive) discover
[4.874s] INFO:colcon.colcon_core.package_discovery:Crawling recursively for packages in '/home/ubuntu/ros2_ws'
[4.874s] Level 1:colcon.colcon_core.package_identification:_identify(.) by extensions ['ignore', 'ignore_ament_install']
[4.874s] Level 1:colcon.colcon_core.package_identification:_identify(.) by extension 'ignore'
[4.874s] Level 1:colcon.colcon_core.package_identification:_identify(.) by extension 'ignore_ament_install'
[4.875s] Level 1:colcon.colcon_core.package_identification:_identify(.) by extensions ['colcon_pkg']
[4.875s] Level 1:colcon.colcon_core.package_identification:_identify(.) by extension 'colcon_pkg'
[4.875s] Level 1:colcon.colcon_core.package_identification:_identify(.) by extensions ['colcon_meta']
[4.875s] Level 1:colcon.colcon_core.package_identification:_identify(.) by extension 'colcon_meta'
[4.875s] Level 1:colcon.colcon_core.package_identification:_identify(.) by extensions ['ros']
[4.875s] Level 1:colcon.colcon_core.package_identification:_identify(.) by extension 'ros'
[4.899s] Level 1:colcon.colcon_core.package_identification:_identify(.) by extensions ['cmake', 'python']
[4.899s] Level 1:colcon.colcon_core.package_identification:_identify(.) by extension 'cmake'
[4.899s] Level 1:colcon.colcon_core.package_identification:_identify(.) by extension 'python'
[4.899s] Level 1:colcon.colcon_core.package_identification:_identify(.) by extensions ['python_setup_py']
[4.899s] Level 1:colcon.colcon_core.package_identification:_identify(.) by extension 'python_setup_py'
[4.900s] Level 1:colcon.colcon_core.package_identification:_identify(build) by extensions ['ignore', 'ignore_ament_install']
[4.900s] Level 1:colcon.colcon_core.package_identification:_identify(build) by extension 'ignore'
[4.900s] Level 1:colcon.colcon_core.package_identification:_identify(build) ignored
[4.900s] Level 1:colcon.colcon_core.package_identification:_identify(install) by extensions ['ignore', 'ignore_ament_install']
[4.901s] Level 1:colcon.colcon_core.package_identification:_identify(install) by extension 'ignore'
[4.901s] Level 1:colcon.colcon_core.package_identification:_identify(install) ignored
[4.901s] Level 1:colcon.colcon_core.package_identification:_identify(log) by extensions ['ignore', 'ignore_ament_install']
[4.901s] Level 1:colcon.colcon_core.package_identification:_identify(log) by extension 'ignore'
[4.902s] Level 1:colcon.colcon_core.package_identification:_identify(log) ignored
[4.902s] Level 1:colcon.colcon_core.package_identification:_identify(src) by extensions ['ignore', 'ignore_ament_install']
[4.902s] Level 1:colcon.colcon_core.package_identification:_identify(src) by extension 'ignore'
[4.902s] Level 1:colcon.colcon_core.package_identification:_identify(src) by extension 'ignore_ament_install'
[4.902s] Level 1:colcon.colcon_core.package_identification:_identify(src) by extensions ['colcon_pkg']
[4.902s] Level 1:colcon.colcon_core.package_identification:_identify(src) by extension 'colcon_pkg'
[4.902s] Level 1:colcon.colcon_core.package_identification:_identify(src) by extensions ['colcon_meta']
[4.902s] Level 1:colcon.colcon_core.package_identification:_identify(src) by extension 'colcon_meta'
[4.903s] Level 1:colcon.colcon_core.package_identification:_identify(src) by extensions ['ros']
[4.903s] Level 1:colcon.colcon_core.package_identification:_identify(src) by extension 'ros'
[4.903s] Level 1:colcon.colcon_core.package_identification:_identify(src) by extensions ['cmake', 'python']
[4.903s] Level 1:colcon.colcon_core.package_identification:_identify(src) by extension 'cmake'
[4.903s] Level 1:colcon.colcon_core.package_identification:_identify(src) by extension 'python'
[4.903s] Level 1:colcon.colcon_core.package_identification:_identify(src) by extensions ['python_setup_py']
[4.903s] Level 1:colcon.colcon_core.package_identification:_identify(src) by extension 'python_setup_py'
[4.903s] Level 1:colcon.colcon_core.package_identification:_identify(src/bluespace_ai_xsens_ros_mti_driver) by extensions ['ignore', 'ignore_ament_install']
[4.904s] Level 1:colcon.colcon_core.package_identification:_identify(src/bluespace_ai_xsens_ros_mti_driver) by extension 'ignore'
[4.904s] Level 1:colcon.colcon_core.package_identification:_identify(src/bluespace_ai_xsens_ros_mti_driver) by extension 'ignore_ament_install'
[4.904s] Level 1:colcon.colcon_core.package_identification:_identify(src/bluespace_ai_xsens_ros_mti_driver) by extensions ['colcon_pkg']
[4.904s] Level 1:colcon.colcon_core.package_identification:_identify(src/bluespace_ai_xsens_ros_mti_driver) by extension 'colcon_pkg'
[4.904s] Level 1:colcon.colcon_core.package_identification:_identify(src/bluespace_ai_xsens_ros_mti_driver) by extensions ['colcon_meta']
[4.904s] Level 1:colcon.colcon_core.package_identification:_identify(src/bluespace_ai_xsens_ros_mti_driver) by extension 'colcon_meta'
[4.904s] Level 1:colcon.colcon_core.package_identification:_identify(src/bluespace_ai_xsens_ros_mti_driver) by extensions ['ros']
[4.904s] Level 1:colcon.colcon_core.package_identification:_identify(src/bluespace_ai_xsens_ros_mti_driver) by extension 'ros'
[4.910s] DEBUG:colcon.colcon_core.package_identification:Package 'src/bluespace_ai_xsens_ros_mti_driver' with type 'ros.ament_cmake' and name 'bluespace_ai_xsens_mti_driver'
[4.911s] Level 1:colcon.colcon_core.package_identification:_identify(src/v4l2_camera) by extensions ['ignore', 'ignore_ament_install']
[4.911s] Level 1:colcon.colcon_core.package_identification:_identify(src/v4l2_camera) by extension 'ignore'
[4.911s] Level 1:colcon.colcon_core.package_identification:_identify(src/v4l2_camera) by extension 'ignore_ament_install'
[4.911s] Level 1:colcon.colcon_core.package_identification:_identify(src/v4l2_camera) by extensions ['colcon_pkg']
[4.912s] Level 1:colcon.colcon_core.package_identification:_identify(src/v4l2_camera) by extension 'colcon_pkg'
[4.912s] Level 1:colcon.colcon_core.package_identification:_identify(src/v4l2_camera) by extensions ['colcon_meta']
[4.912s] Level 1:colcon.colcon_core.package_identification:_identify(src/v4l2_camera) by extension 'colcon_meta'
[4.912s] Level 1:colcon.colcon_core.package_identification:_identify(src/v4l2_camera) by extensions ['ros']
[4.912s] Level 1:colcon.colcon_core.package_identification:_identify(src/v4l2_camera) by extension 'ros'
[4.914s] DEBUG:colcon.colcon_core.package_identification:Package 'src/v4l2_camera' with type 'ros.ament_cmake' and name 'v4l2_camera'
[4.914s] Level 1:colcon.colcon_core.package_discovery:discover_packages(recursive) using defaults
[4.914s] Level 1:colcon.colcon_core.package_discovery:discover_packages(ignore) discover
[4.914s] Level 1:colcon.colcon_core.package_discovery:discover_packages(ignore) using defaults
[4.914s] Level 1:colcon.colcon_core.package_discovery:discover_packages(path) discover
[4.914s] Level 1:colcon.colcon_core.package_discovery:discover_packages(path) using defaults
[5.372s] Level 1:colcon.colcon_core.package_discovery:discover_packages(prefix_path) check parameters
[5.373s] Level 1:colcon.colcon_core.package_discovery:discover_packages(prefix_path) discover
[5.534s] DEBUG:colcon.colcon_installed_package_information.package_discovery:Found 2 installed packages in /home/ubuntu/ros2_ws/install
[5.613s] DEBUG:colcon.colcon_installed_package_information.package_discovery:Found 260 installed packages in /opt/ros/foxy
[5.616s] Level 1:colcon.colcon_core.package_discovery:discover_packages(prefix_path) using defaults
[5.920s] Level 5:colcon.colcon_core.verb:set package 'bluespace_ai_xsens_mti_driver' build argument 'cmake_args' from command line to 'None'
[5.920s] Level 5:colcon.colcon_core.verb:set package 'bluespace_ai_xsens_mti_driver' build argument 'cmake_target' from command line to 'None'
[5.920s] Level 5:colcon.colcon_core.verb:set package 'bluespace_ai_xsens_mti_driver' build argument 'cmake_target_skip_unavailable' from command line to 'False'
[5.921s] Level 5:colcon.colcon_core.verb:set package 'bluespace_ai_xsens_mti_driver' build argument 'cmake_clean_cache' from command line to 'False'
[5.921s] Level 5:colcon.colcon_core.verb:set package 'bluespace_ai_xsens_mti_driver' build argument 'cmake_clean_first' from command line to 'False'
[5.921s] Level 5:colcon.colcon_core.verb:set package 'bluespace_ai_xsens_mti_driver' build argument 'cmake_force_configure' from command line to 'False'
[5.921s] Level 5:colcon.colcon_core.verb:set package 'bluespace_ai_xsens_mti_driver' build argument 'ament_cmake_args' from command line to 'None'
[5.921s] Level 5:colcon.colcon_core.verb:set package 'bluespace_ai_xsens_mti_driver' build argument 'catkin_cmake_args' from command line to 'None'
[5.921s] Level 5:colcon.colcon_core.verb:set package 'bluespace_ai_xsens_mti_driver' build argument 'catkin_skip_building_tests' from command line to 'False'
[5.921s] DEBUG:colcon.colcon_core.verb:Building package 'bluespace_ai_xsens_mti_driver' with the following arguments: {'ament_cmake_args': None, 'build_base': '/home/ubuntu/ros2_ws/build/bluespace_ai_xsens_mti_driver', 'catkin_cmake_args': None, 'catkin_skip_building_tests': False, 'cmake_args': None, 'cmake_clean_cache': False, 'cmake_clean_first': False, 'cmake_force_configure': False, 'cmake_target': None, 'cmake_target_skip_unavailable': False, 'install_base': '/home/ubuntu/ros2_ws/install/bluespace_ai_xsens_mti_driver', 'merge_install': False, 'path': '/home/ubuntu/ros2_ws/src/bluespace_ai_xsens_ros_mti_driver', 'symlink_install': False, 'test_result_base': None}
[5.998s] Level 5:colcon.colcon_core.verb:set package 'v4l2_camera' build argument 'cmake_args' from command line to 'None'
[5.998s] Level 5:colcon.colcon_core.verb:set package 'v4l2_camera' build argument 'cmake_target' from command line to 'None'
[5.998s] Level 5:colcon.colcon_core.verb:set package 'v4l2_camera' build argument 'cmake_target_skip_unavailable' from command line to 'False'
[5.999s] Level 5:colcon.colcon_core.verb:set package 'v4l2_camera' build argument 'cmake_clean_cache' from command line to 'False'
[5.999s] Level 5:colcon.colcon_core.verb:set package 'v4l2_camera' build argument 'cmake_clean_first' from command line to 'False'
[5.999s] Level 5:colcon.colcon_core.verb:set package 'v4l2_camera' build argument 'cmake_force_configure' from command line to 'False'
[5.999s] Level 5:colcon.colcon_core.verb:set package 'v4l2_camera' build argument 'ament_cmake_args' from command line to 'None'
[5.999s] Level 5:colcon.colcon_core.verb:set package 'v4l2_camera' build argument 'catkin_cmake_args' from command line to 'None'
[5.999s] Level 5:colcon.colcon_core.verb:set package 'v4l2_camera' build argument 'catkin_skip_building_tests' from command line to 'False'
[5.999s] DEBUG:colcon.colcon_core.verb:Building package 'v4l2_camera' with the following arguments: {'ament_cmake_args': None, 'build_base': '/home/ubuntu/ros2_ws/build/v4l2_camera', 'catkin_cmake_args': None, 'catkin_skip_building_tests': False, 'cmake_args': None, 'cmake_clean_cache': False, 'cmake_clean_first': False, 'cmake_force_configure': False, 'cmake_target': None, 'cmake_target_skip_unavailable': False, 'install_base': '/home/ubuntu/ros2_ws/install/v4l2_camera', 'merge_install': False, 'path': '/home/ubuntu/ros2_ws/src/v4l2_camera', 'symlink_install': False, 'test_result_base': None}
[6.076s] INFO:colcon.colcon_core.executor:Executing jobs using 'parallel' executor
[6.154s] DEBUG:colcon.colcon_parallel_executor.executor.parallel:run_until_complete
[6.155s] INFO:colcon.colcon_ros.task.ament_cmake.build:Building ROS package in '/home/ubuntu/ros2_ws/src/bluespace_ai_xsens_ros_mti_driver' with build type 'ament_cmake'
[6.155s] INFO:colcon.colcon_cmake.task.cmake.build:Building CMake package in '/home/ubuntu/ros2_ws/src/bluespace_ai_xsens_ros_mti_driver'
[6.237s] INFO:colcon.colcon_core.plugin_system:Skipping extension 'colcon_core.shell.bat': Not used on non-Windows systems
[6.238s] INFO:colcon.colcon_core.shell:Skip shell extension 'powershell' for command environment: Not usable outside of PowerShell
[6.238s] DEBUG:colcon.colcon_core.shell:Skip shell extension 'dsv' for command environment
[6.530s] INFO:colcon.colcon_ros.task.ament_cmake.build:Building ROS package in '/home/ubuntu/ros2_ws/src/v4l2_camera' with build type 'ament_cmake'
[6.531s] INFO:colcon.colcon_cmake.task.cmake.build:Building CMake package in '/home/ubuntu/ros2_ws/src/v4l2_camera'
[6.612s] INFO:colcon.colcon_core.shell:Skip shell extension 'powershell' for command environment: Not usable outside of PowerShell
[6.613s] DEBUG:colcon.colcon_core.shell:Skip shell extension 'dsv' for command environment
[6.870s] DEBUG:colcon.colcon_core.event_handler.log_command:Invoking command in '/home/ubuntu/ros2_ws/build/bluespace_ai_xsens_mti_driver': CMAKE_PREFIX_PATH=${CMAKE_PREFIX_PATH}:/opt/ros/foxy /home/ubuntu/.local/bin/cmake --build /home/ubuntu/ros2_ws/build/bluespace_ai_xsens_mti_driver -- -j4 -l4
[6.892s] DEBUG:colcon.colcon_core.event_handler.log_command:Invoking command in '/home/ubuntu/ros2_ws/build/v4l2_camera': CMAKE_PREFIX_PATH=${CMAKE_PREFIX_PATH}:/opt/ros/foxy /home/ubuntu/.local/bin/cmake --build /home/ubuntu/ros2_ws/build/v4l2_camera -- -j4 -l4
[6.983s] DEBUG:colcon.colcon_core.event_handler.log_command:Invoked command in '/home/ubuntu/ros2_ws/build/v4l2_camera' returned '0': CMAKE_PREFIX_PATH=${CMAKE_PREFIX_PATH}:/opt/ros/foxy /home/ubuntu/.local/bin/cmake --build /home/ubuntu/ros2_ws/build/v4l2_camera -- -j4 -l4
[7.049s] DEBUG:colcon.colcon_core.event_handler.log_command:Invoking command in '/home/ubuntu/ros2_ws/build/v4l2_camera': CMAKE_PREFIX_PATH=${CMAKE_PREFIX_PATH}:/opt/ros/foxy /home/ubuntu/.local/bin/cmake --install /home/ubuntu/ros2_ws/build/v4l2_camera
[7.078s] Level 1:colcon.colcon_core.environment:create_environment_scripts_only(v4l2_camera)
[7.079s] DEBUG:colcon.colcon_core.event_handler.log_command:Invoked command in '/home/ubuntu/ros2_ws/build/v4l2_camera' returned '0': CMAKE_PREFIX_PATH=${CMAKE_PREFIX_PATH}:/opt/ros/foxy /home/ubuntu/.local/bin/cmake --install /home/ubuntu/ros2_ws/build/v4l2_camera
[7.174s] Level 1:colcon.colcon_core.environment:checking '/home/ubuntu/ros2_ws/install/v4l2_camera' for CMake module files
[7.175s] Level 1:colcon.colcon_core.environment:checking '/home/ubuntu/ros2_ws/install/v4l2_camera' for CMake config files
[7.176s] Level 1:colcon.colcon_core.shell:create_environment_hook('v4l2_camera', 'cmake_prefix_path')
[7.260s] INFO:colcon.colcon_core.shell:Creating environment hook '/home/ubuntu/ros2_ws/install/v4l2_camera/share/v4l2_camera/hook/cmake_prefix_path.ps1'
[7.261s] INFO:colcon.colcon_core.shell:Creating environment descriptor '/home/ubuntu/ros2_ws/install/v4l2_camera/share/v4l2_camera/hook/cmake_prefix_path.dsv'
[7.263s] INFO:colcon.colcon_core.shell:Creating environment hook '/home/ubuntu/ros2_ws/install/v4l2_camera/share/v4l2_camera/hook/cmake_prefix_path.sh'
[7.265s] Level 1:colcon.colcon_core.environment:checking '/home/ubuntu/ros2_ws/install/v4l2_camera/lib'
[7.266s] Level 1:colcon.colcon_core.shell:create_environment_hook('v4l2_camera', 'ld_library_path_lib')
[7.347s] INFO:colcon.colcon_core.shell:Creating environment hook '/home/ubuntu/ros2_ws/install/v4l2_camera/share/v4l2_camera/hook/ld_library_path_lib.ps1'
[7.348s] INFO:colcon.colcon_core.shell:Creating environment descriptor '/home/ubuntu/ros2_ws/install/v4l2_camera/share/v4l2_camera/hook/ld_library_path_lib.dsv'
[7.349s] INFO:colcon.colcon_core.shell:Creating environment hook '/home/ubuntu/ros2_ws/install/v4l2_camera/share/v4l2_camera/hook/ld_library_path_lib.sh'
[7.350s] Level 1:colcon.colcon_core.environment:checking '/home/ubuntu/ros2_ws/install/v4l2_camera/bin'
[7.350s] Level 1:colcon.colcon_core.environment:checking '/home/ubuntu/ros2_ws/install/v4l2_camera/lib/pkgconfig/v4l2_camera.pc'
[7.351s] Level 1:colcon.colcon_core.environment:checking '/home/ubuntu/ros2_ws/install/v4l2_camera/lib/python3.8/site-packages'
[7.351s] Level 1:colcon.colcon_core.environment:checking '/home/ubuntu/ros2_ws/install/v4l2_camera/bin'
[7.433s] INFO:colcon.colcon_core.shell:Creating package script '/home/ubuntu/ros2_ws/install/v4l2_camera/share/v4l2_camera/package.ps1'
[7.436s] INFO:colcon.colcon_core.shell:Creating package descriptor '/home/ubuntu/ros2_ws/install/v4l2_camera/share/v4l2_camera/package.dsv'
[7.437s] INFO:colcon.colcon_core.shell:Creating package script '/home/ubuntu/ros2_ws/install/v4l2_camera/share/v4l2_camera/package.sh'
[7.439s] INFO:colcon.colcon_core.shell:Creating package script '/home/ubuntu/ros2_ws/install/v4l2_camera/share/v4l2_camera/package.bash'
[7.440s] INFO:colcon.colcon_core.shell:Creating package script '/home/ubuntu/ros2_ws/install/v4l2_camera/share/v4l2_camera/package.zsh'
[7.442s] Level 1:colcon.colcon_core.environment:create_file_with_runtime_dependencies(/home/ubuntu/ros2_ws/install/v4l2_camera/share/colcon-core/packages/v4l2_camera)
[7.576s] Level 1:colcon.colcon_core.environment:create_environment_scripts_only(v4l2_camera)
[7.659s] Level 1:colcon.colcon_core.environment:checking '/home/ubuntu/ros2_ws/install/v4l2_camera' for CMake module files
[7.660s] Level 1:colcon.colcon_core.environment:checking '/home/ubuntu/ros2_ws/install/v4l2_camera' for CMake config files
[7.661s] Level 1:colcon.colcon_core.shell:create_environment_hook('v4l2_camera', 'cmake_prefix_path')
[7.743s] INFO:colcon.colcon_core.shell:Creating environment hook '/home/ubuntu/ros2_ws/install/v4l2_camera/share/v4l2_camera/hook/cmake_prefix_path.ps1'
[7.745s] INFO:colcon.colcon_core.shell:Creating environment descriptor '/home/ubuntu/ros2_ws/install/v4l2_camera/share/v4l2_camera/hook/cmake_prefix_path.dsv'
[7.746s] INFO:colcon.colcon_core.shell:Creating environment hook '/home/ubuntu/ros2_ws/install/v4l2_camera/share/v4l2_camera/hook/cmake_prefix_path.sh'
[7.747s] Level 1:colcon.colcon_core.environment:checking '/home/ubuntu/ros2_ws/install/v4l2_camera/lib'
[7.748s] Level 1:colcon.colcon_core.shell:create_environment_hook('v4l2_camera', 'ld_library_path_lib')
[7.831s] INFO:colcon.colcon_core.shell:Creating environment hook '/home/ubuntu/ros2_ws/install/v4l2_camera/share/v4l2_camera/hook/ld_library_path_lib.ps1'
[7.832s] INFO:colcon.colcon_core.shell:Creating environment descriptor '/home/ubuntu/ros2_ws/install/v4l2_camera/share/v4l2_camera/hook/ld_library_path_lib.dsv'
[7.833s] INFO:colcon.colcon_core.shell:Creating environment hook '/home/ubuntu/ros2_ws/install/v4l2_camera/share/v4l2_camera/hook/ld_library_path_lib.sh'
[7.834s] Level 1:colcon.colcon_core.environment:checking '/home/ubuntu/ros2_ws/install/v4l2_camera/bin'
[7.834s] Level 1:colcon.colcon_core.environment:checking '/home/ubuntu/ros2_ws/install/v4l2_camera/lib/pkgconfig/v4l2_camera.pc'
[7.835s] Level 1:colcon.colcon_core.environment:checking '/home/ubuntu/ros2_ws/install/v4l2_camera/lib/python3.8/site-packages'
[7.835s] Level 1:colcon.colcon_core.environment:checking '/home/ubuntu/ros2_ws/install/v4l2_camera/bin'
[7.916s] INFO:colcon.colcon_core.shell:Creating package script '/home/ubuntu/ros2_ws/install/v4l2_camera/share/v4l2_camera/package.ps1'
[7.918s] INFO:colcon.colcon_core.shell:Creating package descriptor '/home/ubuntu/ros2_ws/install/v4l2_camera/share/v4l2_camera/package.dsv'
[7.919s] INFO:colcon.colcon_core.shell:Creating package script '/home/ubuntu/ros2_ws/install/v4l2_camera/share/v4l2_camera/package.sh'
[7.921s] INFO:colcon.colcon_core.shell:Creating package script '/home/ubuntu/ros2_ws/install/v4l2_camera/share/v4l2_camera/package.bash'
[7.921s] INFO:colcon.colcon_core.shell:Creating package script '/home/ubuntu/ros2_ws/install/v4l2_camera/share/v4l2_camera/package.zsh'
[7.922s] Level 1:colcon.colcon_core.environment:create_file_with_runtime_dependencies(/home/ubuntu/ros2_ws/install/v4l2_camera/share/colcon-core/packages/v4l2_camera)
[16.421s] DEBUG:colcon.colcon_core.event_handler.log_command:Invoked command in '/home/ubuntu/ros2_ws/build/bluespace_ai_xsens_mti_driver' returned '2': CMAKE_PREFIX_PATH=${CMAKE_PREFIX_PATH}:/opt/ros/foxy /home/ubuntu/.local/bin/cmake --build /home/ubuntu/ros2_ws/build/bluespace_ai_xsens_mti_driver -- -j4 -l4
[16.552s] Level 1:colcon.colcon_core.environment:create_environment_scripts_only(bluespace_ai_xsens_mti_driver)
[16.635s] Level 1:colcon.colcon_core.environment:checking '/home/ubuntu/ros2_ws/install/bluespace_ai_xsens_mti_driver' for CMake module files
[16.637s] Level 1:colcon.colcon_core.environment:checking '/home/ubuntu/ros2_ws/install/bluespace_ai_xsens_mti_driver' for CMake config files
[16.637s] Level 1:colcon.colcon_core.shell:create_environment_hook('bluespace_ai_xsens_mti_driver', 'cmake_prefix_path')
[16.720s] INFO:colcon.colcon_core.shell:Creating environment hook '/home/ubuntu/ros2_ws/install/bluespace_ai_xsens_mti_driver/share/bluespace_ai_xsens_mti_driver/hook/cmake_prefix_path.ps1'
[16.721s] INFO:colcon.colcon_core.shell:Creating environment descriptor '/home/ubuntu/ros2_ws/install/bluespace_ai_xsens_mti_driver/share/bluespace_ai_xsens_mti_driver/hook/cmake_prefix_path.dsv'
[16.722s] INFO:colcon.colcon_core.shell:Creating environment hook '/home/ubuntu/ros2_ws/install/bluespace_ai_xsens_mti_driver/share/bluespace_ai_xsens_mti_driver/hook/cmake_prefix_path.sh'
[16.724s] Level 1:colcon.colcon_core.environment:checking '/home/ubuntu/ros2_ws/install/bluespace_ai_xsens_mti_driver/lib'
[16.724s] Level 1:colcon.colcon_core.environment:checking '/home/ubuntu/ros2_ws/install/bluespace_ai_xsens_mti_driver/bin'
[16.724s] Level 1:colcon.colcon_core.environment:checking '/home/ubuntu/ros2_ws/install/bluespace_ai_xsens_mti_driver/lib/pkgconfig/bluespace_ai_xsens_mti_driver.pc'
[16.725s] Level 1:colcon.colcon_core.environment:checking '/home/ubuntu/ros2_ws/install/bluespace_ai_xsens_mti_driver/lib/python3.8/site-packages'
[16.725s] Level 1:colcon.colcon_core.environment:checking '/home/ubuntu/ros2_ws/install/bluespace_ai_xsens_mti_driver/bin'
[16.806s] INFO:colcon.colcon_core.shell:Creating package script '/home/ubuntu/ros2_ws/install/bluespace_ai_xsens_mti_driver/share/bluespace_ai_xsens_mti_driver/package.ps1'
[16.808s] INFO:colcon.colcon_core.shell:Creating package descriptor '/home/ubuntu/ros2_ws/install/bluespace_ai_xsens_mti_driver/share/bluespace_ai_xsens_mti_driver/package.dsv'
[16.809s] INFO:colcon.colcon_core.shell:Creating package script '/home/ubuntu/ros2_ws/install/bluespace_ai_xsens_mti_driver/share/bluespace_ai_xsens_mti_driver/package.sh'
[16.810s] INFO:colcon.colcon_core.shell:Creating package script '/home/ubuntu/ros2_ws/install/bluespace_ai_xsens_mti_driver/share/bluespace_ai_xsens_mti_driver/package.bash'
[16.811s] INFO:colcon.colcon_core.shell:Creating package script '/home/ubuntu/ros2_ws/install/bluespace_ai_xsens_mti_driver/share/bluespace_ai_xsens_mti_driver/package.zsh'
[16.811s] Level 1:colcon.colcon_core.environment:create_file_with_runtime_dependencies(/home/ubuntu/ros2_ws/install/bluespace_ai_xsens_mti_driver/share/colcon-core/packages/bluespace_ai_xsens_mti_driver)
[16.822s] DEBUG:colcon.colcon_parallel_executor.executor.parallel:closing loop
[16.823s] DEBUG:colcon.colcon_parallel_executor.executor.parallel:loop closed
[16.823s] DEBUG:colcon.colcon_parallel_executor.executor.parallel:run_until_complete finished with '2'
[16.824s] DEBUG:colcon.colcon_core.event_reactor:joining thread
[16.928s] INFO:colcon.colcon_core.plugin_system:Skipping extension 'colcon_notification.desktop_notification.terminal_notifier': Not used on non-Darwin systems
[16.929s] INFO:colcon.colcon_core.plugin_system:Skipping extension 'colcon_notification.desktop_notification.win32': Not used on non-Windows systems
[16.929s] INFO:colcon.colcon_notification.desktop_notification:Sending desktop notification using 'notify2'
[16.974s] DEBUG:colcon.colcon_core.event_reactor:joined thread
[17.056s] INFO:colcon.colcon_core.shell:Creating prefix script '/home/ubuntu/ros2_ws/install/local_setup.ps1'
[17.058s] INFO:colcon.colcon_core.shell:Creating prefix util module '/home/ubuntu/ros2_ws/install/_local_setup_util_ps1.py'
[17.061s] INFO:colcon.colcon_core.shell:Creating prefix chain script '/home/ubuntu/ros2_ws/install/setup.ps1'
[17.147s] INFO:colcon.colcon_core.shell:Creating prefix script '/home/ubuntu/ros2_ws/install/local_setup.sh'
[17.148s] INFO:colcon.colcon_core.shell:Creating prefix util module '/home/ubuntu/ros2_ws/install/_local_setup_util_sh.py'
[17.149s] INFO:colcon.colcon_core.shell:Creating prefix chain script '/home/ubuntu/ros2_ws/install/setup.sh'
[17.231s] INFO:colcon.colcon_core.shell:Creating prefix script '/home/ubuntu/ros2_ws/install/local_setup.bash'
[17.232s] INFO:colcon.colcon_core.shell:Creating prefix chain script '/home/ubuntu/ros2_ws/install/setup.bash'
[17.311s] INFO:colcon.colcon_core.shell:Creating prefix script '/home/ubuntu/ros2_ws/install/local_setup.zsh'
[17.312s] INFO:colcon.colcon_core.shell:Creating prefix chain script '/home/ubuntu/ros2_ws/install/setup.zsh'
