[0.390s] Invoking command in '/home/ubuntu/ros2_ws/build/v4l2_camera': CMAKE_PREFIX_PATH=${CMAKE_PREFIX_PATH}:/opt/ros/foxy /home/ubuntu/.local/bin/cmake --build /home/ubuntu/ros2_ws/build/v4l2_camera -- -j4 -l4
[0.539s] [ 42%] Built target v4l2_camera
[0.569s] [ 85%] Built target v4l2_camera_compose_test
[0.569s] [100%] Built target v4l2_camera_node
[0.578s] Invoked command in '/home/ubuntu/ros2_ws/build/v4l2_camera' returned '0': CMAKE_PREFIX_PATH=${CMAKE_PREFIX_PATH}:/opt/ros/foxy /home/ubuntu/.local/bin/cmake --build /home/ubuntu/ros2_ws/build/v4l2_camera -- -j4 -l4
[0.645s] Invoking command in '/home/ubuntu/ros2_ws/build/v4l2_camera': CMAKE_PREFIX_PATH=${CMAKE_PREFIX_PATH}:/opt/ros/foxy /home/ubuntu/.local/bin/cmake --install /home/ubuntu/ros2_ws/build/v4l2_camera
[0.654s] -- Install configuration: ""
[0.655s] -- Up-to-date: /home/ubuntu/ros2_ws/install/v4l2_camera/include
[0.656s] -- Up-to-date: /home/ubuntu/ros2_ws/install/v4l2_camera/include/v4l2_camera
[0.656s] -- Up-to-date: /home/ubuntu/ros2_ws/install/v4l2_camera/include/v4l2_camera/v4l2_camera.hpp
[0.656s] -- Up-to-date: /home/ubuntu/ros2_ws/install/v4l2_camera/include/v4l2_camera/visibility_control.h
[0.656s] -- Up-to-date: /home/ubuntu/ros2_ws/install/v4l2_camera/include/v4l2_camera/pixel_format.hpp
[0.656s] -- Up-to-date: /home/ubuntu/ros2_ws/install/v4l2_camera/include/v4l2_camera/v4l2_camera_device.hpp
[0.656s] -- Up-to-date: /home/ubuntu/ros2_ws/install/v4l2_camera/include/v4l2_camera/fourcc.hpp
[0.657s] -- Up-to-date: /home/ubuntu/ros2_ws/install/v4l2_camera/include/v4l2_camera/control.hpp
[0.657s] -- Up-to-date: /home/ubuntu/ros2_ws/install/v4l2_camera/include/v4l2_camera/image_format.hpp
[0.657s] -- Up-to-date: /home/ubuntu/ros2_ws/install/v4l2_camera/lib/libv4l2_camera.so
[0.658s] -- Up-to-date: /home/ubuntu/ros2_ws/install/v4l2_camera/lib/v4l2_camera/v4l2_camera_node
[0.661s] -- Up-to-date: /home/ubuntu/ros2_ws/install/v4l2_camera/lib/v4l2_camera/v4l2_camera_compose_test
[0.662s] -- Up-to-date: /home/ubuntu/ros2_ws/install/v4l2_camera/share/v4l2_camera/environment/library_path.sh
[0.662s] -- Up-to-date: /home/ubuntu/ros2_ws/install/v4l2_camera/share/v4l2_camera/environment/library_path.dsv
[0.663s] -- Up-to-date: /home/ubuntu/ros2_ws/install/v4l2_camera/share/ament_index/resource_index/package_run_dependencies/v4l2_camera
[0.663s] -- Up-to-date: /home/ubuntu/ros2_ws/install/v4l2_camera/share/ament_index/resource_index/parent_prefix_path/v4l2_camera
[0.664s] -- Up-to-date: /home/ubuntu/ros2_ws/install/v4l2_camera/share/v4l2_camera/environment/ament_prefix_path.sh
[0.664s] -- Up-to-date: /home/ubuntu/ros2_ws/install/v4l2_camera/share/v4l2_camera/environment/ament_prefix_path.dsv
[0.664s] -- Up-to-date: /home/ubuntu/ros2_ws/install/v4l2_camera/share/v4l2_camera/environment/path.sh
[0.664s] -- Up-to-date: /home/ubuntu/ros2_ws/install/v4l2_camera/share/v4l2_camera/environment/path.dsv
[0.664s] -- Up-to-date: /home/ubuntu/ros2_ws/install/v4l2_camera/share/v4l2_camera/local_setup.bash
[0.665s] -- Up-to-date: /home/ubuntu/ros2_ws/install/v4l2_camera/share/v4l2_camera/local_setup.sh
[0.665s] -- Up-to-date: /home/ubuntu/ros2_ws/install/v4l2_camera/share/v4l2_camera/local_setup.zsh
[0.665s] -- Up-to-date: /home/ubuntu/ros2_ws/install/v4l2_camera/share/v4l2_camera/local_setup.dsv
[0.665s] -- Installing: /home/ubuntu/ros2_ws/install/v4l2_camera/share/v4l2_camera/package.dsv
[0.666s] -- Up-to-date: /home/ubuntu/ros2_ws/install/v4l2_camera/share/ament_index/resource_index/packages/v4l2_camera
[0.666s] -- Up-to-date: /home/ubuntu/ros2_ws/install/v4l2_camera/share/ament_index/resource_index/rclcpp_components/v4l2_camera
[0.670s] -- Up-to-date: /home/ubuntu/ros2_ws/install/v4l2_camera/share/v4l2_camera/cmake/export_v4l2_cameraExport.cmake
[0.671s] -- Up-to-date: /home/ubuntu/ros2_ws/install/v4l2_camera/share/v4l2_camera/cmake/export_v4l2_cameraExport-noconfig.cmake
[0.672s] -- Up-to-date: /home/ubuntu/ros2_ws/install/v4l2_camera/share/v4l2_camera/cmake/ament_cmake_export_include_directories-extras.cmake
[0.673s] -- Up-to-date: /home/ubuntu/ros2_ws/install/v4l2_camera/share/v4l2_camera/cmake/ament_cmake_export_targets-extras.cmake
[0.673s] -- Up-to-date: /home/ubuntu/ros2_ws/install/v4l2_camera/share/v4l2_camera/cmake/ament_cmake_export_libraries-extras.cmake
[0.674s] -- Up-to-date: /home/ubuntu/ros2_ws/install/v4l2_camera/share/v4l2_camera/cmake/ament_cmake_export_dependencies-extras.cmake
[0.674s] -- Up-to-date: /home/ubuntu/ros2_ws/install/v4l2_camera/share/v4l2_camera/cmake/v4l2_cameraConfig.cmake
[0.674s] -- Up-to-date: /home/ubuntu/ros2_ws/install/v4l2_camera/share/v4l2_camera/cmake/v4l2_cameraConfig-version.cmake
[0.674s] -- Up-to-date: /home/ubuntu/ros2_ws/install/v4l2_camera/share/v4l2_camera/package.xml
[0.675s] Invoked command in '/home/ubuntu/ros2_ws/build/v4l2_camera' returned '0': CMAKE_PREFIX_PATH=${CMAKE_PREFIX_PATH}:/opt/ros/foxy /home/ubuntu/.local/bin/cmake --install /home/ubuntu/ros2_ws/build/v4l2_camera
