[0.853s] Invoking command in '/home/ubuntu/ros2_ws/build/bluespace_ai_xsens_mti_driver': CMAKE_PREFIX_PATH=${CMAKE_PREFIX_PATH}:/opt/ros/foxy /home/ubuntu/.local/bin/cmake --build /home/ubuntu/ros2_ws/build/bluespace_ai_xsens_mti_driver -- -j4 -l4
[0.873s] [0mCMake Deprecation Warning at CMakeLists.txt:1 (cmake_minimum_required):
[0.873s]   Compatibility with CMake < 3.5 will be removed from a future version of
[0.873s]   CMake.
[0.873s] 
[0.874s]   Update the VERSION argument <min> value or use a ...<max> suffix to tell
[0.874s]   CMake that the project does not need compatibility with older versions.
[0.874s] 
[0.874s] [0m
[0.886s] -- Found ament_cmake: 0.9.12 (/opt/ros/foxy/share/ament_cmake/cmake)
[0.890s] [33mCMake Warning (dev) at /opt/ros/foxy/share/ament_cmake_core/cmake/core/python.cmake:22 (find_package):
[0.890s]   Policy CMP0148 is not set: The FindPythonInterp and FindPythonLibs modules
[0.891s]   are removed.  Run "cmake --help-policy CMP0148" for policy details.  Use
[0.891s]   the cmake_policy command to set the policy and suppress this warning.
[0.891s] 
[0.891s] Call Stack (most recent call first):
[0.891s]   /opt/ros/foxy/share/ament_cmake_core/cmake/core/all.cmake:53 (include)
[0.891s]   /opt/ros/foxy/share/ament_cmake_core/cmake/ament_cmake_core-extras.cmake:17 (include)
[0.891s]   /opt/ros/foxy/share/ament_cmake_core/cmake/ament_cmake_coreConfig.cmake:41 (include)
[0.892s]   /opt/ros/foxy/share/ament_cmake/cmake/ament_cmake_export_dependencies-extras.cmake:15 (find_package)
[0.892s]   /opt/ros/foxy/share/ament_cmake/cmake/ament_cmakeConfig.cmake:41 (include)
[0.892s]   CMakeLists.txt:12 (find_package)
[0.892s] This warning is for project developers.  Use -Wno-dev to suppress it.
[0.892s] [0m
[0.935s] -- Using PYTHON_EXECUTABLE: /usr/bin/python3
[1.345s] -- Found rclcpp: 2.4.3 (/opt/ros/foxy/share/rclcpp/cmake)
[1.421s] -- Using all available rosidl_typesupport_c: rosidl_typesupport_fastrtps_c;rosidl_typesupport_introspection_c
[1.429s] -- Found rosidl_adapter: 1.3.1 (/opt/ros/foxy/share/rosidl_adapter/cmake)
[1.708s] -- Using all available rosidl_typesupport_cpp: rosidl_typesupport_fastrtps_cpp;rosidl_typesupport_introspection_cpp
[1.831s] -- Found rmw_implementation_cmake: 1.0.4 (/opt/ros/foxy/share/rmw_implementation_cmake/cmake)
[1.835s] -- Using RMW implementation 'rmw_fastrtps_cpp' as default
[2.186s] -- Found tf2: 0.13.14 (/opt/ros/foxy/share/tf2/cmake)
[2.298s] -- Found tf2_ros: 0.13.14 (/opt/ros/foxy/share/tf2_ros/cmake)
[3.069s] -- Found sensor_msgs: 2.0.5 (/opt/ros/foxy/share/sensor_msgs/cmake)
[3.263s] [31mCMake Error at CMakeLists.txt:19 (find_package):
[3.263s]   By not providing "FindOpenCV2.cmake" in CMAKE_MODULE_PATH this project has
[3.264s]   asked CMake to find a package configuration file provided by "OpenCV2", but
[3.264s]   CMake did not find one.
[3.264s] 
[3.264s]   Could not find a package configuration file provided by "OpenCV2" with any
[3.264s]   of the following names:
[3.264s] 
[3.265s]     OpenCV2Config.cmake
[3.265s]     opencv2-config.cmake
[3.265s] 
[3.266s]   Add the installation prefix of "OpenCV2" to CMAKE_PREFIX_PATH or set
[3.266s]   "OpenCV2_DIR" to a directory containing one of the above files.  If
[3.266s]   "OpenCV2" provides a separate development package or SDK, be sure it has
[3.266s]   been installed.
[3.266s] 
[3.267s] [0m
[3.267s] -- Configuring incomplete, errors occurred!
[3.280s] make: *** [Makefile:321: cmake_check_build_system] Error 1
[3.283s] Invoked command in '/home/ubuntu/ros2_ws/build/bluespace_ai_xsens_mti_driver' returned '2': CMAKE_PREFIX_PATH=${CMAKE_PREFIX_PATH}:/opt/ros/foxy /home/ubuntu/.local/bin/cmake --build /home/ubuntu/ros2_ws/build/bluespace_ai_xsens_mti_driver -- -j4 -l4
