In file included from [01m[K/home/ubuntu/ros2_ws/src/bluespace_ai_xsens_ros_mti_driver/src/xdainterface.cpp:87[m[K:
[01m[K/home/ubuntu/ros2_ws/src/bluespace_ai_xsens_ros_mti_driver/src/messagepublishers/imu_cam_publisher.h:[m[K In constructor ‘[01m[KCamImuPublisher::CamImuPublisher(rclcpp::Node&)[m[K’:
[01m[K/home/ubuntu/ros2_ws/src/bluespace_ai_xsens_ros_mti_driver/src/messagepublishers/imu_cam_publisher.h:16:46:[m[K [01;31m[Kerror: [m[Kclass ‘[01m[KCamImuPublisher[m[K’ does not have any field named ‘[01m[KNode[m[K’
   16 |        CamImuPublisher(rclcpp::Node &node) : [01;31m[KNode[m[K("pub_imu_cam", rclcpp::NodeOptions().use_intra_process_comms(true))
      |                                              [01;31m[K^~~~[m[K
[01m[K/home/ubuntu/ros2_ws/src/bluespace_ai_xsens_ros_mti_driver/src/messagepublishers/imu_cam_publisher.h:20:15:[m[K [01;31m[Kerror: [m[K‘[01m[Kstruct CamImuPublisher[m[K’ has no member named ‘[01m[Kget_parameter[m[K’
   20 |         this->[01;31m[Kget_parameter[m[K("publisher_queue_size", pub_queue_size);
      |               [01;31m[K^~~~~~~~~~~~~[m[K
[01m[K/home/ubuntu/ros2_ws/src/bluespace_ai_xsens_ros_mti_driver/src/messagepublishers/imu_cam_publisher.h:21:21:[m[K [01;31m[Kerror: [m[K‘[01m[Kstruct CamImuPublisher[m[K’ has no member named ‘[01m[Kcreate_publisher[m[K’
   21 |         pub = this->[01;31m[Kcreate_publisher[m[K<sensor_msgs::msg::Image>("/imu_cam_sync", pub_queue_size);
      |                     [01;31m[K^~~~~~~~~~~~~~~~[m[K
[01m[K/home/ubuntu/ros2_ws/src/bluespace_ai_xsens_ros_mti_driver/src/messagepublishers/imu_cam_publisher.h:21:61:[m[K [01;31m[Kerror: [m[Kexpected primary-expression before ‘[01m[K>[m[K’ token
   21 |         pub = this->create_publisher<sensor_msgs::msg::Image[01;31m[K>[m[K("/imu_cam_sync", pub_queue_size);
      |                                                             [01;31m[K^[m[K
[01m[K/home/ubuntu/ros2_ws/src/bluespace_ai_xsens_ros_mti_driver/src/messagepublishers/imu_cam_publisher.h:27:27:[m[K [01;31m[Kerror: [m[K‘[01m[Kstruct CamImuPublisher[m[K’ has no member named ‘[01m[Kcreate_subscription[m[K’
   27 |         sub_image = this->[01;31m[Kcreate_subscription[m[K<sensor_msgs::msg::Image>("/image_raw", 5, sub_image_callback);
      |                           [01;31m[K^~~~~~~~~~~~~~~~~~~[m[K
[01m[K/home/ubuntu/ros2_ws/src/bluespace_ai_xsens_ros_mti_driver/src/messagepublishers/imu_cam_publisher.h:27:70:[m[K [01;31m[Kerror: [m[Kexpected primary-expression before ‘[01m[K>[m[K’ token
   27 |         sub_image = this->create_subscription<sensor_msgs::msg::Image[01;31m[K>[m[K("/image_raw", 5, sub_image_callback);
      |                                                                      [01;31m[K^[m[K
make[2]: *** [CMakeFiles/xsens_mti_node.dir/build.make:90: CMakeFiles/xsens_mti_node.dir/src/xdainterface.cpp.o] Error 1
make[1]: *** [CMakeFiles/Makefile2:137: CMakeFiles/xsens_mti_node.dir/all] Error 2
make: *** [Makefile:146: all] Error 2
