[4.608s] DEBUG:colcon:Command line arguments: ['/usr/bin/colcon', 'build']
[4.608s] DEBUG:colcon:Parsed command line arguments: Namespace(allow_overriding=[], ament_cmake_args=None, base_paths=['.'], build_base='build', catkin_cmake_args=None, catkin_skip_building_tests=False, cmake_args=None, cmake_clean_cache=False, cmake_clean_first=False, cmake_force_configure=False, cmake_target=None, cmake_target_skip_unavailable=False, continue_on_error=False, event_handlers=None, executor='parallel', ignore_user_meta=False, install_base='install', log_base=None, log_level=None, main=<bound method BuildVerb.main of <colcon_core.verb.build.BuildVerb object at 0xffff8005d190>>, merge_install=False, metas=['./colcon.meta'], packages_above=None, packages_above_and_dependencies=None, packages_above_depth=None, packages_end=None, packages_ignore=None, packages_ignore_regex=None, packages_select=None, packages_select_build_failed=False, packages_select_by_dep=None, packages_select_regex=None, packages_select_test_failures=False, packages_skip=None, packages_skip_build_finished=False, packages_skip_by_dep=None, packages_skip_regex=None, packages_skip_test_passed=False, packages_skip_up_to=None, packages_start=None, packages_up_to=None, packages_up_to_regex=None, parallel_workers=4, paths=None, symlink_install=False, test_result_base=None, verb_extension=<colcon_core.verb.build.BuildVerb object at 0xffff8005d190>, verb_name='build', verb_parser=<colcon_defaults.argument_parser.defaults.DefaultArgumentsDecorator object at 0xffff7fcb2d00>)
[4.809s] Level 1:colcon.colcon_core.package_discovery:discover_packages(colcon_meta) check parameters
[4.810s] Level 1:colcon.colcon_core.package_discovery:discover_packages(recursive) check parameters
[4.810s] Level 1:colcon.colcon_core.package_discovery:discover_packages(ignore) check parameters
[4.810s] Level 1:colcon.colcon_core.package_discovery:discover_packages(path) check parameters
[4.810s] Level 1:colcon.colcon_core.package_discovery:discover_packages(colcon_meta) discover
[4.810s] Level 1:colcon.colcon_core.package_discovery:discover_packages(recursive) discover
[4.810s] INFO:colcon.colcon_core.package_discovery:Crawling recursively for packages in '/home/ubuntu/ros2_ws'
[4.810s] Level 1:colcon.colcon_core.package_identification:_identify(.) by extensions ['ignore', 'ignore_ament_install']
[4.811s] Level 1:colcon.colcon_core.package_identification:_identify(.) by extension 'ignore'
[4.811s] Level 1:colcon.colcon_core.package_identification:_identify(.) by extension 'ignore_ament_install'
[4.811s] Level 1:colcon.colcon_core.package_identification:_identify(.) by extensions ['colcon_pkg']
[4.811s] Level 1:colcon.colcon_core.package_identification:_identify(.) by extension 'colcon_pkg'
[4.811s] Level 1:colcon.colcon_core.package_identification:_identify(.) by extensions ['colcon_meta']
[4.811s] Level 1:colcon.colcon_core.package_identification:_identify(.) by extension 'colcon_meta'
[4.811s] Level 1:colcon.colcon_core.package_identification:_identify(.) by extensions ['ros']
[4.811s] Level 1:colcon.colcon_core.package_identification:_identify(.) by extension 'ros'
[4.834s] Level 1:colcon.colcon_core.package_identification:_identify(.) by extensions ['cmake', 'python']
[4.834s] Level 1:colcon.colcon_core.package_identification:_identify(.) by extension 'cmake'
[4.834s] Level 1:colcon.colcon_core.package_identification:_identify(.) by extension 'python'
[4.835s] Level 1:colcon.colcon_core.package_identification:_identify(.) by extensions ['python_setup_py']
[4.835s] Level 1:colcon.colcon_core.package_identification:_identify(.) by extension 'python_setup_py'
[4.835s] Level 1:colcon.colcon_core.package_identification:_identify(build) by extensions ['ignore', 'ignore_ament_install']
[4.835s] Level 1:colcon.colcon_core.package_identification:_identify(build) by extension 'ignore'
[4.835s] Level 1:colcon.colcon_core.package_identification:_identify(build) ignored
[4.836s] Level 1:colcon.colcon_core.package_identification:_identify(install) by extensions ['ignore', 'ignore_ament_install']
[4.836s] Level 1:colcon.colcon_core.package_identification:_identify(install) by extension 'ignore'
[4.836s] Level 1:colcon.colcon_core.package_identification:_identify(install) ignored
[4.836s] Level 1:colcon.colcon_core.package_identification:_identify(log) by extensions ['ignore', 'ignore_ament_install']
[4.836s] Level 1:colcon.colcon_core.package_identification:_identify(log) by extension 'ignore'
[4.837s] Level 1:colcon.colcon_core.package_identification:_identify(log) ignored
[4.837s] Level 1:colcon.colcon_core.package_identification:_identify(src) by extensions ['ignore', 'ignore_ament_install']
[4.837s] Level 1:colcon.colcon_core.package_identification:_identify(src) by extension 'ignore'
[4.837s] Level 1:colcon.colcon_core.package_identification:_identify(src) by extension 'ignore_ament_install'
[4.837s] Level 1:colcon.colcon_core.package_identification:_identify(src) by extensions ['colcon_pkg']
[4.837s] Level 1:colcon.colcon_core.package_identification:_identify(src) by extension 'colcon_pkg'
[4.837s] Level 1:colcon.colcon_core.package_identification:_identify(src) by extensions ['colcon_meta']
[4.837s] Level 1:colcon.colcon_core.package_identification:_identify(src) by extension 'colcon_meta'
[4.838s] Level 1:colcon.colcon_core.package_identification:_identify(src) by extensions ['ros']
[4.838s] Level 1:colcon.colcon_core.package_identification:_identify(src) by extension 'ros'
[4.838s] Level 1:colcon.colcon_core.package_identification:_identify(src) by extensions ['cmake', 'python']
[4.838s] Level 1:colcon.colcon_core.package_identification:_identify(src) by extension 'cmake'
[4.838s] Level 1:colcon.colcon_core.package_identification:_identify(src) by extension 'python'
[4.838s] Level 1:colcon.colcon_core.package_identification:_identify(src) by extensions ['python_setup_py']
[4.838s] Level 1:colcon.colcon_core.package_identification:_identify(src) by extension 'python_setup_py'
[4.838s] Level 1:colcon.colcon_core.package_identification:_identify(src/bluespace_ai_xsens_ros_mti_driver) by extensions ['ignore', 'ignore_ament_install']
[4.839s] Level 1:colcon.colcon_core.package_identification:_identify(src/bluespace_ai_xsens_ros_mti_driver) by extension 'ignore'
[4.839s] Level 1:colcon.colcon_core.package_identification:_identify(src/bluespace_ai_xsens_ros_mti_driver) by extension 'ignore_ament_install'
[4.839s] Level 1:colcon.colcon_core.package_identification:_identify(src/bluespace_ai_xsens_ros_mti_driver) by extensions ['colcon_pkg']
[4.839s] Level 1:colcon.colcon_core.package_identification:_identify(src/bluespace_ai_xsens_ros_mti_driver) by extension 'colcon_pkg'
[4.839s] Level 1:colcon.colcon_core.package_identification:_identify(src/bluespace_ai_xsens_ros_mti_driver) by extensions ['colcon_meta']
[4.839s] Level 1:colcon.colcon_core.package_identification:_identify(src/bluespace_ai_xsens_ros_mti_driver) by extension 'colcon_meta'
[4.839s] Level 1:colcon.colcon_core.package_identification:_identify(src/bluespace_ai_xsens_ros_mti_driver) by extensions ['ros']
[4.839s] Level 1:colcon.colcon_core.package_identification:_identify(src/bluespace_ai_xsens_ros_mti_driver) by extension 'ros'
[4.845s] DEBUG:colcon.colcon_core.package_identification:Package 'src/bluespace_ai_xsens_ros_mti_driver' with type 'ros.ament_cmake' and name 'bluespace_ai_xsens_mti_driver'
[4.845s] Level 1:colcon.colcon_core.package_identification:_identify(src/v4l2_camera) by extensions ['ignore', 'ignore_ament_install']
[4.845s] Level 1:colcon.colcon_core.package_identification:_identify(src/v4l2_camera) by extension 'ignore'
[4.846s] Level 1:colcon.colcon_core.package_identification:_identify(src/v4l2_camera) by extension 'ignore_ament_install'
[4.846s] Level 1:colcon.colcon_core.package_identification:_identify(src/v4l2_camera) by extensions ['colcon_pkg']
[4.846s] Level 1:colcon.colcon_core.package_identification:_identify(src/v4l2_camera) by extension 'colcon_pkg'
[4.846s] Level 1:colcon.colcon_core.package_identification:_identify(src/v4l2_camera) by extensions ['colcon_meta']
[4.846s] Level 1:colcon.colcon_core.package_identification:_identify(src/v4l2_camera) by extension 'colcon_meta'
[4.846s] Level 1:colcon.colcon_core.package_identification:_identify(src/v4l2_camera) by extensions ['ros']
[4.846s] Level 1:colcon.colcon_core.package_identification:_identify(src/v4l2_camera) by extension 'ros'
[4.848s] DEBUG:colcon.colcon_core.package_identification:Package 'src/v4l2_camera' with type 'ros.ament_cmake' and name 'v4l2_camera'
[4.848s] Level 1:colcon.colcon_core.package_discovery:discover_packages(recursive) using defaults
[4.848s] Level 1:colcon.colcon_core.package_discovery:discover_packages(ignore) discover
[4.848s] Level 1:colcon.colcon_core.package_discovery:discover_packages(ignore) using defaults
[4.848s] Level 1:colcon.colcon_core.package_discovery:discover_packages(path) discover
[4.848s] Level 1:colcon.colcon_core.package_discovery:discover_packages(path) using defaults
[5.296s] Level 1:colcon.colcon_core.package_discovery:discover_packages(prefix_path) check parameters
[5.296s] Level 1:colcon.colcon_core.package_discovery:discover_packages(prefix_path) discover
[5.455s] DEBUG:colcon.colcon_installed_package_information.package_discovery:Found 2 installed packages in /home/ubuntu/ros2_ws/install
[5.534s] DEBUG:colcon.colcon_installed_package_information.package_discovery:Found 253 installed packages in /opt/ros/foxy
[5.536s] Level 1:colcon.colcon_core.package_discovery:discover_packages(prefix_path) using defaults
[5.840s] Level 5:colcon.colcon_core.verb:set package 'bluespace_ai_xsens_mti_driver' build argument 'cmake_args' from command line to 'None'
[5.841s] Level 5:colcon.colcon_core.verb:set package 'bluespace_ai_xsens_mti_driver' build argument 'cmake_target' from command line to 'None'
[5.841s] Level 5:colcon.colcon_core.verb:set package 'bluespace_ai_xsens_mti_driver' build argument 'cmake_target_skip_unavailable' from command line to 'False'
[5.841s] Level 5:colcon.colcon_core.verb:set package 'bluespace_ai_xsens_mti_driver' build argument 'cmake_clean_cache' from command line to 'False'
[5.841s] Level 5:colcon.colcon_core.verb:set package 'bluespace_ai_xsens_mti_driver' build argument 'cmake_clean_first' from command line to 'False'
[5.841s] Level 5:colcon.colcon_core.verb:set package 'bluespace_ai_xsens_mti_driver' build argument 'cmake_force_configure' from command line to 'False'
[5.841s] Level 5:colcon.colcon_core.verb:set package 'bluespace_ai_xsens_mti_driver' build argument 'ament_cmake_args' from command line to 'None'
[5.841s] Level 5:colcon.colcon_core.verb:set package 'bluespace_ai_xsens_mti_driver' build argument 'catkin_cmake_args' from command line to 'None'
[5.841s] Level 5:colcon.colcon_core.verb:set package 'bluespace_ai_xsens_mti_driver' build argument 'catkin_skip_building_tests' from command line to 'False'
[5.841s] DEBUG:colcon.colcon_core.verb:Building package 'bluespace_ai_xsens_mti_driver' with the following arguments: {'ament_cmake_args': None, 'build_base': '/home/ubuntu/ros2_ws/build/bluespace_ai_xsens_mti_driver', 'catkin_cmake_args': None, 'catkin_skip_building_tests': False, 'cmake_args': None, 'cmake_clean_cache': False, 'cmake_clean_first': False, 'cmake_force_configure': False, 'cmake_target': None, 'cmake_target_skip_unavailable': False, 'install_base': '/home/ubuntu/ros2_ws/install/bluespace_ai_xsens_mti_driver', 'merge_install': False, 'path': '/home/ubuntu/ros2_ws/src/bluespace_ai_xsens_ros_mti_driver', 'symlink_install': False, 'test_result_base': None}
[5.918s] Level 5:colcon.colcon_core.verb:set package 'v4l2_camera' build argument 'cmake_args' from command line to 'None'
[5.918s] Level 5:colcon.colcon_core.verb:set package 'v4l2_camera' build argument 'cmake_target' from command line to 'None'
[5.918s] Level 5:colcon.colcon_core.verb:set package 'v4l2_camera' build argument 'cmake_target_skip_unavailable' from command line to 'False'
[5.918s] Level 5:colcon.colcon_core.verb:set package 'v4l2_camera' build argument 'cmake_clean_cache' from command line to 'False'
[5.918s] Level 5:colcon.colcon_core.verb:set package 'v4l2_camera' build argument 'cmake_clean_first' from command line to 'False'
[5.918s] Level 5:colcon.colcon_core.verb:set package 'v4l2_camera' build argument 'cmake_force_configure' from command line to 'False'
[5.919s] Level 5:colcon.colcon_core.verb:set package 'v4l2_camera' build argument 'ament_cmake_args' from command line to 'None'
[5.919s] Level 5:colcon.colcon_core.verb:set package 'v4l2_camera' build argument 'catkin_cmake_args' from command line to 'None'
[5.919s] Level 5:colcon.colcon_core.verb:set package 'v4l2_camera' build argument 'catkin_skip_building_tests' from command line to 'False'
[5.919s] DEBUG:colcon.colcon_core.verb:Building package 'v4l2_camera' with the following arguments: {'ament_cmake_args': None, 'build_base': '/home/ubuntu/ros2_ws/build/v4l2_camera', 'catkin_cmake_args': None, 'catkin_skip_building_tests': False, 'cmake_args': None, 'cmake_clean_cache': False, 'cmake_clean_first': False, 'cmake_force_configure': False, 'cmake_target': None, 'cmake_target_skip_unavailable': False, 'install_base': '/home/ubuntu/ros2_ws/install/v4l2_camera', 'merge_install': False, 'path': '/home/ubuntu/ros2_ws/src/v4l2_camera', 'symlink_install': False, 'test_result_base': None}
[5.997s] INFO:colcon.colcon_core.executor:Executing jobs using 'parallel' executor
[6.075s] DEBUG:colcon.colcon_parallel_executor.executor.parallel:run_until_complete
[6.076s] INFO:colcon.colcon_ros.task.ament_cmake.build:Building ROS package in '/home/ubuntu/ros2_ws/src/bluespace_ai_xsens_ros_mti_driver' with build type 'ament_cmake'
[6.076s] INFO:colcon.colcon_cmake.task.cmake.build:Building CMake package in '/home/ubuntu/ros2_ws/src/bluespace_ai_xsens_ros_mti_driver'
[6.162s] INFO:colcon.colcon_core.plugin_system:Skipping extension 'colcon_core.shell.bat': Not used on non-Windows systems
[6.162s] INFO:colcon.colcon_core.shell:Skip shell extension 'powershell' for command environment: Not usable outside of PowerShell
[6.163s] DEBUG:colcon.colcon_core.shell:Skip shell extension 'dsv' for command environment
[6.447s] INFO:colcon.colcon_ros.task.ament_cmake.build:Building ROS package in '/home/ubuntu/ros2_ws/src/v4l2_camera' with build type 'ament_cmake'
[6.448s] INFO:colcon.colcon_cmake.task.cmake.build:Building CMake package in '/home/ubuntu/ros2_ws/src/v4l2_camera'
[6.536s] INFO:colcon.colcon_core.shell:Skip shell extension 'powershell' for command environment: Not usable outside of PowerShell
[6.536s] DEBUG:colcon.colcon_core.shell:Skip shell extension 'dsv' for command environment
[6.794s] DEBUG:colcon.colcon_core.event_handler.log_command:Invoking command in '/home/ubuntu/ros2_ws/build/bluespace_ai_xsens_mti_driver': CMAKE_PREFIX_PATH=${CMAKE_PREFIX_PATH}:/opt/ros/foxy /home/ubuntu/.local/bin/cmake --build /home/ubuntu/ros2_ws/build/bluespace_ai_xsens_mti_driver -- -j4 -l4
[6.812s] DEBUG:colcon.colcon_core.event_handler.log_command:Invoking command in '/home/ubuntu/ros2_ws/build/v4l2_camera': CMAKE_PREFIX_PATH=${CMAKE_PREFIX_PATH}:/opt/ros/foxy /home/ubuntu/.local/bin/cmake --build /home/ubuntu/ros2_ws/build/v4l2_camera -- -j4 -l4
[6.876s] DEBUG:colcon.colcon_core.event_handler.log_command:Invoked command in '/home/ubuntu/ros2_ws/build/bluespace_ai_xsens_mti_driver' returned '0': CMAKE_PREFIX_PATH=${CMAKE_PREFIX_PATH}:/opt/ros/foxy /home/ubuntu/.local/bin/cmake --build /home/ubuntu/ros2_ws/build/bluespace_ai_xsens_mti_driver -- -j4 -l4
[6.891s] DEBUG:colcon.colcon_core.event_handler.log_command:Invoked command in '/home/ubuntu/ros2_ws/build/v4l2_camera' returned '0': CMAKE_PREFIX_PATH=${CMAKE_PREFIX_PATH}:/opt/ros/foxy /home/ubuntu/.local/bin/cmake --build /home/ubuntu/ros2_ws/build/v4l2_camera -- -j4 -l4
[6.931s] DEBUG:colcon.colcon_core.event_handler.log_command:Invoking command in '/home/ubuntu/ros2_ws/build/bluespace_ai_xsens_mti_driver': CMAKE_PREFIX_PATH=${CMAKE_PREFIX_PATH}:/opt/ros/foxy /home/ubuntu/.local/bin/cmake --install /home/ubuntu/ros2_ws/build/bluespace_ai_xsens_mti_driver
[6.941s] DEBUG:colcon.colcon_core.event_handler.log_command:Invoking command in '/home/ubuntu/ros2_ws/build/v4l2_camera': CMAKE_PREFIX_PATH=${CMAKE_PREFIX_PATH}:/opt/ros/foxy /home/ubuntu/.local/bin/cmake --install /home/ubuntu/ros2_ws/build/v4l2_camera
[6.946s] Level 1:colcon.colcon_core.environment:create_environment_scripts_only(bluespace_ai_xsens_mti_driver)
[6.953s] DEBUG:colcon.colcon_core.event_handler.log_command:Invoked command in '/home/ubuntu/ros2_ws/build/bluespace_ai_xsens_mti_driver' returned '0': CMAKE_PREFIX_PATH=${CMAKE_PREFIX_PATH}:/opt/ros/foxy /home/ubuntu/.local/bin/cmake --install /home/ubuntu/ros2_ws/build/bluespace_ai_xsens_mti_driver
[7.044s] Level 1:colcon.colcon_core.environment:checking '/home/ubuntu/ros2_ws/install/bluespace_ai_xsens_mti_driver' for CMake module files
[7.045s] Level 1:colcon.colcon_core.environment:checking '/home/ubuntu/ros2_ws/install/bluespace_ai_xsens_mti_driver' for CMake config files
[7.046s] Level 1:colcon.colcon_core.shell:create_environment_hook('bluespace_ai_xsens_mti_driver', 'cmake_prefix_path')
[7.124s] INFO:colcon.colcon_core.shell:Creating environment hook '/home/ubuntu/ros2_ws/install/bluespace_ai_xsens_mti_driver/share/bluespace_ai_xsens_mti_driver/hook/cmake_prefix_path.ps1'
[7.126s] INFO:colcon.colcon_core.shell:Creating environment descriptor '/home/ubuntu/ros2_ws/install/bluespace_ai_xsens_mti_driver/share/bluespace_ai_xsens_mti_driver/hook/cmake_prefix_path.dsv'
[7.127s] INFO:colcon.colcon_core.shell:Creating environment hook '/home/ubuntu/ros2_ws/install/bluespace_ai_xsens_mti_driver/share/bluespace_ai_xsens_mti_driver/hook/cmake_prefix_path.sh'
[7.129s] Level 1:colcon.colcon_core.environment:checking '/home/ubuntu/ros2_ws/install/bluespace_ai_xsens_mti_driver/lib'
[7.129s] Level 1:colcon.colcon_core.environment:checking '/home/ubuntu/ros2_ws/install/bluespace_ai_xsens_mti_driver/bin'
[7.129s] Level 1:colcon.colcon_core.environment:checking '/home/ubuntu/ros2_ws/install/bluespace_ai_xsens_mti_driver/lib/pkgconfig/bluespace_ai_xsens_mti_driver.pc'
[7.130s] Level 1:colcon.colcon_core.environment:checking '/home/ubuntu/ros2_ws/install/bluespace_ai_xsens_mti_driver/lib/python3.8/site-packages'
[7.130s] Level 1:colcon.colcon_core.environment:checking '/home/ubuntu/ros2_ws/install/bluespace_ai_xsens_mti_driver/bin'
[7.210s] INFO:colcon.colcon_core.shell:Creating package script '/home/ubuntu/ros2_ws/install/bluespace_ai_xsens_mti_driver/share/bluespace_ai_xsens_mti_driver/package.ps1'
[7.211s] INFO:colcon.colcon_core.shell:Creating package descriptor '/home/ubuntu/ros2_ws/install/bluespace_ai_xsens_mti_driver/share/bluespace_ai_xsens_mti_driver/package.dsv'
[7.212s] INFO:colcon.colcon_core.shell:Creating package script '/home/ubuntu/ros2_ws/install/bluespace_ai_xsens_mti_driver/share/bluespace_ai_xsens_mti_driver/package.sh'
[7.214s] INFO:colcon.colcon_core.shell:Creating package script '/home/ubuntu/ros2_ws/install/bluespace_ai_xsens_mti_driver/share/bluespace_ai_xsens_mti_driver/package.bash'
[7.215s] INFO:colcon.colcon_core.shell:Creating package script '/home/ubuntu/ros2_ws/install/bluespace_ai_xsens_mti_driver/share/bluespace_ai_xsens_mti_driver/package.zsh'
[7.216s] Level 1:colcon.colcon_core.environment:create_file_with_runtime_dependencies(/home/ubuntu/ros2_ws/install/bluespace_ai_xsens_mti_driver/share/colcon-core/packages/bluespace_ai_xsens_mti_driver)
[7.226s] Level 1:colcon.colcon_core.environment:create_environment_scripts_only(v4l2_camera)
[7.227s] DEBUG:colcon.colcon_core.event_handler.log_command:Invoked command in '/home/ubuntu/ros2_ws/build/v4l2_camera' returned '0': CMAKE_PREFIX_PATH=${CMAKE_PREFIX_PATH}:/opt/ros/foxy /home/ubuntu/.local/bin/cmake --install /home/ubuntu/ros2_ws/build/v4l2_camera
[7.308s] Level 1:colcon.colcon_core.environment:checking '/home/ubuntu/ros2_ws/install/v4l2_camera' for CMake module files
[7.310s] Level 1:colcon.colcon_core.environment:checking '/home/ubuntu/ros2_ws/install/v4l2_camera' for CMake config files
[7.310s] Level 1:colcon.colcon_core.shell:create_environment_hook('v4l2_camera', 'cmake_prefix_path')
[7.390s] INFO:colcon.colcon_core.shell:Creating environment hook '/home/ubuntu/ros2_ws/install/v4l2_camera/share/v4l2_camera/hook/cmake_prefix_path.ps1'
[7.391s] INFO:colcon.colcon_core.shell:Creating environment descriptor '/home/ubuntu/ros2_ws/install/v4l2_camera/share/v4l2_camera/hook/cmake_prefix_path.dsv'
[7.392s] INFO:colcon.colcon_core.shell:Creating environment hook '/home/ubuntu/ros2_ws/install/v4l2_camera/share/v4l2_camera/hook/cmake_prefix_path.sh'
[7.393s] Level 1:colcon.colcon_core.environment:checking '/home/ubuntu/ros2_ws/install/v4l2_camera/lib'
[7.393s] Level 1:colcon.colcon_core.shell:create_environment_hook('v4l2_camera', 'ld_library_path_lib')
[7.472s] INFO:colcon.colcon_core.shell:Creating environment hook '/home/ubuntu/ros2_ws/install/v4l2_camera/share/v4l2_camera/hook/ld_library_path_lib.ps1'
[7.473s] INFO:colcon.colcon_core.shell:Creating environment descriptor '/home/ubuntu/ros2_ws/install/v4l2_camera/share/v4l2_camera/hook/ld_library_path_lib.dsv'
[7.473s] INFO:colcon.colcon_core.shell:Creating environment hook '/home/ubuntu/ros2_ws/install/v4l2_camera/share/v4l2_camera/hook/ld_library_path_lib.sh'
[7.474s] Level 1:colcon.colcon_core.environment:checking '/home/ubuntu/ros2_ws/install/v4l2_camera/bin'
[7.474s] Level 1:colcon.colcon_core.environment:checking '/home/ubuntu/ros2_ws/install/v4l2_camera/lib/pkgconfig/v4l2_camera.pc'
[7.475s] Level 1:colcon.colcon_core.environment:checking '/home/ubuntu/ros2_ws/install/v4l2_camera/lib/python3.8/site-packages'
[7.475s] Level 1:colcon.colcon_core.environment:checking '/home/ubuntu/ros2_ws/install/v4l2_camera/bin'
[7.554s] INFO:colcon.colcon_core.shell:Creating package script '/home/ubuntu/ros2_ws/install/v4l2_camera/share/v4l2_camera/package.ps1'
[7.555s] INFO:colcon.colcon_core.shell:Creating package descriptor '/home/ubuntu/ros2_ws/install/v4l2_camera/share/v4l2_camera/package.dsv'
[7.556s] INFO:colcon.colcon_core.shell:Creating package script '/home/ubuntu/ros2_ws/install/v4l2_camera/share/v4l2_camera/package.sh'
[7.557s] INFO:colcon.colcon_core.shell:Creating package script '/home/ubuntu/ros2_ws/install/v4l2_camera/share/v4l2_camera/package.bash'
[7.558s] INFO:colcon.colcon_core.shell:Creating package script '/home/ubuntu/ros2_ws/install/v4l2_camera/share/v4l2_camera/package.zsh'
[7.558s] Level 1:colcon.colcon_core.environment:create_file_with_runtime_dependencies(/home/ubuntu/ros2_ws/install/v4l2_camera/share/colcon-core/packages/v4l2_camera)
[7.649s] Level 1:colcon.colcon_core.environment:create_environment_scripts_only(bluespace_ai_xsens_mti_driver)
[7.728s] Level 1:colcon.colcon_core.environment:checking '/home/ubuntu/ros2_ws/install/bluespace_ai_xsens_mti_driver' for CMake module files
[7.730s] Level 1:colcon.colcon_core.environment:checking '/home/ubuntu/ros2_ws/install/bluespace_ai_xsens_mti_driver' for CMake config files
[7.730s] Level 1:colcon.colcon_core.shell:create_environment_hook('bluespace_ai_xsens_mti_driver', 'cmake_prefix_path')
[7.809s] INFO:colcon.colcon_core.shell:Creating environment hook '/home/ubuntu/ros2_ws/install/bluespace_ai_xsens_mti_driver/share/bluespace_ai_xsens_mti_driver/hook/cmake_prefix_path.ps1'
[7.810s] INFO:colcon.colcon_core.shell:Creating environment descriptor '/home/ubuntu/ros2_ws/install/bluespace_ai_xsens_mti_driver/share/bluespace_ai_xsens_mti_driver/hook/cmake_prefix_path.dsv'
[7.811s] INFO:colcon.colcon_core.shell:Creating environment hook '/home/ubuntu/ros2_ws/install/bluespace_ai_xsens_mti_driver/share/bluespace_ai_xsens_mti_driver/hook/cmake_prefix_path.sh'
[7.812s] Level 1:colcon.colcon_core.environment:checking '/home/ubuntu/ros2_ws/install/bluespace_ai_xsens_mti_driver/lib'
[7.812s] Level 1:colcon.colcon_core.environment:checking '/home/ubuntu/ros2_ws/install/bluespace_ai_xsens_mti_driver/bin'
[7.812s] Level 1:colcon.colcon_core.environment:checking '/home/ubuntu/ros2_ws/install/bluespace_ai_xsens_mti_driver/lib/pkgconfig/bluespace_ai_xsens_mti_driver.pc'
[7.813s] Level 1:colcon.colcon_core.environment:checking '/home/ubuntu/ros2_ws/install/bluespace_ai_xsens_mti_driver/lib/python3.8/site-packages'
[7.813s] Level 1:colcon.colcon_core.environment:checking '/home/ubuntu/ros2_ws/install/bluespace_ai_xsens_mti_driver/bin'
[7.893s] INFO:colcon.colcon_core.shell:Creating package script '/home/ubuntu/ros2_ws/install/bluespace_ai_xsens_mti_driver/share/bluespace_ai_xsens_mti_driver/package.ps1'
[7.894s] INFO:colcon.colcon_core.shell:Creating package descriptor '/home/ubuntu/ros2_ws/install/bluespace_ai_xsens_mti_driver/share/bluespace_ai_xsens_mti_driver/package.dsv'
[7.895s] INFO:colcon.colcon_core.shell:Creating package script '/home/ubuntu/ros2_ws/install/bluespace_ai_xsens_mti_driver/share/bluespace_ai_xsens_mti_driver/package.sh'
[7.896s] INFO:colcon.colcon_core.shell:Creating package script '/home/ubuntu/ros2_ws/install/bluespace_ai_xsens_mti_driver/share/bluespace_ai_xsens_mti_driver/package.bash'
[7.897s] INFO:colcon.colcon_core.shell:Creating package script '/home/ubuntu/ros2_ws/install/bluespace_ai_xsens_mti_driver/share/bluespace_ai_xsens_mti_driver/package.zsh'
[7.898s] Level 1:colcon.colcon_core.environment:create_file_with_runtime_dependencies(/home/ubuntu/ros2_ws/install/bluespace_ai_xsens_mti_driver/share/colcon-core/packages/bluespace_ai_xsens_mti_driver)
[7.978s] Level 1:colcon.colcon_core.environment:create_environment_scripts_only(v4l2_camera)
[8.056s] Level 1:colcon.colcon_core.environment:checking '/home/ubuntu/ros2_ws/install/v4l2_camera' for CMake module files
[8.058s] Level 1:colcon.colcon_core.environment:checking '/home/ubuntu/ros2_ws/install/v4l2_camera' for CMake config files
[8.058s] Level 1:colcon.colcon_core.shell:create_environment_hook('v4l2_camera', 'cmake_prefix_path')
[8.136s] INFO:colcon.colcon_core.shell:Creating environment hook '/home/ubuntu/ros2_ws/install/v4l2_camera/share/v4l2_camera/hook/cmake_prefix_path.ps1'
[8.137s] INFO:colcon.colcon_core.shell:Creating environment descriptor '/home/ubuntu/ros2_ws/install/v4l2_camera/share/v4l2_camera/hook/cmake_prefix_path.dsv'
[8.138s] INFO:colcon.colcon_core.shell:Creating environment hook '/home/ubuntu/ros2_ws/install/v4l2_camera/share/v4l2_camera/hook/cmake_prefix_path.sh'
[8.139s] Level 1:colcon.colcon_core.environment:checking '/home/ubuntu/ros2_ws/install/v4l2_camera/lib'
[8.139s] Level 1:colcon.colcon_core.shell:create_environment_hook('v4l2_camera', 'ld_library_path_lib')
[8.218s] INFO:colcon.colcon_core.shell:Creating environment hook '/home/ubuntu/ros2_ws/install/v4l2_camera/share/v4l2_camera/hook/ld_library_path_lib.ps1'
[8.219s] INFO:colcon.colcon_core.shell:Creating environment descriptor '/home/ubuntu/ros2_ws/install/v4l2_camera/share/v4l2_camera/hook/ld_library_path_lib.dsv'
[8.220s] INFO:colcon.colcon_core.shell:Creating environment hook '/home/ubuntu/ros2_ws/install/v4l2_camera/share/v4l2_camera/hook/ld_library_path_lib.sh'
[8.220s] Level 1:colcon.colcon_core.environment:checking '/home/ubuntu/ros2_ws/install/v4l2_camera/bin'
[8.221s] Level 1:colcon.colcon_core.environment:checking '/home/ubuntu/ros2_ws/install/v4l2_camera/lib/pkgconfig/v4l2_camera.pc'
[8.221s] Level 1:colcon.colcon_core.environment:checking '/home/ubuntu/ros2_ws/install/v4l2_camera/lib/python3.8/site-packages'
[8.221s] Level 1:colcon.colcon_core.environment:checking '/home/ubuntu/ros2_ws/install/v4l2_camera/bin'
[8.300s] INFO:colcon.colcon_core.shell:Creating package script '/home/ubuntu/ros2_ws/install/v4l2_camera/share/v4l2_camera/package.ps1'
[8.301s] INFO:colcon.colcon_core.shell:Creating package descriptor '/home/ubuntu/ros2_ws/install/v4l2_camera/share/v4l2_camera/package.dsv'
[8.302s] INFO:colcon.colcon_core.shell:Creating package script '/home/ubuntu/ros2_ws/install/v4l2_camera/share/v4l2_camera/package.sh'
[8.303s] INFO:colcon.colcon_core.shell:Creating package script '/home/ubuntu/ros2_ws/install/v4l2_camera/share/v4l2_camera/package.bash'
[8.304s] INFO:colcon.colcon_core.shell:Creating package script '/home/ubuntu/ros2_ws/install/v4l2_camera/share/v4l2_camera/package.zsh'
[8.305s] Level 1:colcon.colcon_core.environment:create_file_with_runtime_dependencies(/home/ubuntu/ros2_ws/install/v4l2_camera/share/colcon-core/packages/v4l2_camera)
[8.306s] DEBUG:colcon.colcon_parallel_executor.executor.parallel:closing loop
[8.306s] DEBUG:colcon.colcon_parallel_executor.executor.parallel:loop closed
[8.307s] DEBUG:colcon.colcon_parallel_executor.executor.parallel:run_until_complete finished with '0'
[8.307s] DEBUG:colcon.colcon_core.event_reactor:joining thread
[8.397s] INFO:colcon.colcon_core.plugin_system:Skipping extension 'colcon_notification.desktop_notification.terminal_notifier': Not used on non-Darwin systems
[8.397s] INFO:colcon.colcon_core.plugin_system:Skipping extension 'colcon_notification.desktop_notification.win32': Not used on non-Windows systems
[8.397s] INFO:colcon.colcon_notification.desktop_notification:Sending desktop notification using 'notify2'
[8.433s] DEBUG:colcon.colcon_core.event_reactor:joined thread
[8.515s] INFO:colcon.colcon_core.shell:Creating prefix script '/home/ubuntu/ros2_ws/install/local_setup.ps1'
[8.517s] INFO:colcon.colcon_core.shell:Creating prefix util module '/home/ubuntu/ros2_ws/install/_local_setup_util_ps1.py'
[8.520s] INFO:colcon.colcon_core.shell:Creating prefix chain script '/home/ubuntu/ros2_ws/install/setup.ps1'
[8.601s] INFO:colcon.colcon_core.shell:Creating prefix script '/home/ubuntu/ros2_ws/install/local_setup.sh'
[8.602s] INFO:colcon.colcon_core.shell:Creating prefix util module '/home/ubuntu/ros2_ws/install/_local_setup_util_sh.py'
[8.603s] INFO:colcon.colcon_core.shell:Creating prefix chain script '/home/ubuntu/ros2_ws/install/setup.sh'
[8.683s] INFO:colcon.colcon_core.shell:Creating prefix script '/home/ubuntu/ros2_ws/install/local_setup.bash'
[8.684s] INFO:colcon.colcon_core.shell:Creating prefix chain script '/home/ubuntu/ros2_ws/install/setup.bash'
[8.763s] INFO:colcon.colcon_core.shell:Creating prefix script '/home/ubuntu/ros2_ws/install/local_setup.zsh'
[8.764s] INFO:colcon.colcon_core.shell:Creating prefix chain script '/home/ubuntu/ros2_ws/install/setup.zsh'
